Building computational graph
Reading data
Training Neural Network
('Epoch 0 loss', 0.22960568301467138)
Train  Classification Accuracy: 63.0655725616%
('Valid Loss = ', 0.24181981)
Valid  Classification Accuracy: 60.741039808%
('Test Loss = ', 0.20432259)
Test  Classification Accuracy: 71.9254503757%
 
('Epoch 1 loss', 0.21533543452029125)
Train  Classification Accuracy: 66.674488088%
('Valid Loss = ', 0.23999822)
Valid  Classification Accuracy: 61.9724490826%
('Test Loss = ', 0.20332141)
Test  Classification Accuracy: 70.7866863816%
 
('Epoch 2 loss', 0.20855764858112313)
Train  Classification Accuracy: 68.1763127138%
('Valid Loss = ', 0.24400245)
Valid  Classification Accuracy: 62.8282039242%
('Test Loss = ', 0.20583376)
Test  Classification Accuracy: 70.5075590694%
 
('Epoch 3 loss', 0.20527853449007996)
Train  Classification Accuracy: 68.5222430049%
('Valid Loss = ', 0.23388323)
Valid  Classification Accuracy: 63.1520742181%
('Test Loss = ', 0.19075389)
Test  Classification Accuracy: 72.8673164549%
 
('Epoch 4 loss', 0.20128554141574762)
Train  Classification Accuracy: 69.2868428051%
('Valid Loss = ', 0.23075303)
Valid  Classification Accuracy: 63.6054048598%
('Test Loss = ', 0.19184248)
Test  Classification Accuracy: 72.8488337005%
 
('Epoch 5 loss', 0.19775863569032021)
Train  Classification Accuracy: 70.1620598495%
('Valid Loss = ', 0.23539437)
Valid  Classification Accuracy: 63.6984407708%
('Test Loss = ', 0.19168571)
Test  Classification Accuracy: 73.2916654093%
 
('Epoch 6 loss', 0.19510472537986123)
Train  Classification Accuracy: 70.5564829527%
('Valid Loss = ', 0.2356742)
Valid  Classification Accuracy: 63.2718798959%
('Test Loss = ', 0.18408729)
Test  Classification Accuracy: 73.9672289447%
 
('Epoch 7 loss', 0.19394629478221367)
Train  Classification Accuracy: 70.7978296673%
('Valid Loss = ', 0.23162481)
Valid  Classification Accuracy: 63.4526855342%
('Test Loss = ', 0.1897607)
Test  Classification Accuracy: 73.2875162196%
 
('Epoch 8 loss', 0.19046796620924958)
Train  Classification Accuracy: 71.5975141288%
('Valid Loss = ', 0.23574273)
Valid  Classification Accuracy: 63.5676638771%
('Test Loss = ', 0.18100318)
Test  Classification Accuracy: 73.6752768641%
 
('Epoch 9 loss', 0.1885107972306736)
Train  Classification Accuracy: 71.9904846823%
('Valid Loss = ', 0.23029497)
Valid  Classification Accuracy: 64.2263756808%
('Test Loss = ', 0.18703015)
Test  Classification Accuracy: 73.5749419113%
 
('Epoch 10 loss', 0.18662731855058218)
Train  Classification Accuracy: 72.3035650038%
('Valid Loss = ', 0.23735298)
Valid  Classification Accuracy: 63.8638867068%
('Test Loss = ', 0.19216265)
Test  Classification Accuracy: 73.2916654093%
 
('Epoch 11 loss', 0.18453513972915173)
Train  Classification Accuracy: 72.7943033237%
('Valid Loss = ', 0.23003376)
Valid  Classification Accuracy: 63.7993759572%
('Test Loss = ', 0.18552984)
Test  Classification Accuracy: 72.1547874106%
 
('Epoch 12 loss', 0.18266076707453485)
Train  Classification Accuracy: 73.0744219411%
('Valid Loss = ', 0.24459822)
Valid  Classification Accuracy: 63.153390764%
('Test Loss = ', 0.20576598)
Test  Classification Accuracy: 69.5128851203%
 
('Epoch 13 loss', 0.18193097035267822)
Train  Classification Accuracy: 73.3043717276%
('Valid Loss = ', 0.23033762)
Valid  Classification Accuracy: 63.9893974169%
('Test Loss = ', 0.18476227)
Test  Classification Accuracy: 71.5871028094%
 
('Epoch 14 loss', 0.17997095674326327)
Train  Classification Accuracy: 73.5145444916%
('Valid Loss = ', 0.23377681)
Valid  Classification Accuracy: 63.8919730196%
('Test Loss = ', 0.19578464)
Test  Classification Accuracy: 71.0805244576%
 
('Epoch 15 loss', 0.1787547549933545)
Train  Classification Accuracy: 73.8165630887%
('Valid Loss = ', 0.23725319)
Valid  Classification Accuracy: 62.8813046092%
('Test Loss = ', 0.19076256)
Test  Classification Accuracy: 70.5690425179%
 
('Epoch 16 loss', 0.17702530208681469)
Train  Classification Accuracy: 74.2089749692%
('Valid Loss = ', 0.23763813)
Valid  Classification Accuracy: 64.5212819646%
('Test Loss = ', 0.19449423)
Test  Classification Accuracy: 73.4534838106%
 
('Epoch 17 loss', 0.17555112894385003)
Train  Classification Accuracy: 74.3174692562%
('Valid Loss = ', 0.23569211)
Valid  Classification Accuracy: 62.7843190605%
('Test Loss = ', 0.18666311)
Test  Classification Accuracy: 70.5411297867%
 
('Epoch 18 loss', 0.17356855188620829)
Train  Classification Accuracy: 74.8637396673%
('Valid Loss = ', 0.2373859)
Valid  Classification Accuracy: 64.4343899346%
('Test Loss = ', 0.18432648)
Test  Classification Accuracy: 72.2136304656%
 
('Epoch 19 loss', 0.17409212520796871)
Train  Classification Accuracy: 74.6288735589%
('Valid Loss = ', 0.23334633)
Valid  Classification Accuracy: 63.558009207%
('Test Loss = ', 0.19055246)
Test  Classification Accuracy: 70.8447750385%
 
('Epoch 20 loss', 0.17162896521168758)
Train  Classification Accuracy: 75.3611820626%
('Valid Loss = ', 0.23693699)
Valid  Classification Accuracy: 64.1232462511%
('Test Loss = ', 0.18673584)
Test  Classification Accuracy: 72.2124988684%
 
('Epoch 21 loss', 0.1703585906275962)
Train  Classification Accuracy: 75.5353762886%
('Valid Loss = ', 0.24293134)
Valid  Classification Accuracy: 64.2500735071%
('Test Loss = ', 0.18074024)
Test  Classification Accuracy: 72.9461510607%
 
('Epoch 22 loss', 0.16921275104471531)
Train  Classification Accuracy: 75.9218662358%
('Valid Loss = ', 0.23213984)
Valid  Classification Accuracy: 64.3404763263%
('Test Loss = ', 0.1876923)
Test  Classification Accuracy: 71.8428437792%
 
('Epoch 23 loss', 0.16802611398990092)
Train  Classification Accuracy: 76.1065635133%
('Valid Loss = ', 0.23380122)
Valid  Classification Accuracy: 65.0522888151%
('Test Loss = ', 0.17991365)
Test  Classification Accuracy: 73.2811038354%
 
('Epoch 24 loss', 0.16665500943023709)
Train  Classification Accuracy: 76.4362922887%
('Valid Loss = ', 0.23580664)
Valid  Classification Accuracy: 64.5019726246%
('Test Loss = ', 0.1947228)
Test  Classification Accuracy: 71.6334982951%
 
('Epoch 25 loss', 0.16478571231602424)
Train  Classification Accuracy: 76.6840078751%
('Valid Loss = ', 0.23820417)
Valid  Classification Accuracy: 64.6296775779%
('Test Loss = ', 0.19113849)
Test  Classification Accuracy: 71.8394489876%
 
('Epoch 26 loss', 0.16483705382129879)
Train  Classification Accuracy: 76.7300425262%
('Valid Loss = ', 0.23417237)
Valid  Classification Accuracy: 64.1666922662%
('Test Loss = ', 0.18735784)
Test  Classification Accuracy: 70.9341712182%
 
('Epoch 27 loss', 0.16286471905056626)
Train  Classification Accuracy: 77.1610028403%
('Valid Loss = ', 0.24132586)
Valid  Classification Accuracy: 62.7483334723%
('Test Loss = ', 0.18995287)
Test  Classification Accuracy: 70.0503937958%
 
('Epoch 28 loss', 0.16170469702722776)
Train  Classification Accuracy: 77.2578767299%
('Valid Loss = ', 0.23200844)
Valid  Classification Accuracy: 65.3678209849%
('Test Loss = ', 0.1767645)
Test  Classification Accuracy: 74.1479072996%
 
('Epoch 29 loss', 0.16060190054376142)
Train  Classification Accuracy: 77.4359816666%
('Valid Loss = ', 0.23893678)
Valid  Classification Accuracy: 64.466425885%
('Test Loss = ', 0.18251154)
Test  Classification Accuracy: 73.2339539515%
 
('Epoch 30 loss', 0.15953499949165001)
Train  Classification Accuracy: 77.6341988295%
('Valid Loss = ', 0.23307072)
Valid  Classification Accuracy: 65.4362813722%
('Test Loss = ', 0.18278071)
Test  Classification Accuracy: 73.2105676092%
 
('Epoch 31 loss', 0.15853480244229265)
Train  Classification Accuracy: 77.8496231192%
('Valid Loss = ', 0.24268045)
Valid  Classification Accuracy: 63.5768796984%
('Test Loss = ', 0.19550072)
Test  Classification Accuracy: 70.1548779384%
 
('Epoch 32 loss', 0.15677243775165967)
Train  Classification Accuracy: 78.1240432726%
('Valid Loss = ', 0.24202353)
Valid  Classification Accuracy: 64.296152614%
('Test Loss = ', 0.19794627)
Test  Classification Accuracy: 70.6365611515%
 
('Epoch 33 loss', 0.15640009341625077)
Train  Classification Accuracy: 78.2584599845%
('Valid Loss = ', 0.24292451)
Valid  Classification Accuracy: 63.8581816746%
('Test Loss = ', 0.19026083)
Test  Classification Accuracy: 71.5271281572%
 
('Epoch 34 loss', 0.15575598654232589)
Train  Classification Accuracy: 78.2784604761%
('Valid Loss = ', 0.23887596)
Valid  Classification Accuracy: 65.0931017383%
('Test Loss = ', 0.18479012)
Test  Classification Accuracy: 73.1886900631%
 
('Epoch 35 loss', 0.1539813546394089)
Train  Classification Accuracy: 78.6040550717%
('Valid Loss = ', 0.23191577)
Valid  Classification Accuracy: 65.145324726%
('Test Loss = ', 0.17984828)
Test  Classification Accuracy: 73.2037780259%
 
('Epoch 36 loss', 0.15309787350053425)
Train  Classification Accuracy: 78.7896462259%
('Valid Loss = ', 0.239365)
Valid  Classification Accuracy: 64.7749364767%
('Test Loss = ', 0.1874194)
Test  Classification Accuracy: 71.4290563988%
 
('Epoch 37 loss', 0.1520788719728714)
Train  Classification Accuracy: 78.9915506303%
('Valid Loss = ', 0.24072084)
Valid  Classification Accuracy: 65.1655117633%
('Test Loss = ', 0.18440334)
Test  Classification Accuracy: 72.9665198105%
 
('Epoch 38 loss', 0.15130235699550476)
Train  Classification Accuracy: 79.2108856307%
('Valid Loss = ', 0.23678418)
Valid  Classification Accuracy: 65.0066485568%
('Test Loss = ', 0.18237287)
Test  Classification Accuracy: 72.6990856695%
 
('Epoch 39 loss', 0.15116664303738422)
Train  Classification Accuracy: 79.1930080963%
('Valid Loss = ', 0.25651801)
Valid  Classification Accuracy: 62.3423984833%
('Test Loss = ', 0.20757712)
Test  Classification Accuracy: 69.6332116238%
 
('Epoch 40 loss', 0.15026359489971597)
Train  Classification Accuracy: 79.3095472738%
('Valid Loss = ', 0.23363031)
Valid  Classification Accuracy: 65.0404399019%
('Test Loss = ', 0.18556719)
Test  Classification Accuracy: 71.7877727149%
 
('Epoch 41 loss', 0.1480466709323873)
Train  Classification Accuracy: 79.6925734487%
('Valid Loss = ', 0.23937729)
Valid  Classification Accuracy: 65.2392383343%
('Test Loss = ', 0.18955122)
Test  Classification Accuracy: 72.4576782643%
 
('Epoch 42 loss', 0.148057719706123)
Train  Classification Accuracy: 79.7158142435%
('Valid Loss = ', 0.24288133)
Valid  Classification Accuracy: 64.6489869179%
('Test Loss = ', 0.19145334)
Test  Classification Accuracy: 71.0812788557%
 
('Epoch 43 loss', 0.14713563239477812)
Train  Classification Accuracy: 79.872689608%
('Valid Loss = ', 0.24393262)
Valid  Classification Accuracy: 64.1570375962%
('Test Loss = ', 0.20121726)
Test  Classification Accuracy: 69.9972087269%
 
('Epoch 44 loss', 0.14659165328627793)
Train  Classification Accuracy: 79.9514624941%
('Valid Loss = ', 0.24023868)
Valid  Classification Accuracy: 64.8548069285%
('Test Loss = ', 0.18934484)
Test  Classification Accuracy: 71.9156431999%
 
('Epoch 45 loss', 0.14533688782262963)
Train  Classification Accuracy: 80.0912424663%
('Valid Loss = ', 0.2375225)
Valid  Classification Accuracy: 65.922086813%
('Test Loss = ', 0.18028848)
Test  Classification Accuracy: 73.6405745496%
 
('Epoch 46 loss', 0.14544444871038748)
Train  Classification Accuracy: 80.2028653218%
('Valid Loss = ', 0.2410111)
Valid  Classification Accuracy: 65.2826843493%
('Test Loss = ', 0.18979007)
Test  Classification Accuracy: 72.4505114819%
 
('Epoch 47 loss', 0.14413131445712921)
Train  Classification Accuracy: 80.3744896523%
('Valid Loss = ', 0.2432148)
Valid  Classification Accuracy: 65.4643676849%
('Test Loss = ', 0.17802134)
Test  Classification Accuracy: 74.0200368146%
 
('Epoch 48 loss', 0.14373135595031128)
Train  Classification Accuracy: 80.4665589545%
('Valid Loss = ', 0.23674248)
Valid  Classification Accuracy: 65.458223804%
('Test Loss = ', 0.18410754)
Test  Classification Accuracy: 72.6010139111%
 
('Epoch 49 loss', 0.14299224208792605)
Train  Classification Accuracy: 80.4922579103%
('Valid Loss = ', 0.2368596)
Valid  Classification Accuracy: 64.882015544%
('Test Loss = ', 0.18972126)
Test  Classification Accuracy: 71.2283864933%
 
('Epoch 50 loss', 0.14277473070839386)
Train  Classification Accuracy: 80.5648853938%
('Valid Loss = ', 0.24114844)
Valid  Classification Accuracy: 64.7788861144%
('Test Loss = ', 0.19289051)
Test  Classification Accuracy: 71.9160203989%
 
('Epoch 51 loss', 0.14184893961306588)
Train  Classification Accuracy: 80.6544965351%
('Valid Loss = ', 0.24498537)
Valid  Classification Accuracy: 62.7053263059%
('Test Loss = ', 0.19856034)
Test  Classification Accuracy: 68.7200126739%
 
('Epoch 52 loss', 0.14013488010163411)
Train  Classification Accuracy: 80.929587096%
('Valid Loss = ', 0.23902141)
Valid  Classification Accuracy: 64.9285334995%
('Test Loss = ', 0.19253075)
Test  Classification Accuracy: 70.9281360331%
 
('Epoch 53 loss', 0.14000988839107761)
Train  Classification Accuracy: 80.9508166681%
('Valid Loss = ', 0.24158411)
Valid  Classification Accuracy: 65.0127924378%
('Test Loss = ', 0.18983468)
Test  Classification Accuracy: 72.2083496786%
 
('Epoch 54 loss', 0.13986031399168336)
Train  Classification Accuracy: 81.0662384997%
('Valid Loss = ', 0.24127184)
Valid  Classification Accuracy: 64.7363177966%
('Test Loss = ', 0.19260843)
Test  Classification Accuracy: 70.7893267751%
 
('Epoch 55 loss', 0.13920532520954138)
Train  Classification Accuracy: 81.155849641%
('Valid Loss = ', 0.24474983)
Valid  Classification Accuracy: 63.4030956383%
('Test Loss = ', 0.19192068)
Test  Classification Accuracy: 70.1620447207%
 
('Epoch 56 loss', 0.13793212439825309)
Train  Classification Accuracy: 81.3582009837%
('Valid Loss = ', 0.24601831)
Valid  Classification Accuracy: 64.6950660248%
('Test Loss = ', 0.19248274)
Test  Classification Accuracy: 71.7696671595%
 
('Epoch 57 loss', 0.13730851555000542)
Train  Classification Accuracy: 81.4240126573%
('Valid Loss = ', 0.2448653)
Valid  Classification Accuracy: 65.3638713471%
('Test Loss = ', 0.19027531)
Test  Classification Accuracy: 72.172892966%
 
('Epoch 58 loss', 0.13699122168469388)
Train  Classification Accuracy: 81.4195432737%
('Valid Loss = ', 0.24563999)
Valid  Classification Accuracy: 63.7756781309%
('Test Loss = ', 0.200409)
Test  Classification Accuracy: 69.4883671807%
 
('Epoch 59 loss', 0.13634432767725577)
Train  Classification Accuracy: 81.5731783351%
('Valid Loss = ', 0.24656799)
Valid  Classification Accuracy: 64.9684687255%
('Test Loss = ', 0.19515888)
Test  Classification Accuracy: 71.8601949365%
 
('Epoch 60 loss', 0.13518044062254481)
Train  Classification Accuracy: 81.8018990411%
('Valid Loss = ', 0.24635011)
Valid  Classification Accuracy: 65.077742036%
('Test Loss = ', 0.19917002)
Test  Classification Accuracy: 71.3969944778%
 
('Epoch 61 loss', 0.13554213547953153)
Train  Classification Accuracy: 81.6801083379%
('Valid Loss = ', 0.24652946)
Valid  Classification Accuracy: 64.6441595829%
('Test Loss = ', 0.1936437)
Test  Classification Accuracy: 71.8779232928%
 
('Epoch 62 loss', 0.13455005195835171)
Train  Classification Accuracy: 81.8494979765%
('Valid Loss = ', 0.25137404)
Valid  Classification Accuracy: 64.4563323664%
('Test Loss = ', 0.20737235)
Test  Classification Accuracy: 70.3955309454%
 
('Epoch 63 loss', 0.13397890741662516)
Train  Classification Accuracy: 81.9672662345%
('Valid Loss = ', 0.24582723)
Valid  Classification Accuracy: 65.0615046364%
('Test Loss = ', 0.19323763)
Test  Classification Accuracy: 71.6402878783%
 
('Epoch 64 loss', 0.13415580567715887)
Train  Classification Accuracy: 81.9509529843%
('Valid Loss = ', 0.24511996)
Valid  Classification Accuracy: 65.4906986031%
('Test Loss = ', 0.18862994)
Test  Classification Accuracy: 72.9676514077%
 
('Epoch 65 loss', 0.13263607759376422)
Train  Classification Accuracy: 82.1636956439%
('Valid Loss = ', 0.24097663)
Valid  Classification Accuracy: 64.9539867204%
('Test Loss = ', 0.19157432)
Test  Classification Accuracy: 70.6897462205%
 
('Epoch 66 loss', 0.13241006259880897)
Train  Classification Accuracy: 82.1969925518%
('Valid Loss = ', 0.24690861)
Valid  Classification Accuracy: 65.9299860885%
('Test Loss = ', 0.1876501)
Test  Classification Accuracy: 73.9819397085%
 
('Epoch 67 loss', 0.13208012501493122)
Train  Classification Accuracy: 82.2251496685%
('Valid Loss = ', 0.24617505)
Valid  Classification Accuracy: 64.3654906986%
('Test Loss = ', 0.19501057)
Test  Classification Accuracy: 70.5396209904%
 
('Epoch 68 loss', 0.13147180102653114)
Train  Classification Accuracy: 82.2917434842%
('Valid Loss = ', 0.24295986)
Valid  Classification Accuracy: 65.3287634562%
('Test Loss = ', 0.19123887)
Test  Classification Accuracy: 71.7579739884%
 
('Epoch 69 loss', 0.13037258151724992)
Train  Classification Accuracy: 82.5430345774%
('Valid Loss = ', 0.24499689)
Valid  Classification Accuracy: 65.6903747329%
('Test Loss = ', 0.1960783)
Test  Classification Accuracy: 71.6474546607%
 
('Epoch 70 loss', 0.12987210969724355)
Train  Classification Accuracy: 82.5824768877%
('Valid Loss = ', 0.24729182)
Valid  Classification Accuracy: 65.668432301%
('Test Loss = ', 0.19682044)
Test  Classification Accuracy: 72.2988774556%
 
('Epoch 71 loss', 0.13010603895795086)
Train  Classification Accuracy: 82.55186161%
('Valid Loss = ', 0.2463799)
Valid  Classification Accuracy: 64.9272169536%
('Test Loss = ', 0.19153607)
Test  Classification Accuracy: 71.7647635716%
 
('Epoch 72 loss', 0.12905941559590062)
Train  Classification Accuracy: 82.7485144886%
('Valid Loss = ', 0.24805458)
Valid  Classification Accuracy: 65.4226770645%
('Test Loss = ', 0.19662635)
Test  Classification Accuracy: 72.2151392619%
 
('Epoch 73 loss', 0.12805666654569067)
Train  Classification Accuracy: 82.8306394124%
('Valid Loss = ', 0.24323282)
Valid  Classification Accuracy: 65.7096840729%
('Test Loss = ', 0.19105755)
Test  Classification Accuracy: 71.9688282688%
 
('Epoch 74 loss', 0.12810855397570392)
Train  Classification Accuracy: 82.8247174791%
('Valid Loss = ', 0.24810463)
Valid  Classification Accuracy: 64.6437207343%
('Test Loss = ', 0.19284309)
Test  Classification Accuracy: 71.5720148466%
 
('Epoch 75 loss', 0.12731809943264727)
Train  Classification Accuracy: 82.9694137733%
('Valid Loss = ', 0.24114871)
Valid  Classification Accuracy: 65.7781444602%
('Test Loss = ', 0.1863471)
Test  Classification Accuracy: 72.7405775672%
 
('Epoch 76 loss', 0.12711964655082408)
Train  Classification Accuracy: 82.9636035746%
('Valid Loss = ', 0.24852532)
Valid  Classification Accuracy: 64.3211669863%
('Test Loss = ', 0.20757289)
Test  Classification Accuracy: 69.9843839585%
 
('Epoch 77 loss', 0.12605807474617053)
Train  Classification Accuracy: 83.1074059921%
('Valid Loss = ', 0.24598387)
Valid  Classification Accuracy: 65.9501731258%
('Test Loss = ', 0.1910882)
Test  Classification Accuracy: 71.9974953982%
 
('Epoch 78 loss', 0.12627614467353246)
Train  Classification Accuracy: 83.1374625968%
('Valid Loss = ', 0.24255583)
Valid  Classification Accuracy: 65.2664469498%
('Test Loss = ', 0.19185592)
Test  Classification Accuracy: 71.9937234075%
 
('Epoch 79 loss', 0.12518877272851778)
Train  Classification Accuracy: 83.2388058701%
('Valid Loss = ', 0.24609812)
Valid  Classification Accuracy: 64.8934256086%
('Test Loss = ', 0.19263913)
Test  Classification Accuracy: 71.7877727149%
 
('Epoch 80 loss', 0.12510934042707378)
Train  Classification Accuracy: 83.2591415655%
('Valid Loss = ', 0.24572551)
Valid  Classification Accuracy: 64.9833895791%
('Test Loss = ', 0.19596194)
Test  Classification Accuracy: 71.0182866109%
 
('Epoch 81 loss', 0.12417765159957432)
Train  Classification Accuracy: 83.4047317364%
('Valid Loss = ', 0.24405301)
Valid  Classification Accuracy: 65.0114758919%
('Test Loss = ', 0.19122751)
Test  Classification Accuracy: 71.809273062%
 
('Epoch 82 loss', 0.12374142566544841)
Train  Classification Accuracy: 83.4559061787%
('Valid Loss = ', 0.24792838)
Valid  Classification Accuracy: 65.5078137%
('Test Loss = ', 0.19091339)
Test  Classification Accuracy: 72.4425903015%
 
('Epoch 83 loss', 0.12376930321425683)
Train  Classification Accuracy: 83.5507688457%
('Valid Loss = ', 0.24576129)
Valid  Classification Accuracy: 65.3213030294%
('Test Loss = ', 0.1935384)
Test  Classification Accuracy: 72.1589366004%
 
('Epoch 84 loss', 0.12304334808921867)
Train  Classification Accuracy: 83.6183682727%
('Valid Loss = ', 0.24242526)
Valid  Classification Accuracy: 65.6372740478%
('Test Loss = ', 0.19167504)
Test  Classification Accuracy: 72.2547451643%
 
('Epoch 85 loss', 0.12310986574416456)
Train  Classification Accuracy: 83.5803785121%
('Valid Loss = ', 0.24199045)
Valid  Classification Accuracy: 66.1358060991%
('Test Loss = ', 0.19124591)
Test  Classification Accuracy: 72.3486677329%
 
('Epoch 86 loss', 0.12244026101355182)
Train  Classification Accuracy: 83.7328962276%
('Valid Loss = ', 0.24498442)
Valid  Classification Accuracy: 65.912432143%
('Test Loss = ', 0.19672468)
Test  Classification Accuracy: 72.0054165787%
 
('Epoch 87 loss', 0.12209635685198529)
Train  Classification Accuracy: 83.6991523814%
('Valid Loss = ', 0.24366687)
Valid  Classification Accuracy: 65.7610293634%
('Test Loss = ', 0.19413859)
Test  Classification Accuracy: 71.6542442439%
 
('Epoch 88 loss', 0.12150717288455595)
Train  Classification Accuracy: 83.8223956343%
('Valid Loss = ', 0.24563529)
Valid  Classification Accuracy: 64.6116847838%
('Test Loss = ', 0.19704969)
Test  Classification Accuracy: 71.4158544313%
 
('Epoch 89 loss', 0.12122662520778453)
Train  Classification Accuracy: 83.8829557822%
('Valid Loss = ', 0.24516441)
Valid  Classification Accuracy: 65.3972238435%
('Test Loss = ', 0.19250311)
Test  Classification Accuracy: 72.1276290775%
 
('Epoch 90 loss', 0.1202792830769412)
Train  Classification Accuracy: 84.0193837167%
('Valid Loss = ', 0.25197947)
Valid  Classification Accuracy: 64.7064760893%
('Test Loss = ', 0.20391247)
Test  Classification Accuracy: 70.9673647364%
 
('Epoch 91 loss', 0.12000535960767841)
Train  Classification Accuracy: 84.0732397891%
('Valid Loss = ', 0.25074074)
Valid  Classification Accuracy: 65.0860801601%
('Test Loss = ', 0.1953087)
Test  Classification Accuracy: 72.1479978273%
 
('Epoch 92 loss', 0.1198586506416106)
Train  Classification Accuracy: 84.1713427593%
('Valid Loss = ', 0.24683377)
Valid  Classification Accuracy: 65.4454971936%
('Test Loss = ', 0.19346175)
Test  Classification Accuracy: 72.0619964392%
 
('Epoch 93 loss', 0.11947643683568401)
Train  Classification Accuracy: 84.1240790276%
('Valid Loss = ', 0.24650788)
Valid  Classification Accuracy: 65.9844033195%
('Test Loss = ', 0.1887379)
Test  Classification Accuracy: 73.2392347385%
 
('Epoch 94 loss', 0.11951123787711758)
Train  Classification Accuracy: 84.1054193511%
('Valid Loss = ', 0.24878271)
Valid  Classification Accuracy: 65.8703026739%
('Test Loss = ', 0.19420934)
Test  Classification Accuracy: 72.5225565044%
 
('Epoch 95 loss', 0.11886226419982063)
Train  Classification Accuracy: 84.2363722907%
('Valid Loss = ', 0.24963722)
Valid  Classification Accuracy: 64.6213394538%
('Test Loss = ', 0.20165731)
Test  Classification Accuracy: 70.2461601135%
 
('Epoch 96 loss', 0.11845488701788255)
Train  Classification Accuracy: 84.3000610071%
('Valid Loss = ', 0.26127487)
Valid  Classification Accuracy: 64.9649579364%
('Test Loss = ', 0.21662109)
Test  Classification Accuracy: 70.6293943692%
 
('Epoch 97 loss', 0.1178762182601675)
Train  Classification Accuracy: 84.3767109359%
('Valid Loss = ', 0.24436297)
Valid  Classification Accuracy: 66.1498492555%
('Test Loss = ', 0.18864577)
Test  Classification Accuracy: 73.1543649476%
 
('Epoch 98 loss', 0.11763480441439678)
Train  Classification Accuracy: 84.439394041%
('Valid Loss = ', 0.24827164)
Valid  Classification Accuracy: 65.4231159131%
('Test Loss = ', 0.19660515)
Test  Classification Accuracy: 72.1472434292%
 
('Epoch 99 loss', 0.11710158348200107)
Train  Classification Accuracy: 84.4826353273%
('Valid Loss = ', 0.24840182)
Valid  Classification Accuracy: 65.2756627712%
('Test Loss = ', 0.19694796)
Test  Classification Accuracy: 71.6376474848%
 
('Epoch 100 loss', 0.11689804067086614)
Train  Classification Accuracy: 84.5057643875%
('Valid Loss = ', 0.25136116)
Valid  Classification Accuracy: 65.4380367667%
('Test Loss = ', 0.19473395)
Test  Classification Accuracy: 72.3105706268%
 
('Epoch 101 loss', 0.11608780419913133)
Train  Classification Accuracy: 84.6093423525%
('Valid Loss = ', 0.25065789)
Valid  Classification Accuracy: 65.0496557232%
('Test Loss = ', 0.19949257)
Test  Classification Accuracy: 71.3815293159%
 
('Epoch 102 loss', 0.1156697820907468)
Train  Classification Accuracy: 84.6932550297%
('Valid Loss = ', 0.24580693)
Valid  Classification Accuracy: 65.6320078642%
('Test Loss = ', 0.19557238)
Test  Classification Accuracy: 71.7836235252%
 
('Epoch 103 loss', 0.11536248210690553)
Train  Classification Accuracy: 84.7591784379%
('Valid Loss = ', 0.25410047)
Valid  Classification Accuracy: 65.9422738503%
('Test Loss = ', 0.20322099)
Test  Classification Accuracy: 72.1476206283%
 
('Epoch 104 loss', 0.11445367727334969)
Train  Classification Accuracy: 84.8921426002%
('Valid Loss = ', 0.25000283)
Valid  Classification Accuracy: 65.4055619676%
('Test Loss = ', 0.20002283)
Test  Classification Accuracy: 71.6500950542%
 
('Epoch 105 loss', 0.11443905064252051)
Train  Classification Accuracy: 84.9112492151%
('Valid Loss = ', 0.25774086)
Valid  Classification Accuracy: 64.6726847443%
('Test Loss = ', 0.20423353)
Test  Classification Accuracy: 71.1699206373%
 
('Epoch 106 loss', 0.11419081961545549)
Train  Classification Accuracy: 84.9033160592%
('Valid Loss = ', 0.2481463)
Valid  Classification Accuracy: 66.2323527992%
('Test Loss = ', 0.19162613)
Test  Classification Accuracy: 73.5274148284%
 
('Epoch 107 loss', 0.11438033791845108)
Train  Classification Accuracy: 84.9263333847%
('Valid Loss = ', 0.25163013)
Valid  Classification Accuracy: 65.2322167561%
('Test Loss = ', 0.19783905)
Test  Classification Accuracy: 71.8496333625%
 
('Epoch 108 loss', 0.11384781607873884)
Train  Classification Accuracy: 84.9942680155%
('Valid Loss = ', 0.24993402)
Valid  Classification Accuracy: 65.9242810562%
('Test Loss = ', 0.19168688)
Test  Classification Accuracy: 73.1445577718%
 
('Epoch 109 loss', 0.11267596104662801)
Train  Classification Accuracy: 85.1760601937%
('Valid Loss = ', 0.24684076)
Valid  Classification Accuracy: 66.3999929784%
('Test Loss = ', 0.18925175)
Test  Classification Accuracy: 73.6009686472%
 
('Epoch 110 loss', 0.11264227073725007)
Train  Classification Accuracy: 85.1756132553%
('Valid Loss = ', 0.24947579)
Valid  Classification Accuracy: 65.6447344746%
('Test Loss = ', 0.20224138)
Test  Classification Accuracy: 71.2672379975%
 
('Epoch 111 loss', 0.11257156106664723)
Train  Classification Accuracy: 85.2324861617%
('Valid Loss = ', 0.25088921)
Valid  Classification Accuracy: 65.7658566984%
('Test Loss = ', 0.20034464)
Test  Classification Accuracy: 72.0917951658%
 
('Epoch 112 loss', 0.11247896977797642)
Train  Classification Accuracy: 85.1656688768%
('Valid Loss = ', 0.25780007)
Valid  Classification Accuracy: 64.2649943608%
('Test Loss = ', 0.20431839)
Test  Classification Accuracy: 70.8538278162%
 
('Epoch 113 loss', 0.11196767402601482)
Train  Classification Accuracy: 85.3091360905%
('Valid Loss = ', 0.25286517)
Valid  Classification Accuracy: 65.3910799626%
('Test Loss = ', 0.2024128)
Test  Classification Accuracy: 71.0118742267%
 
('Epoch 114 loss', 0.11117784309946938)
Train  Classification Accuracy: 85.3961773362%
('Valid Loss = ', 0.25575891)
Valid  Classification Accuracy: 64.8087278217%
('Test Loss = ', 0.20889698)
Test  Classification Accuracy: 70.8013971454%
 
('Epoch 115 loss', 0.11077454728644411)
Train  Classification Accuracy: 85.4638884978%
('Valid Loss = ', 0.25562367)
Valid  Classification Accuracy: 64.3826057954%
('Test Loss = ', 0.20196386)
Test  Classification Accuracy: 71.264597604%
 
('Epoch 116 loss', 0.11083956977353542)
Train  Classification Accuracy: 85.4474635131%
('Valid Loss = ', 0.25770369)
Valid  Classification Accuracy: 64.3913827682%
('Test Loss = ', 0.20677604)
Test  Classification Accuracy: 70.3065119648%
 
('Epoch 117 loss', 0.11004939657006602)
Train  Classification Accuracy: 85.5656787094%
('Valid Loss = ', 0.25152344)
Valid  Classification Accuracy: 65.9611443417%
('Test Loss = ', 0.19635254)
Test  Classification Accuracy: 72.8311053442%
 
('Epoch 118 loss', 0.10998617753994538)
Train  Classification Accuracy: 85.5826623671%
('Valid Loss = ', 0.25366655)
Valid  Classification Accuracy: 65.7610293634%
('Test Loss = ', 0.20034868)
Test  Classification Accuracy: 72.2724735206%
 
('Epoch 119 loss', 0.10966432393180252)
Train  Classification Accuracy: 85.5802042061%
('Valid Loss = ', 0.24757236)
Valid  Classification Accuracy: 65.9150652348%
('Test Loss = ', 0.19274174)
Test  Classification Accuracy: 72.5323636803%
 
('Epoch 120 loss', 0.10934083030469062)
Train  Classification Accuracy: 85.6781954417%
('Valid Loss = ', 0.24877347)
Valid  Classification Accuracy: 65.1203103538%
('Test Loss = ', 0.19651291)
Test  Classification Accuracy: 71.5818220224%
 
('Epoch 121 loss', 0.10930172777529067)
Train  Classification Accuracy: 85.6857933938%
('Valid Loss = ', 0.25474671)
Valid  Classification Accuracy: 65.9822090763%
('Test Loss = ', 0.20163199)
Test  Classification Accuracy: 72.2713419234%
 
('Epoch 122 loss', 0.10853044595829664)
Train  Classification Accuracy: 85.7788683074%
('Valid Loss = ', 0.25082111)
Valid  Classification Accuracy: 64.9811953359%
('Test Loss = ', 0.2012208)
Test  Classification Accuracy: 70.9360572136%
 
('Epoch 123 loss', 0.10866011712073347)
Train  Classification Accuracy: 85.7692591326%
('Valid Loss = ', 0.25092638)
Valid  Classification Accuracy: 65.5157129754%
('Test Loss = ', 0.19611315)
Test  Classification Accuracy: 72.4143003712%
 
('Epoch 124 loss', 0.10815555385333189)
Train  Classification Accuracy: 85.8923906509%
('Valid Loss = ', 0.25277236)
Valid  Classification Accuracy: 65.7360149911%
('Test Loss = ', 0.2019154)
Test  Classification Accuracy: 71.9220555841%
 
('Epoch 125 loss', 0.10776953433748061)
Train  Classification Accuracy: 85.8680325103%
('Valid Loss = ', 0.25311714)
Valid  Classification Accuracy: 65.9163817808%
('Test Loss = ', 0.19874808)
Test  Classification Accuracy: 72.4938893751%
 
('Epoch 126 loss', 0.10761676272694927)
Train  Classification Accuracy: 85.9155197111%
('Valid Loss = ', 0.2515133)
Valid  Classification Accuracy: 65.9883529572%
('Test Loss = ', 0.19707744)
Test  Classification Accuracy: 72.5425480552%
 
('Epoch 127 loss', 0.10722985810377933)
Train  Classification Accuracy: 86.0388746986%
('Valid Loss = ', 0.25105214)
Valid  Classification Accuracy: 65.8022811352%
('Test Loss = ', 0.20186327)
Test  Classification Accuracy: 71.9039500287%
 
('Epoch 128 loss', 0.10695861917574223)
Train  Classification Accuracy: 86.0937363823%
('Valid Loss = ', 0.26036969)
Valid  Classification Accuracy: 64.5204042674%
('Test Loss = ', 0.21125238)
Test  Classification Accuracy: 70.4936027038%
 
('Epoch 129 loss', 0.10667660932356982)
Train  Classification Accuracy: 86.10390423%
('Valid Loss = ', 0.25411627)
Valid  Classification Accuracy: 65.477533144%
('Test Loss = ', 0.20253639)
Test  Classification Accuracy: 71.7809831317%
 
('Epoch 130 loss', 0.10617501487723272)
Train  Classification Accuracy: 86.1489332699%
('Valid Loss = ', 0.25444496)
Valid  Classification Accuracy: 65.252842642%
('Test Loss = ', 0.20214105)
Test  Classification Accuracy: 71.4509339449%
 
('Epoch 131 loss', 0.10606154480031778)
Train  Classification Accuracy: 86.1603301981%
('Valid Loss = ', 0.25660679)
Valid  Classification Accuracy: 65.7588351202%
('Test Loss = ', 0.20494364)
Test  Classification Accuracy: 71.8594405383%
 
('Epoch 132 loss', 0.10560037236912681)
Train  Classification Accuracy: 86.2452484866%
('Valid Loss = ', 0.25621074)
Valid  Classification Accuracy: 65.6122596755%
('Test Loss = ', 0.20186463)
Test  Classification Accuracy: 72.3573433115%
 
('Epoch 133 loss', 0.10547513077051164)
Train  Classification Accuracy: 86.2851377352%
('Valid Loss = ', 0.25873813)
Valid  Classification Accuracy: 65.8694249766%
('Test Loss = ', 0.20346715)
Test  Classification Accuracy: 72.5240653007%
 
('Epoch 134 loss', 0.10492412657245302)
Train  Classification Accuracy: 86.3856988663%
('Valid Loss = ', 0.25812903)
Valid  Classification Accuracy: 65.0869578574%
('Test Loss = ', 0.2068211)
Test  Classification Accuracy: 71.1925525816%
 
('Epoch 135 loss', 0.10478539838595655)
Train  Classification Accuracy: 86.3681565357%
('Valid Loss = ', 0.25816438)
Valid  Classification Accuracy: 64.9636413904%
('Test Loss = ', 0.20679463)
Test  Classification Accuracy: 71.4298107969%
 
('Epoch 136 loss', 0.10481167833704466)
Train  Classification Accuracy: 86.3613407257%
('Valid Loss = ', 0.25365156)
Valid  Classification Accuracy: 65.8347559343%
('Test Loss = ', 0.19893907)
Test  Classification Accuracy: 72.6613657624%
 
('Epoch 137 loss', 0.10400238481978587)
Train  Classification Accuracy: 86.5121824224%
('Valid Loss = ', 0.25752908)
Valid  Classification Accuracy: 65.6864250951%
('Test Loss = ', 0.20528099)
Test  Classification Accuracy: 72.0061709768%
 
('Epoch 138 loss', 0.10428514023810675)
Train  Classification Accuracy: 86.4517340091%
('Valid Loss = ', 0.25794795)
Valid  Classification Accuracy: 65.4029288758%
('Test Loss = ', 0.20500804)
Test  Classification Accuracy: 71.9567578985%
 
('Epoch 139 loss', 0.10407765462469828)
Train  Classification Accuracy: 86.4996681483%
('Valid Loss = ', 0.25663739)
Valid  Classification Accuracy: 65.4077562108%
('Test Loss = ', 0.20548438)
Test  Classification Accuracy: 71.4633815142%
 
('Epoch 140 loss', 0.10351150175124457)
Train  Classification Accuracy: 86.6128552881%
('Valid Loss = ', 0.25913239)
Valid  Classification Accuracy: 65.4490079827%
('Test Loss = ', 0.20713763)
Test  Classification Accuracy: 71.7757023447%
 
('Epoch 141 loss', 0.10331075885913571)
Train  Classification Accuracy: 86.607156824%
('Valid Loss = ', 0.25785023)
Valid  Classification Accuracy: 65.7562020284%
('Test Loss = ', 0.20638618)
Test  Classification Accuracy: 71.6855517668%
 
('Epoch 142 loss', 0.10283736491449856)
Train  Classification Accuracy: 86.6787786962%
('Valid Loss = ', 0.2606132)
Valid  Classification Accuracy: 65.6429790801%
('Test Loss = ', 0.21304396)
Test  Classification Accuracy: 71.4539515375%
 
('Epoch 143 loss', 0.10237332852843622)
Train  Classification Accuracy: 86.7623561696%
('Valid Loss = ', 0.25543666)
Valid  Classification Accuracy: 65.2216843888%
('Test Loss = ', 0.20346725)
Test  Classification Accuracy: 71.6847973687%
 
('Epoch 144 loss', 0.10250681918999414)
Train  Classification Accuracy: 86.7100643815%
('Valid Loss = ', 0.2555733)
Valid  Classification Accuracy: 65.1927203788%
('Test Loss = ', 0.20923875)
Test  Classification Accuracy: 70.8511874227%
 
('Epoch 145 loss', 0.10209927345168464)
Train  Classification Accuracy: 86.8021336837%
('Valid Loss = ', 0.26597187)
Valid  Classification Accuracy: 64.7753753253%
('Test Loss = ', 0.21823911)
Test  Classification Accuracy: 70.4819095326%
 
('Epoch 146 loss', 0.10230968593968033)
Train  Classification Accuracy: 86.7886137983%
('Valid Loss = ', 0.25864246)
Valid  Classification Accuracy: 65.2273894211%
('Test Loss = ', 0.20945416)
Test  Classification Accuracy: 71.2419656598%
 
('Epoch 147 loss', 0.10211637891858166)
Train  Classification Accuracy: 86.7854852298%
('Valid Loss = ', 0.25721562)
Valid  Classification Accuracy: 65.5424827423%
('Test Loss = ', 0.20576568)
Test  Classification Accuracy: 71.8213434322%
 
('Epoch 148 loss', 0.10146921247143929)
Train  Classification Accuracy: 86.9145386814%
('Valid Loss = ', 0.25795409)
Valid  Classification Accuracy: 64.7429005262%
('Test Loss = ', 0.20685048)
Test  Classification Accuracy: 70.8836265427%
 
('Epoch 149 loss', 0.10129653658694965)
Train  Classification Accuracy: 86.9045943029%
('Valid Loss = ', 0.26050264)
Valid  Classification Accuracy: 65.3428066126%
('Test Loss = ', 0.2093311)
Test  Classification Accuracy: 71.4018980657%
 
('Epoch 150 loss', 0.1011431789376537)
Train  Classification Accuracy: 86.9562156835%
('Valid Loss = ', 0.2543954)
Valid  Classification Accuracy: 65.5170295213%
('Test Loss = ', 0.20440067)
Test  Classification Accuracy: 71.5044962129%
 
('Epoch 151 loss', 0.10056980747610847)
Train  Classification Accuracy: 87.0230329684%
('Valid Loss = ', 0.25721562)
Valid  Classification Accuracy: 64.9978715841%
('Test Loss = ', 0.2096469)
Test  Classification Accuracy: 70.9085216814%
 
('Epoch 152 loss', 0.10001947076094757)
Train  Classification Accuracy: 87.0954369828%
('Valid Loss = ', 0.25794011)
Valid  Classification Accuracy: 65.8202739293%
('Test Loss = ', 0.20308201)
Test  Classification Accuracy: 72.3875192372%
 
('Epoch 153 loss', 0.10071765338245085)
Train  Classification Accuracy: 87.0058258415%
('Valid Loss = ', 0.25774792)
Valid  Classification Accuracy: 65.9146263862%
('Test Loss = ', 0.20265462)
Test  Classification Accuracy: 72.450888681%
 
('Epoch 154 loss', 0.099841700399335098)
Train  Classification Accuracy: 87.1548797848%
('Valid Loss = ', 0.26140571)
Valid  Classification Accuracy: 65.6464898692%
('Test Loss = ', 0.20430592)
Test  Classification Accuracy: 72.3860104409%
 
('Epoch 155 loss', 0.099694732728618826)
Train  Classification Accuracy: 87.1487343823%
('Valid Loss = ', 0.26101032)
Valid  Classification Accuracy: 65.4046842703%
('Test Loss = ', 0.21524818)
Test  Classification Accuracy: 70.8938109176%
 
('Epoch 156 loss', 0.099362980172479534)
Train  Classification Accuracy: 87.1811374134%
('Valid Loss = ', 0.26739231)
Valid  Classification Accuracy: 64.3672460932%
('Test Loss = ', 0.21752973)
Test  Classification Accuracy: 70.4389088385%
 
('Epoch 157 loss', 0.099420904979951027)
Train  Classification Accuracy: 87.2292950218%
('Valid Loss = ', 0.25650132)
Valid  Classification Accuracy: 65.4810439331%
('Test Loss = ', 0.20807506)
Test  Classification Accuracy: 71.2661064003%
 
('Epoch 158 loss', 0.09909146120422975)
Train  Classification Accuracy: 87.2736536541%
('Valid Loss = ', 0.26233545)
Valid  Classification Accuracy: 65.5789071791%
('Test Loss = ', 0.21028055)
Test  Classification Accuracy: 71.7496756088%
 
('Epoch 159 loss', 0.099245759992209012)
Train  Classification Accuracy: 87.21342871%
('Valid Loss = ', 0.25886917)
Valid  Classification Accuracy: 65.2506483989%
('Test Loss = ', 0.20841737)
Test  Classification Accuracy: 70.9417151996%
 
('Epoch 160 loss', 0.098494911575747177)
Train  Classification Accuracy: 87.3271745227%
('Valid Loss = ', 0.26246595)
Valid  Classification Accuracy: 64.7845911467%
('Test Loss = ', 0.20920686)
Test  Classification Accuracy: 71.22159691%
 
('Epoch 161 loss', 0.09841511258204734)
Train  Classification Accuracy: 87.3209173857%
('Valid Loss = ', 0.25912589)
Valid  Classification Accuracy: 66.0475975231%
('Test Loss = ', 0.19961502)
Test  Classification Accuracy: 72.97481819%
 
('Epoch 162 loss', 0.098213660756158325)
Train  Classification Accuracy: 87.382706614%
('Valid Loss = ', 0.26289725)
Valid  Classification Accuracy: 65.3476339476%
('Test Loss = ', 0.20468788)
Test  Classification Accuracy: 72.2705875253%
 
('Epoch 163 loss', 0.09762570572639058)
Train  Classification Accuracy: 87.4743289779%
('Valid Loss = ', 0.26693839)
Valid  Classification Accuracy: 64.6630300743%
('Test Loss = ', 0.20777096)
Test  Classification Accuracy: 71.5954011889%
 
('Epoch 164 loss', 0.098045504904446357)
Train  Classification Accuracy: 87.4205846401%
('Valid Loss = ', 0.26527396)
Valid  Classification Accuracy: 64.8350587399%
('Test Loss = ', 0.21783331)
Test  Classification Accuracy: 70.1899574519%
 
('Epoch 165 loss', 0.097531004728152806)
Train  Classification Accuracy: 87.4758932622%
('Valid Loss = ', 0.25894761)
Valid  Classification Accuracy: 65.5631086282%
('Test Loss = ', 0.20923807)
Test  Classification Accuracy: 71.3215546637%
 
('Epoch 166 loss', 0.097675085746588952)
Train  Classification Accuracy: 87.4861728445%
('Valid Loss = ', 0.26798901)
Valid  Classification Accuracy: 63.9455125533%
('Test Loss = ', 0.22144113)
Test  Classification Accuracy: 69.5841757446%
 
('Epoch 167 loss', 0.097072104965594305)
Train  Classification Accuracy: 87.5694151141%
('Valid Loss = ', 0.26479951)
Valid  Classification Accuracy: 65.190087287%
('Test Loss = ', 0.21383311)
Test  Classification Accuracy: 71.2072633453%
 
('Epoch 168 loss', 0.096794351468944495)
Train  Classification Accuracy: 87.6173492533%
('Valid Loss = ', 0.26378128)
Valid  Classification Accuracy: 65.1523463042%
('Test Loss = ', 0.21277286)
Test  Classification Accuracy: 71.1552098736%
 
('Epoch 169 loss', 0.096821421827098519)
Train  Classification Accuracy: 87.5831584687%
('Valid Loss = ', 0.26364708)
Valid  Classification Accuracy: 65.3923965085%
('Test Loss = ', 0.21405184)
Test  Classification Accuracy: 70.9205920517%
 
('Epoch 170 loss', 0.096628866233910315)
Train  Classification Accuracy: 87.6204778218%
('Valid Loss = ', 0.26813734)
Valid  Classification Accuracy: 65.2225620861%
('Test Loss = ', 0.21573344)
Test  Classification Accuracy: 71.2276320951%
 
('Epoch 171 loss', 0.096455924104651369)
Train  Classification Accuracy: 87.6701997144%
('Valid Loss = ', 0.25928834)
Valid  Classification Accuracy: 65.5337057695%
('Test Loss = ', 0.2027135)
Test  Classification Accuracy: 72.4041159963%
 
('Epoch 172 loss', 0.096209865205027389)
Train  Classification Accuracy: 87.6990272387%
('Valid Loss = ', 0.26840207)
Valid  Classification Accuracy: 63.9490233424%
('Test Loss = ', 0.21362421)
Test  Classification Accuracy: 70.2710552521%
 
('Epoch 173 loss', 0.095909524677751309)
Train  Classification Accuracy: 87.7170165077%
('Valid Loss = ', 0.26674327)
Valid  Classification Accuracy: 65.1492743638%
('Test Loss = ', 0.21342884)
Test  Classification Accuracy: 71.3324934367%
 
('Epoch 174 loss', 0.095527674480148234)
Train  Classification Accuracy: 87.7575761639%
('Valid Loss = ', 0.27201983)
Valid  Classification Accuracy: 65.2725908307%
('Test Loss = ', 0.22125696)
Test  Classification Accuracy: 70.9481275838%
 
('Epoch 175 loss', 0.095652039765128885)
Train  Classification Accuracy: 87.7714312531%
('Valid Loss = ', 0.26676816)
Valid  Classification Accuracy: 64.4348287832%
('Test Loss = ', 0.21086958)
Test  Classification Accuracy: 71.0141374212%
 
('Epoch 176 loss', 0.095342650768009227)
Train  Classification Accuracy: 87.8110970326%
('Valid Loss = ', 0.26350152)
Valid  Classification Accuracy: 64.891670214%
('Test Loss = ', 0.21295787)
Test  Classification Accuracy: 70.7444400857%
 
('Epoch 177 loss', 0.095406972534034157)
Train  Classification Accuracy: 87.8247286525%
('Valid Loss = ', 0.26478326)
Valid  Classification Accuracy: 65.5301949804%
('Test Loss = ', 0.21651588)
Test  Classification Accuracy: 71.1529466791%
 
('Epoch 178 loss', 0.095378392056888417)
Train  Classification Accuracy: 87.8359021116%
('Valid Loss = ', 0.26302943)
Valid  Classification Accuracy: 65.4068785135%
('Test Loss = ', 0.21237165)
Test  Classification Accuracy: 71.1955701741%
 
('Epoch 179 loss', 0.094891422159049416)
Train  Classification Accuracy: 87.8926632833%
('Valid Loss = ', 0.26161158)
Valid  Classification Accuracy: 64.9662744823%
('Test Loss = ', 0.21172135)
Test  Classification Accuracy: 70.8674069827%
 
('Epoch 180 loss', 0.093979811542623193)
Train  Classification Accuracy: 88.0181412281%
('Valid Loss = ', 0.26668602)
Valid  Classification Accuracy: 65.2519649448%
('Test Loss = ', 0.21565042)
Test  Classification Accuracy: 71.0590241106%
 
('Epoch 181 loss', 0.093587572720212064)
Train  Classification Accuracy: 88.0969141141%
('Valid Loss = ', 0.2640985)
Valid  Classification Accuracy: 65.761468212%
('Test Loss = ', 0.21073036)
Test  Classification Accuracy: 71.5218473702%
 
('Epoch 182 loss', 0.09455753458052657)
Train  Classification Accuracy: 87.9376923232%
('Valid Loss = ', 0.26866964)
Valid  Classification Accuracy: 64.3571525745%
('Test Loss = ', 0.22145714)
Test  Classification Accuracy: 69.6241588461%
 
('Epoch 183 loss', 0.093895289193174566)
Train  Classification Accuracy: 88.0381417197%
('Valid Loss = ', 0.27001536)
Valid  Classification Accuracy: 64.3641741527%
('Test Loss = ', 0.22269543)
Test  Classification Accuracy: 69.9112073388%
 
('Epoch 184 loss', 0.093999442004621056)
Train  Classification Accuracy: 88.0182529626%
('Valid Loss = ', 0.26377606)
Valid  Classification Accuracy: 65.2563534311%
('Test Loss = ', 0.21186057)
Test  Classification Accuracy: 71.5135489906%
 
('Epoch 185 loss', 0.093569697096918869)
Train  Classification Accuracy: 88.099930948%
('Valid Loss = ', 0.26529834)
Valid  Classification Accuracy: 65.4876266627%
('Test Loss = ', 0.21575615)
Test  Classification Accuracy: 71.3521077884%
 
('Epoch 186 loss', 0.093418780726767445)
Train  Classification Accuracy: 88.1474181488%
('Valid Loss = ', 0.27218151)
Valid  Classification Accuracy: 64.2764044253%
('Test Loss = ', 0.22053866)
Test  Classification Accuracy: 70.286520414%
 
('Epoch 187 loss', 0.093141375706141186)
Train  Classification Accuracy: 88.1328926521%
('Valid Loss = ', 0.26310226)
Valid  Classification Accuracy: 65.8075473189%
('Test Loss = ', 0.21047947)
Test  Classification Accuracy: 71.9835390326%
 
('Epoch 188 loss', 0.093060864307415295)
Train  Classification Accuracy: 88.1924471886%
('Valid Loss = ', 0.2694467)
Valid  Classification Accuracy: 65.3722094712%
('Test Loss = ', 0.22007228)
Test  Classification Accuracy: 71.1861401974%
 
