88.5314680321
94.5062164806
95.1442894788
95.5177782063
95.7630810321
95.9491112682
96.0869378923
96.2094107733
96.3265276974
96.4040105405
96.4943476802
96.5718305232
96.6450286008
96.7128707215
96.7685726732
96.8185616042
96.8592668766
96.8974727025
96.93960623
96.9738843542
97.0110189887
97.0374417093
97.0617220473
97.0927865973
97.1202805093
97.148488549
97.1716976955
97.2045475645
97.2270425834
97.2448957731
97.2538223679
97.2713184938
97.2852439817
97.3116667024
97.319165042
97.3309481472
97.3505866558
97.3723675472
97.3895066093
97.4030750334
97.4116445644
97.4194999679
97.4241417972
97.4269983075
97.4566346023
97.4702030265
97.4784154937
97.4880562161
97.5019817041
97.5194778299
97.524476723
97.5323321265
97.5416157851
97.5494711885
97.5651819954
97.5769651006
97.5805357385
97.5930329713
97.6012454385
97.6112432247
97.6201698195
97.6305246695
97.6408795195
97.6465925402
97.6501631782
97.6637316023
97.6630174747
97.6719440695
97.6748005799
97.6801565368
97.6926537695
97.6965814712
97.7015803643
97.7047939385
97.7130064057
97.7180052988
97.7319307868
97.7330019781
97.7397861902
97.7422856368
97.7479986574
97.7572823161
97.7672801023
97.7687083574
97.7708507402
97.7679942298
97.7747784419
97.7744213781
97.7772778885
97.781562654
97.7890609936
97.7990587798
97.8008440988
97.8083424385
97.8129842678
97.8169119695
97.8215537988
97.8254815005
97.8261956281
97.8311945212
97.8322657126
97.8383357971
97.8404781798
97.8511900936
97.8594025609
97.8590454971
97.8665438367
97.872970985
97.8761845591
97.8822546436
97.8854682178
97.8901100471
97.8968942591
97.9001078333
97.9065349815
97.9072491091
97.9129621298
97.9147474488
97.9276017453
97.9254593626
97.933314766
97.9429554884
97.9458119988
97.954024466
97.9590233591
97.9600945505
97.9636651884
97.9658075712
97.9704494005
97.9768765488
97.9843748884
97.9908020367
97.9940156108
97.9997286315
98.0061557798
98.0065128436
98.0140111832
98.014368247
98.0182959488
98.0186530125
98.026508416
98.0257942884
98.0240089694
98.0261513522
98.0254372246
98.0272225436
98.0236519056
98.0307931815
98.0290078625
98.0297219901
98.0343638194
98.035077947
98.0354350108
98.0361491384
98.0429333505
98.0422192229
98.0436474781
98.0450757332
98.045432797
98.0436474781
98.0507887539
98.0511458177
98.0493604987
98.0475751798
98.0500746263
98.0515028815
98.0532882005
98.0540023281
98.0465039884
98.0493604987
98.0461469246
98.047218116
98.0432904143
98.0457898608
98.0375773936
98.0411480315
