90.0718412352
94.5087159272
95.1996343667
95.5809784976
95.8162835372
96.0169533889
96.1312138027
96.2508301733
96.3343831009
96.4247202405
96.4786368733
96.513629125
96.5643321836
96.6064657112
96.6514557491
96.7046582542
96.7442923353
96.7796416508
96.8224893059
96.8528397283
96.862123387
96.8685505352
96.8774771301
96.9263948697
96.9592447387
96.9588876749
96.9695995887
96.9938799266
97.01209018
97.0278009869
97.0492248145
97.0681491955
97.0777899179
97.086359449
97.1084974041
97.1145674886
97.1367054438
97.1584863352
97.1592004628
97.1784819076
97.1924073955
97.2181159886
97.2145453507
97.2131170955
97.2481093472
97.25025173
97.2666766645
97.2766744507
97.2895287472
97.2945276403
97.31238083
97.3148802765
97.33309053
97.3377323593
97.3498725282
97.352014911
97.370939292
97.3895066093
97.3852218437
97.3952196299
97.383079461
97.3920060558
97.3777235041
97.3873642265
97.4012897144
97.4352107748
97.4319972006
97.4112875006
97.4162863937
97.441637923
97.4480650713
97.4277124351
97.4584199213
97.4805578765
97.4773443023
97.4741307282
97.4719883454
97.4819861316
97.4748448558
97.483057323
97.4887703437
97.5116224265
97.522691404
97.5273332334
97.5255479144
97.5455434868
97.5401875299
97.5480429334
97.5491141247
97.5526847627
97.543401104
97.5398304661
97.5359027644
97.5369739558
97.5562554006
97.5701808885
97.5748227178
97.5873199506
97.5962465454
97.607315523
97.6008883747
97.598745992
97.6130285437
97.6269540316
97.6355235626
97.6401653919
97.6190986282
97.6123144161
97.615885054
97.6116002885
97.5919617799
97.6101720333
97.5891052695
97.6155279902
97.6326670523
97.6415936471
97.6651598575
97.6565903264
97.686583685
97.6805136006
97.6826559833
97.6726581971
97.6990809178
97.7144346609
97.7047939385
97.717648235
97.7165770437
97.7251465747
97.7244324471
97.7351443609
97.7340731695
97.7276460212
97.7265748299
97.7165770437
97.7372867436
97.7444280195
97.7440709557
97.7451421471
97.7440709557
97.7508551678
97.7558540609
97.7512122316
97.7583535074
97.7719219316
97.771207804
97.7579964436
97.7469274661
97.7512122316
97.7515692954
97.7644235919
97.7551399333
97.7801343988
97.8001299712
97.7887039298
97.7812055902
97.7715648678
97.7758496333
97.790132185
97.8015582264
97.7969163971
97.8051288643
97.8086995023
97.8154837143
97.8076283109
97.8226249902
97.8136983954
97.8172690333
97.8286950747
97.8083424385
97.8169119695
97.8097706936
97.8222679264
97.8397640522
97.829766266
97.8369075419
97.833336904
97.831551585
97.829766266
97.8226249902
97.8208396712
97.8097706936
97.8411923074
97.8279809471
97.8476194557
97.821196735
97.8340510316
97.8422634988
97.8319086488
97.8411923074
97.8501189022
97.854046604
97.8433346902
97.8508330298
97.8565460505
97.8619020074
97.8676150281
97.8704715384
97.8826117074
97.8858252815
97.8783269419
