82.5049453335
94.2891216945
95.206061515
95.6366804493
95.8923381251
96.1005063165
96.2465454078
96.3543786733
96.4686390871
96.5736158422
96.6353878784
96.7018017439
96.7542901215
96.8107062008
96.8521256008
96.8781912577
96.910326999
96.9374638473
96.9656718869
96.9867386507
97.0067342231
97.0331569438
97.05350958
97.0667209404
97.082788811
97.1006420007
97.1213517007
97.1349201248
97.1517021231
97.1624140369
97.179553099
97.1924073955
97.196692161
97.207047011
97.2156165421
97.2291849662
97.2370403696
97.2516799851
97.2688190472
97.279530961
97.2816733438
97.2895287472
97.2977412144
97.310595511
97.3234498075
97.3305910834
97.341660061
97.3505866558
97.3541572937
97.3655833351
97.3723675472
97.3780805679
97.3945055024
97.3995043955
97.4080739265
97.4159293299
97.424498861
97.4362819661
97.4377102213
97.4462797523
97.4509215816
97.4591340489
97.4702030265
97.472702473
97.4755589834
97.4805578765
97.4812720041
97.4887703437
97.4991251937
97.5034099592
97.5073376609
97.5091229799
97.5155501282
97.5212631489
97.5276902971
97.5309038713
97.5359027644
97.5423299127
97.546971742
97.5541130178
97.5598260385
97.5630396127
97.5691096971
97.5723232713
97.574465654
97.576250973
97.5801786747
97.5858916954
97.5908905885
97.5926759075
97.5976748006
97.6019595661
97.6058872678
97.609100842
97.6137426713
97.6148138626
97.6215980747
97.6208839471
97.6283822868
97.6290964144
97.6319529247
97.6333811799
97.6369518178
97.6408795195
97.6448072213
97.6494490506
97.6494490506
97.6544479437
97.655519135
97.6601609644
97.6637316023
97.665873985
97.6698016868
97.6740864523
97.6755147075
97.6801565368
97.6830130471
97.6862266212
97.6869407488
97.6897972592
97.6915825781
97.6947961523
97.6955102799
97.6965814712
97.6958673437
97.7001521092
97.7012233006
97.7026515557
97.7047939385
97.7097928316
97.7097928316
97.7094357678
97.7144346609
97.7169341074
97.7151487885
97.7140775971
97.7162199799
97.7155058523
97.7187194264
97.717648235
97.7190764902
97.7215759368
97.7233612557
97.7262177661
97.731573723
97.731573723
97.731573723
97.7333590419
97.7376438074
97.741928573
97.7440709557
97.7437138919
97.7479986574
97.7490698488
97.7497839764
97.7519263592
97.7533546143
97.7569252523
97.7597817626
97.7629953367
97.7619241454
97.7619241454
97.7669230385
97.7644235919
97.7647806557
97.7669230385
97.7665659747
97.7697795488
97.7719219316
97.7740643143
97.7762066971
97.7758496333
97.7794202712
97.7812055902
97.7833479729
97.7851332919
97.7829909092
97.7840621005
97.7858474195
97.7872756747
97.7887039298
97.7929886954
97.7929886954
97.7940598867
97.7962022695
97.7962022695
97.7979875885
97.7990587798
97.7983446523
97.7997729074
97.8015582264
97.8015582264
97.8051288643
97.8040576729
97.8047718005
97.8083424385
97.812627204
97.812627204
97.8136983954
97.8129842678
