Building computational graph
Reading data
Training Neural Network
('Epoch 0 loss', 0.24147105686753872)
Train  Classification Accuracy: 57.3031962797%
('Valid Loss = ', 0.23365784)
Valid  Classification Accuracy: 60.8854210094%
('Test Loss = ', 0.21665356)
Test  Classification Accuracy: 64.6326835451%
 
('Epoch 1 loss', 0.22488528491732393)
Train  Classification Accuracy: 63.5655848524%
('Valid Loss = ', 0.22586164)
Valid  Classification Accuracy: 62.5587508612%
('Test Loss = ', 0.20446774)
Test  Classification Accuracy: 68.8610851263%
 
('Epoch 2 loss', 0.21648043402418068)
Train  Classification Accuracy: 65.390769382%
('Valid Loss = ', 0.22078533)
Valid  Classification Accuracy: 63.8783687118%
('Test Loss = ', 0.20114185)
Test  Classification Accuracy: 69.1190892906%
 
('Epoch 3 loss', 0.20967765165781296)
Train  Classification Accuracy: 66.9518133407%
('Valid Loss = ', 0.21781386)
Valid  Classification Accuracy: 64.7652818067%
('Test Loss = ', 0.19627486)
Test  Classification Accuracy: 70.0737801382%
 
('Epoch 4 loss', 0.204474396999486)
Train  Classification Accuracy: 67.9224517251%
('Valid Loss = ', 0.21563593)
Valid  Classification Accuracy: 65.5495043205%
('Test Loss = ', 0.1931985)
Test  Classification Accuracy: 70.8670297836%
 
('Epoch 5 loss', 0.20032755607429864)
Train  Classification Accuracy: 68.7863835759%
('Valid Loss = ', 0.21428716)
Valid  Classification Accuracy: 66.1235183373%
('Test Loss = ', 0.19105946)
Test  Classification Accuracy: 70.9556715652%
 
('Epoch 6 loss', 0.19690294981902376)
Train  Classification Accuracy: 69.5198094255%
('Valid Loss = ', 0.21338214)
Valid  Classification Accuracy: 66.7466834014%
('Test Loss = ', 0.18878804)
Test  Classification Accuracy: 71.5399529256%
 
('Epoch 7 loss', 0.19359714703196051)
Train  Classification Accuracy: 70.1442940497%
('Valid Loss = ', 0.21218598)
Valid  Classification Accuracy: 67.1262874722%
('Test Loss = ', 0.18711685)
Test  Classification Accuracy: 71.7904131084%
 
('Epoch 8 loss', 0.19063611230315811)
Train  Classification Accuracy: 70.7563761344%
('Valid Loss = ', 0.21159235)
Valid  Classification Accuracy: 67.2649636414%
('Test Loss = ', 0.18456541)
Test  Classification Accuracy: 72.2720963216%
 
('Epoch 9 loss', 0.18796142181116085)
Train  Classification Accuracy: 71.301976138%
('Valid Loss = ', 0.21181412)
Valid  Classification Accuracy: 67.26540249%
('Test Loss = ', 0.18170284)
Test  Classification Accuracy: 72.6334530312%
 
('Epoch 10 loss', 0.18537098467516594)
Train  Classification Accuracy: 71.7896976239%
('Valid Loss = ', 0.21146679)
Valid  Classification Accuracy: 67.2724240682%
('Test Loss = ', 0.18000677)
Test  Classification Accuracy: 72.974440991%
 
('Epoch 11 loss', 0.18292213016845049)
Train  Classification Accuracy: 72.2837879814%
('Valid Loss = ', 0.21090433)
Valid  Classification Accuracy: 67.6050713348%
('Test Loss = ', 0.17914051)
Test  Classification Accuracy: 73.3388152932%
 
('Epoch 12 loss', 0.18055787320207656)
Train  Classification Accuracy: 72.7644701881%
('Valid Loss = ', 0.21055637)
Valid  Classification Accuracy: 67.8990999214%
('Test Loss = ', 0.17708182)
Test  Classification Accuracy: 73.6997948037%
 
('Epoch 13 loss', 0.17821230514879796)
Train  Classification Accuracy: 73.1880560193%
('Valid Loss = ', 0.21038514)
Valid  Classification Accuracy: 67.9706322492%
('Test Loss = ', 0.17489271)
Test  Classification Accuracy: 73.9445970005%
 
('Epoch 14 loss', 0.1757402641937145)
Train  Classification Accuracy: 73.650748957%
('Valid Loss = ', 0.20975098)
Valid  Classification Accuracy: 68.0158336588%
('Test Loss = ', 0.17334293)
Test  Classification Accuracy: 74.1275385497%
 
('Epoch 15 loss', 0.17333231719763603)
Train  Classification Accuracy: 74.111989345%
('Valid Loss = ', 0.20925918)
Valid  Classification Accuracy: 68.0500638525%
('Test Loss = ', 0.17154667)
Test  Classification Accuracy: 74.4311838016%
 
('Epoch 16 loss', 0.17094943561222115)
Train  Classification Accuracy: 74.5621680086%
('Valid Loss = ', 0.2094333)
Valid  Classification Accuracy: 68.1141357534%
('Test Loss = ', 0.1708536)
Test  Classification Accuracy: 74.5850810224%
 
('Epoch 17 loss', 0.1687087952557591)
Train  Classification Accuracy: 74.9868711857%
('Valid Loss = ', 0.20964068)
Valid  Classification Accuracy: 68.1163299966%
('Test Loss = ', 0.16970976)
Test  Classification Accuracy: 74.7800929419%
 
('Epoch 18 loss', 0.16659477769562223)
Train  Classification Accuracy: 75.3355948414%
('Valid Loss = ', 0.20983383)
Valid  Classification Accuracy: 68.0684954952%
('Test Loss = ', 0.16889751)
Test  Classification Accuracy: 74.8378043996%
 
('Epoch 19 loss', 0.16462071838826692)
Train  Classification Accuracy: 75.6857710469%
('Valid Loss = ', 0.20979251)
Valid  Classification Accuracy: 68.1567040712%
('Test Loss = ', 0.16853946)
Test  Classification Accuracy: 74.9668064818%
 
('Epoch 20 loss', 0.16282546319496438)
Train  Classification Accuracy: 76.0283493002%
('Valid Loss = ', 0.20980543)
Valid  Classification Accuracy: 68.2466680417%
('Test Loss = ', 0.16797173)
Test  Classification Accuracy: 75.0844925918%
 
('Epoch 21 loss', 0.16110430332187037)
Train  Classification Accuracy: 76.3304796319%
('Valid Loss = ', 0.21038808)
Valid  Classification Accuracy: 68.3673514168%
('Test Loss = ', 0.16711745)
Test  Classification Accuracy: 75.2455565949%
 
('Epoch 22 loss', 0.15951529892381175)
Train  Classification Accuracy: 76.6208778316%
('Valid Loss = ', 0.21048847)
Valid  Classification Accuracy: 68.4314233178%
('Test Loss = ', 0.16645928)
Test  Classification Accuracy: 75.331557983%
 
('Epoch 23 loss', 0.15800818825914181)
Train  Classification Accuracy: 76.8870296253%
('Valid Loss = ', 0.21071711)
Valid  Classification Accuracy: 68.388855%
('Test Loss = ', 0.16545537)
Test  Classification Accuracy: 75.5118591388%
 
('Epoch 24 loss', 0.15665327142059904)
Train  Classification Accuracy: 77.1236834872%
('Valid Loss = ', 0.21086055)
Valid  Classification Accuracy: 68.4037758537%
('Test Loss = ', 0.1662221)
Test  Classification Accuracy: 75.4152961767%
 
('Epoch 25 loss', 0.15542870268950321)
Train  Classification Accuracy: 77.3536332737%
('Valid Loss = ', 0.21103467)
Valid  Classification Accuracy: 68.3932434864%
('Test Loss = ', 0.16677529)
Test  Classification Accuracy: 75.3296719877%
 
('Epoch 26 loss', 0.15429481554541127)
Train  Classification Accuracy: 77.5622417534%
('Valid Loss = ', 0.21178256)
Valid  Classification Accuracy: 68.3484809254%
('Test Loss = ', 0.16712572)
Test  Classification Accuracy: 75.2810133076%
 
('Epoch 27 loss', 0.153261926835179)
Train  Classification Accuracy: 77.7314079229%
('Valid Loss = ', 0.21181506)
Valid  Classification Accuracy: 68.3800780273%
('Test Loss = ', 0.16721922)
Test  Classification Accuracy: 75.3134524277%
 
('Epoch 28 loss', 0.15228864331112821)
Train  Classification Accuracy: 77.8940934861%
('Valid Loss = ', 0.21159503)
Valid  Classification Accuracy: 68.3835888164%
('Test Loss = ', 0.16734542)
Test  Classification Accuracy: 75.2870484927%
 
('Epoch 29 loss', 0.15137773268278781)
Train  Classification Accuracy: 78.0539856846%
('Valid Loss = ', 0.21137241)
Valid  Classification Accuracy: 68.4406391392%
('Test Loss = ', 0.16769093)
Test  Classification Accuracy: 75.2014243037%
 
('Epoch 30 loss', 0.15055378755089155)
Train  Classification Accuracy: 78.1898549462%
('Valid Loss = ', 0.21130481)
Valid  Classification Accuracy: 68.4002650646%
('Test Loss = ', 0.16781589)
Test  Classification Accuracy: 75.149748031%
 
('Epoch 31 loss', 0.14976165911766856)
Train  Classification Accuracy: 78.3325400177%
('Valid Loss = ', 0.21133009)
Valid  Classification Accuracy: 68.4678477546%
('Test Loss = ', 0.16825768)
Test  Classification Accuracy: 75.0761942123%
 
('Epoch 32 loss', 0.14899094013810624)
Train  Classification Accuracy: 78.467403668%
('Valid Loss = ', 0.2114443)
Valid  Classification Accuracy: 68.4169413128%
('Test Loss = ', 0.16884185)
Test  Classification Accuracy: 74.9932104167%
 
('Epoch 33 loss', 0.14825952036411419)
Train  Classification Accuracy: 78.5948928354%
('Valid Loss = ', 0.21146967)
Valid  Classification Accuracy: 68.4586319333%
('Test Loss = ', 0.16921118)
Test  Classification Accuracy: 74.9207881952%
 
('Epoch 34 loss', 0.14757210529336989)
Train  Classification Accuracy: 78.6836100999%
('Valid Loss = ', 0.21152611)
Valid  Classification Accuracy: 68.4050923996%
('Test Loss = ', 0.16933402)
Test  Classification Accuracy: 74.924937385%
 
('Epoch 35 loss', 0.14691183768117008)
Train  Classification Accuracy: 78.7981380548%
('Valid Loss = ', 0.21193297)
Valid  Classification Accuracy: 68.3445312877%
('Test Loss = ', 0.16954733)
Test  Classification Accuracy: 74.9079634268%
 
('Epoch 36 loss', 0.14627259525341851)
Train  Classification Accuracy: 78.8835032816%
('Valid Loss = ', 0.21209915)
Valid  Classification Accuracy: 68.3866607568%
('Test Loss = ', 0.16971745)
Test  Classification Accuracy: 74.8898578714%
 
('Epoch 37 loss', 0.1456837824739978)
Train  Classification Accuracy: 78.9775838065%
('Valid Loss = ', 0.2126101)
Valid  Classification Accuracy: 68.3572578982%
('Test Loss = ', 0.16980825)
Test  Classification Accuracy: 74.8860858807%
 
('Epoch 38 loss', 0.14512532281435822)
Train  Classification Accuracy: 79.0652954598%
('Valid Loss = ', 0.21281902)
Valid  Classification Accuracy: 68.3796391787%
('Test Loss = ', 0.16955228)
Test  Classification Accuracy: 74.914375811%
 
('Epoch 39 loss', 0.14457991538499573)
Train  Classification Accuracy: 79.1625045532%
('Valid Loss = ', 0.21329021)
Valid  Classification Accuracy: 68.2966967863%
('Test Loss = ', 0.16978982)
Test  Classification Accuracy: 74.8528923625%
 
('Epoch 40 loss', 0.144052799780686)
Train  Classification Accuracy: 79.246528965%
('Valid Loss = ', 0.21335727)
Valid  Classification Accuracy: 68.2940636945%
('Test Loss = ', 0.16932717)
Test  Classification Accuracy: 74.9045686351%
 
('Epoch 41 loss', 0.14354059681121434)
Train  Classification Accuracy: 79.3259722585%
('Valid Loss = ', 0.21381663)
Valid  Classification Accuracy: 68.2444737985%
('Test Loss = ', 0.16927442)
Test  Classification Accuracy: 74.9064546305%
 
('Epoch 42 loss', 0.14303459907174443)
Train  Classification Accuracy: 79.375470682%
('Valid Loss = ', 0.21408902)
Valid  Classification Accuracy: 68.2313083394%
('Test Loss = ', 0.16907291)
Test  Classification Accuracy: 74.952095718%
 
('Epoch 43 loss', 0.14253352316749235)
Train  Classification Accuracy: 79.4532379567%
('Valid Loss = ', 0.21434218)
Valid  Classification Accuracy: 68.2216536694%
('Test Loss = ', 0.1690097)
Test  Classification Accuracy: 74.9958508102%
 
('Epoch 44 loss', 0.14206378305588041)
Train  Classification Accuracy: 79.5352511458%
('Valid Loss = ', 0.21483533)
Valid  Classification Accuracy: 68.1935673567%
('Test Loss = ', 0.16941495)
Test  Classification Accuracy: 74.8921210658%
 
('Epoch 45 loss', 0.14160431684929276)
Train  Classification Accuracy: 79.5884368107%
('Valid Loss = ', 0.21518487)
Valid  Classification Accuracy: 68.1667975898%
('Test Loss = ', 0.16993585)
Test  Classification Accuracy: 74.8200760433%
 
('Epoch 46 loss', 0.14116183388509718)
Train  Classification Accuracy: 79.6524607309%
('Valid Loss = ', 0.21543378)
Valid  Classification Accuracy: 68.1606537089%
('Test Loss = ', 0.17020476)
Test  Classification Accuracy: 74.791408914%
 
('Epoch 47 loss', 0.14074440622809481)
Train  Classification Accuracy: 79.716484651%
('Valid Loss = ', 0.21554732)
Valid  Classification Accuracy: 68.1224738775%
('Test Loss = ', 0.17019273)
Test  Classification Accuracy: 74.8494975708%
 
('Epoch 48 loss', 0.14034636337841069)
Train  Classification Accuracy: 79.8027437546%
('Valid Loss = ', 0.2156668)
Valid  Classification Accuracy: 68.1461717039%
('Test Loss = ', 0.17061172)
Test  Classification Accuracy: 74.8193216452%
 
('Epoch 49 loss', 0.13996757480720357)
Train  Classification Accuracy: 79.8573819692%
('Valid Loss = ', 0.21596928)
Valid  Classification Accuracy: 68.106236478%
('Test Loss = ', 0.17101793)
Test  Classification Accuracy: 74.7883913214%
 
('Epoch 50 loss', 0.1396088468138901)
Train  Classification Accuracy: 79.9100089611%
('Valid Loss = ', 0.21622136)
Valid  Classification Accuracy: 68.0623516143%
('Test Loss = ', 0.17115039)
Test  Classification Accuracy: 74.7555750023%
 
('Epoch 51 loss', 0.1392649997331831)
Train  Classification Accuracy: 79.9608481996%
('Valid Loss = ', 0.21615818)
Valid  Classification Accuracy: 68.0812221057%
('Test Loss = ', 0.17088352)
Test  Classification Accuracy: 74.7974440991%
 
('Epoch 52 loss', 0.13893660247459166)
Train  Classification Accuracy: 80.0255425273%
('Valid Loss = ', 0.21617618)
Valid  Classification Accuracy: 68.1049199321%
('Test Loss = ', 0.17083935)
Test  Classification Accuracy: 74.834409608%
 
('Epoch 53 loss', 0.13862288759083238)
Train  Classification Accuracy: 80.074147074%
('Valid Loss = ', 0.21609356)
Valid  Classification Accuracy: 68.0908767757%
('Test Loss = ', 0.17094281)
Test  Classification Accuracy: 74.8374272006%
 
('Epoch 54 loss', 0.13831847235602063)
Train  Classification Accuracy: 80.1214108056%
('Valid Loss = ', 0.21630034)
Valid  Classification Accuracy: 68.0491861552%
('Test Loss = ', 0.17122439)
Test  Classification Accuracy: 74.7989528954%
 
('Epoch 55 loss', 0.13800520133362462)
Train  Classification Accuracy: 80.1631995423%
('Valid Loss = ', 0.21624774)
Valid  Classification Accuracy: 68.1233515748%
('Test Loss = ', 0.17114778)
Test  Classification Accuracy: 74.8219620387%
 
('Epoch 56 loss', 0.13771391190617627)
Train  Classification Accuracy: 80.2046530753%
('Valid Loss = ', 0.21660523)
Valid  Classification Accuracy: 68.1286177584%
('Test Loss = ', 0.17128368)
Test  Classification Accuracy: 74.8200760433%
 
('Epoch 57 loss', 0.13743158267439246)
Train  Classification Accuracy: 80.2425311013%
('Valid Loss = ', 0.21685873)
Valid  Classification Accuracy: 68.0816609543%
('Test Loss = ', 0.17137592)
Test  Classification Accuracy: 74.7929177103%
 
('Epoch 58 loss', 0.13714869360373366)
Train  Classification Accuracy: 80.2826438192%
('Valid Loss = ', 0.21712887)
Valid  Classification Accuracy: 68.0597185225%
('Test Loss = ', 0.17184012)
Test  Classification Accuracy: 74.7412414376%
 
('Epoch 59 loss', 0.13687735373261523)
Train  Classification Accuracy: 80.3357177495%
('Valid Loss = ', 0.21744698)
Valid  Classification Accuracy: 68.0026681997%
('Test Loss = ', 0.17217991)
Test  Classification Accuracy: 74.7020127342%
 
('Epoch 60 loss', 0.13661268945260713)
Train  Classification Accuracy: 80.3682325152%
('Valid Loss = ', 0.21747141)
Valid  Classification Accuracy: 68.0171502047%
('Test Loss = ', 0.172453)
Test  Classification Accuracy: 74.6922055584%
 
('Epoch 61 loss', 0.13636565791487759)
Train  Classification Accuracy: 80.4121442091%
('Valid Loss = ', 0.21765162)
Valid  Classification Accuracy: 67.9965243188%
('Test Loss = ', 0.17236866)
Test  Classification Accuracy: 74.6937143547%
 
('Epoch 62 loss', 0.13611125494179077)
Train  Classification Accuracy: 80.4646594665%
('Valid Loss = ', 0.2178525)
Valid  Classification Accuracy: 68.0066178374%
('Test Loss = ', 0.17248186)
Test  Classification Accuracy: 74.6797579891%
 
('Epoch 63 loss', 0.13587954946907624)
Train  Classification Accuracy: 80.5045487152%
('Valid Loss = ', 0.21813136)
Valid  Classification Accuracy: 68.0171502047%
('Test Loss = ', 0.17258917)
Test  Classification Accuracy: 74.6737228039%
 
('Epoch 64 loss', 0.13563930660136389)
Train  Classification Accuracy: 80.5392981727%
('Valid Loss = ', 0.21840955)
Valid  Classification Accuracy: 67.9952077729%
('Test Loss = ', 0.17286824)
Test  Classification Accuracy: 74.6737228039%
 
('Epoch 65 loss', 0.13540516339779698)
Train  Classification Accuracy: 80.5804165019%
('Valid Loss = ', 0.21869123)
Valid  Classification Accuracy: 67.9710710979%
('Test Loss = ', 0.17324977)
Test  Classification Accuracy: 74.6390204895%
 
('Epoch 66 loss', 0.13516156262129361)
Train  Classification Accuracy: 80.6249986033%
('Valid Loss = ', 0.21864972)
Valid  Classification Accuracy: 67.9675603088%
('Test Loss = ', 0.17321235)
Test  Classification Accuracy: 74.6439240774%
 
('Epoch 67 loss', 0.13493229730326481)
Train  Classification Accuracy: 80.6544965351%
('Valid Loss = ', 0.21862604)
Valid  Classification Accuracy: 67.9614164279%
('Test Loss = ', 0.17320153)
Test  Classification Accuracy: 74.6544856513%
 
('Epoch 68 loss', 0.13470688310663684)
Train  Classification Accuracy: 80.6918158882%
('Valid Loss = ', 0.21854031)
Valid  Classification Accuracy: 67.9807257679%
('Test Loss = ', 0.17320174)
Test  Classification Accuracy: 74.6510908597%
 
('Epoch 69 loss', 0.134485683506464)
Train  Classification Accuracy: 80.7130454603%
('Valid Loss = ', 0.21861453)
Valid  Classification Accuracy: 68.0149559615%
('Test Loss = ', 0.17306972)
Test  Classification Accuracy: 74.6627840309%
 
('Epoch 70 loss', 0.13426323748121322)
Train  Classification Accuracy: 80.75539287%
('Valid Loss = ', 0.21861832)
Valid  Classification Accuracy: 68.0342653016%
('Test Loss = ', 0.17301552)
Test  Classification Accuracy: 74.6695736142%
 
('Epoch 71 loss', 0.13404009960146174)
Train  Classification Accuracy: 80.7907010005%
('Valid Loss = ', 0.21872565)
Valid  Classification Accuracy: 67.989063892%
('Test Loss = ', 0.17296551)
Test  Classification Accuracy: 74.6646700263%
 
('Epoch 72 loss', 0.13382170242327696)
Train  Classification Accuracy: 80.8276851498%
('Valid Loss = ', 0.21872826)
Valid  Classification Accuracy: 68.0158336588%
('Test Loss = ', 0.17280288)
Test  Classification Accuracy: 74.6729684058%
 
('Epoch 73 loss', 0.13359696552565539)
Train  Classification Accuracy: 80.8569596124%
('Valid Loss = ', 0.21854113)
Valid  Classification Accuracy: 68.0360206961%
('Test Loss = ', 0.17279062)
Test  Classification Accuracy: 74.6624068318%
 
('Epoch 74 loss', 0.1333738822987654)
Train  Classification Accuracy: 80.8928264158%
('Valid Loss = ', 0.2184197)
Valid  Classification Accuracy: 68.0526969443%
('Test Loss = ', 0.1731296)
Test  Classification Accuracy: 74.6261957211%
 
('Epoch 75 loss', 0.1331453494906692)
Train  Classification Accuracy: 80.9318217878%
('Valid Loss = ', 0.21866052)
Valid  Classification Accuracy: 67.9934523783%
('Test Loss = ', 0.17369139)
Test  Classification Accuracy: 74.5571682911%
 
('Epoch 76 loss', 0.13293256096296166)
Train  Classification Accuracy: 80.9794207232%
('Valid Loss = ', 0.21875308)
Valid  Classification Accuracy: 68.0074955347%
('Test Loss = ', 0.17389174)
Test  Classification Accuracy: 74.5054920185%
 
('Epoch 77 loss', 0.13273902665126117)
Train  Classification Accuracy: 80.9932758124%
('Valid Loss = ', 0.21899796)
Valid  Classification Accuracy: 67.9789703733%
('Test Loss = ', 0.17386118)
Test  Classification Accuracy: 74.540194333%
 
('Epoch 78 loss', 0.13254666639530438)
Train  Classification Accuracy: 81.0074661053%
('Valid Loss = ', 0.21920075)
Valid  Classification Accuracy: 67.9943300756%
('Test Loss = ', 0.17427449)
Test  Classification Accuracy: 74.5024744259%
 
('Epoch 79 loss', 0.13236357093423756)
Train  Classification Accuracy: 81.0464614773%
('Valid Loss = ', 0.21933013)
Valid  Classification Accuracy: 68.0246106315%
('Test Loss = ', 0.174586)
Test  Classification Accuracy: 74.4560789402%
 
('Epoch 80 loss', 0.13217412739942166)
Train  Classification Accuracy: 81.0664619689%
('Valid Loss = ', 0.21943858)
Valid  Classification Accuracy: 68.0254883288%
('Test Loss = ', 0.17485015)
Test  Classification Accuracy: 74.4206222276%
 
('Epoch 81 loss', 0.13198649956151851)
Train  Classification Accuracy: 81.1084741748%
('Valid Loss = ', 0.21950071)
Valid  Classification Accuracy: 68.0263660261%
('Test Loss = ', 0.17494461)
Test  Classification Accuracy: 74.4006306768%
 
('Epoch 82 loss', 0.13180445227511706)
Train  Classification Accuracy: 81.1347318035%
('Valid Loss = ', 0.2195498)
Valid  Classification Accuracy: 68.0272437234%
('Test Loss = ', 0.17507224)
Test  Classification Accuracy: 74.380261927%
 
('Epoch 83 loss', 0.13162059376881469)
Train  Classification Accuracy: 81.1685873843%
('Valid Loss = ', 0.21938221)
Valid  Classification Accuracy: 68.0526969443%
('Test Loss = ', 0.175299)
Test  Classification Accuracy: 74.3331120432%
 
('Epoch 84 loss', 0.1314411576589504)
Train  Classification Accuracy: 81.1940628708%
('Valid Loss = ', 0.21951853)
Valid  Classification Accuracy: 68.0175890534%
('Test Loss = ', 0.1755366)
Test  Classification Accuracy: 74.2942605389%
 
('Epoch 85 loss', 0.1312634569055012)
Train  Classification Accuracy: 81.220990907%
('Valid Loss = ', 0.21947066)
Valid  Classification Accuracy: 68.0632293116%
('Test Loss = ', 0.17580548)
Test  Classification Accuracy: 74.2818129696%
 
('Epoch 86 loss', 0.13108455419307183)
Train  Classification Accuracy: 81.2587571985%
('Valid Loss = ', 0.21953483)
Valid  Classification Accuracy: 68.0377760906%
('Test Loss = ', 0.17574789)
Test  Classification Accuracy: 74.278795377%
 
('Epoch 87 loss', 0.13090548650171585)
Train  Classification Accuracy: 81.2881433957%
('Valid Loss = ', 0.21961227)
Valid  Classification Accuracy: 68.0215386911%
('Test Loss = ', 0.17578027)
Test  Classification Accuracy: 74.267856604%
 
('Epoch 88 loss', 0.13073165440289516)
Train  Classification Accuracy: 81.3224459149%
('Valid Loss = ', 0.21980642)
Valid  Classification Accuracy: 67.9978408647%
('Test Loss = ', 0.17614192)
Test  Classification Accuracy: 74.2173119285%
 
('Epoch 89 loss', 0.13057024544963897)
Train  Classification Accuracy: 81.3413290606%
('Valid Loss = ', 0.21967922)
Valid  Classification Accuracy: 68.0588408252%
('Test Loss = ', 0.17613797)
Test  Classification Accuracy: 74.2112767434%
 
('Epoch 90 loss', 0.13040990498627011)
Train  Classification Accuracy: 81.3746259685%
('Valid Loss = ', 0.21977945)
Valid  Classification Accuracy: 68.0364595447%
('Test Loss = ', 0.17632407)
Test  Classification Accuracy: 74.187890401%
 
('Epoch 91 loss', 0.13027202458339007)
Train  Classification Accuracy: 81.384011674%
('Valid Loss = ', 0.2197379)
Valid  Classification Accuracy: 68.0474307607%
('Test Loss = ', 0.1764819)
Test  Classification Accuracy: 74.1629952624%
 
('Epoch 92 loss', 0.13011745626264073)
Train  Classification Accuracy: 81.4036769619%
('Valid Loss = ', 0.21961299)
Valid  Classification Accuracy: 68.0347041502%
('Test Loss = ', 0.17644787)
Test  Classification Accuracy: 74.1712936419%
 
('Epoch 93 loss', 0.12996807749825126)
Train  Classification Accuracy: 81.4328396899%
('Valid Loss = ', 0.21966672)
Valid  Classification Accuracy: 68.0456753661%
('Test Loss = ', 0.17646897)
Test  Classification Accuracy: 74.1479072996%
 
('Epoch 94 loss', 0.1298254886741009)
Train  Classification Accuracy: 81.4699355738%
('Valid Loss = ', 0.21967968)
Valid  Classification Accuracy: 68.0500638525%
('Test Loss = ', 0.17659527)
Test  Classification Accuracy: 74.1422493135%
 
('Epoch 95 loss', 0.12967693882324363)
Train  Classification Accuracy: 81.4944054491%
('Valid Loss = ', 0.21971123)
Valid  Classification Accuracy: 68.0456753661%
('Test Loss = ', 0.17669681)
Test  Classification Accuracy: 74.1467757023%
 
('Epoch 96 loss', 0.12954178944754827)
Train  Classification Accuracy: 81.5146294099%
('Valid Loss = ', 0.21969828)
Valid  Classification Accuracy: 68.0487473066%
('Test Loss = ', 0.17678688)
Test  Classification Accuracy: 74.1173541748%
 
('Epoch 97 loss', 0.12940427472282881)
Train  Classification Accuracy: 81.540775304%
('Valid Loss = ', 0.21984975)
Valid  Classification Accuracy: 68.0289991179%
('Test Loss = ', 0.17702453)
Test  Classification Accuracy: 74.0932134343%
 
('Epoch 98 loss', 0.12927846273208476)
Train  Classification Accuracy: 81.5559712082%
('Valid Loss = ', 0.21994527)
Valid  Classification Accuracy: 67.9851142542%
('Test Loss = ', 0.1766791)
Test  Classification Accuracy: 74.1467757023%
 
('Epoch 99 loss', 0.12913968161689696)
Train  Classification Accuracy: 81.5813349602%
('Valid Loss = ', 0.21989773)
Valid  Classification Accuracy: 68.0241717829%
('Test Loss = ', 0.17659871)
Test  Classification Accuracy: 74.1497932949%
 
('Epoch 100 loss', 0.12901556109535819)
Train  Classification Accuracy: 81.586027813%
('Valid Loss = ', 0.21991867)
Valid  Classification Accuracy: 68.0254883288%
('Test Loss = ', 0.17681584)
Test  Classification Accuracy: 74.1347053321%
 
('Epoch 101 loss', 0.12888817485815457)
Train  Classification Accuracy: 81.6148553372%
('Valid Loss = ', 0.21995391)
Valid  Classification Accuracy: 68.032509907%
('Test Loss = ', 0.17671914)
Test  Classification Accuracy: 74.1271613507%
 
('Epoch 102 loss', 0.12875552672024476)
Train  Classification Accuracy: 81.6322859333%
('Valid Loss = ', 0.2201459)
Valid  Classification Accuracy: 68.0017905024%
('Test Loss = ', 0.17689289)
Test  Classification Accuracy: 74.1256525544%
 
('Epoch 103 loss', 0.12863680653278223)
Train  Classification Accuracy: 81.644911942%
('Valid Loss = ', 0.220129)
Valid  Classification Accuracy: 68.0193444479%
('Test Loss = ', 0.17681287)
Test  Classification Accuracy: 74.1392317209%
 
('Epoch 104 loss', 0.12851776541645399)
Train  Classification Accuracy: 81.662342538%
('Valid Loss = ', 0.22026707)
Valid  Classification Accuracy: 67.9934523783%
('Test Loss = ', 0.17681065)
Test  Classification Accuracy: 74.1482844986%
 
('Epoch 105 loss', 0.12839460901420433)
Train  Classification Accuracy: 81.6839073139%
('Valid Loss = ', 0.22024883)
Valid  Classification Accuracy: 68.0092509293%
('Test Loss = ', 0.17696251)
Test  Classification Accuracy: 74.1298017442%
 
('Epoch 106 loss', 0.12827662324825434)
Train  Classification Accuracy: 81.6985445452%
('Valid Loss = ', 0.22037692)
Valid  Classification Accuracy: 68.0079343834%
('Test Loss = ', 0.1770568)
Test  Classification Accuracy: 74.1418721144%
 
('Epoch 107 loss', 0.12816944497633806)
Train  Classification Accuracy: 81.7198858519%
('Valid Loss = ', 0.22051258)
Valid  Classification Accuracy: 68.0039847456%
('Test Loss = ', 0.17714889)
Test  Classification Accuracy: 74.107546999%
 
('Epoch 108 loss', 0.1280630426934273)
Train  Classification Accuracy: 81.7364225713%
('Valid Loss = ', 0.22064596)
Valid  Classification Accuracy: 67.9574667901%
('Test Loss = ', 0.17717639)
Test  Classification Accuracy: 74.1463985033%
 
('Epoch 109 loss', 0.12796055555526872)
Train  Classification Accuracy: 81.7651383609%
('Valid Loss = ', 0.22084425)
Valid  Classification Accuracy: 67.9658049142%
('Test Loss = ', 0.17724252)
Test  Classification Accuracy: 74.1618636652%
 
('Epoch 110 loss', 0.12786005246632587)
Train  Classification Accuracy: 81.7787699809%
('Valid Loss = ', 0.22093251)
Valid  Classification Accuracy: 67.9719487951%
('Test Loss = ', 0.17718427)
Test  Classification Accuracy: 74.2112767434%
 
('Epoch 111 loss', 0.12776915482497869)
Train  Classification Accuracy: 81.789384767%
('Valid Loss = ', 0.22098328)
Valid  Classification Accuracy: 67.953956001%
('Test Loss = ', 0.17717794)
Test  Classification Accuracy: 74.209013549%
 
('Epoch 112 loss', 0.12766683655137653)
Train  Classification Accuracy: 81.8110612775%
('Valid Loss = ', 0.22098944)
Valid  Classification Accuracy: 67.9464955742%
('Test Loss = ', 0.17723744)
Test  Classification Accuracy: 74.1992063732%
 
('Epoch 113 loss', 0.12757574333332983)
Train  Classification Accuracy: 81.8239107553%
('Valid Loss = ', 0.2211469)
Valid  Classification Accuracy: 67.9241142937%
('Test Loss = ', 0.17715116)
Test  Classification Accuracy: 74.1992063732%
 
('Epoch 114 loss', 0.12748091325138852)
Train  Classification Accuracy: 81.8405592093%
('Valid Loss = ', 0.22115469)
Valid  Classification Accuracy: 67.9464955742%
('Test Loss = ', 0.17706391)
Test  Classification Accuracy: 74.1992063732%
 
('Epoch 115 loss', 0.12738512599264995)
Train  Classification Accuracy: 81.8517326683%
('Valid Loss = ', 0.2211635)
Valid  Classification Accuracy: 67.9364020556%
('Test Loss = ', 0.17714886)
Test  Classification Accuracy: 74.1860044057%
 
('Epoch 116 loss', 0.12729119178367901)
Train  Classification Accuracy: 81.8722918329%
('Valid Loss = ', 0.22113329)
Valid  Classification Accuracy: 67.924991991%
('Test Loss = ', 0.17715013)
Test  Classification Accuracy: 74.1912851927%
 
('Epoch 117 loss', 0.1272053563558169)
Train  Classification Accuracy: 81.880448458%
('Valid Loss = ', 0.22122672)
Valid  Classification Accuracy: 67.9096322887%
('Test Loss = ', 0.17704104)
Test  Classification Accuracy: 74.2112767434%
 
('Epoch 118 loss', 0.12711359891580296)
Train  Classification Accuracy: 81.8985494616%
('Valid Loss = ', 0.22140242)
Valid  Classification Accuracy: 67.8833013705%
('Test Loss = ', 0.1770359)
Test  Classification Accuracy: 74.2101451462%
 
('Epoch 119 loss', 0.12702354823763373)
Train  Classification Accuracy: 81.9178795456%
('Valid Loss = ', 0.22146657)
Valid  Classification Accuracy: 67.8859344623%
('Test Loss = ', 0.17700532)
Test  Classification Accuracy: 74.2267419053%
 
('Epoch 120 loss', 0.12693136146259815)
Train  Classification Accuracy: 81.9397795253%
('Valid Loss = ', 0.22165652)
Valid  Classification Accuracy: 67.8552150578%
('Test Loss = ', 0.17698486)
Test  Classification Accuracy: 74.2320226923%
 
('Epoch 121 loss', 0.12684256561379514)
Train  Classification Accuracy: 81.9532994107%
('Valid Loss = ', 0.22175029)
Valid  Classification Accuracy: 67.8280064423%
('Test Loss = ', 0.17684451)
Test  Classification Accuracy: 74.2508826458%
 
('Epoch 122 loss', 0.12675769012390134)
Train  Classification Accuracy: 81.9530759415%
('Valid Loss = ', 0.22183454)
Valid  Classification Accuracy: 67.8288841396%
('Test Loss = ', 0.1766872)
Test  Classification Accuracy: 74.2603126226%
 
('Epoch 123 loss', 0.12667497783033058)
Train  Classification Accuracy: 81.9667075615%
('Valid Loss = ', 0.22187981)
Valid  Classification Accuracy: 67.8253733505%
('Test Loss = ', 0.17671815)
Test  Classification Accuracy: 74.2697425994%
 
('Epoch 124 loss', 0.12658151952146884)
Train  Classification Accuracy: 81.9879371337%
('Valid Loss = ', 0.22200747)
Valid  Classification Accuracy: 67.8086971023%
('Test Loss = ', 0.17643136)
Test  Classification Accuracy: 74.3123660943%
 
('Epoch 125 loss', 0.12650961214400591)
Train  Classification Accuracy: 81.9850320343%
('Valid Loss = ', 0.22205776)
Valid  Classification Accuracy: 67.7972870377%
('Test Loss = ', 0.17651704)
Test  Classification Accuracy: 74.278418178%
 
('Epoch 126 loss', 0.12643055955563395)
Train  Classification Accuracy: 82.0007866115%
('Valid Loss = ', 0.22201915)
Valid  Classification Accuracy: 67.7990424323%
('Test Loss = ', 0.17669843)
Test  Classification Accuracy: 74.2523914421%
 
('Epoch 127 loss', 0.1263456489992848)
Train  Classification Accuracy: 82.018105473%
('Valid Loss = ', 0.22213873)
Valid  Classification Accuracy: 67.7964093405%
('Test Loss = ', 0.17656112)
Test  Classification Accuracy: 74.2984097287%
 
('Epoch 128 loss', 0.12626588584458515)
Train  Classification Accuracy: 82.0328544389%
('Valid Loss = ', 0.2221756)
Valid  Classification Accuracy: 67.8227402587%
('Test Loss = ', 0.17648979)
Test  Classification Accuracy: 74.3368840339%
 
('Epoch 129 loss', 0.12618910016095325)
Train  Classification Accuracy: 82.0324075005%
('Valid Loss = ', 0.2222496)
Valid  Classification Accuracy: 67.8262510478%
('Test Loss = ', 0.17639644)
Test  Classification Accuracy: 74.3602703763%
 
('Epoch 130 loss', 0.12610720637758863)
Train  Classification Accuracy: 82.0519610538%
('Valid Loss = ', 0.22237645)
Valid  Classification Accuracy: 67.7968481891%
('Test Loss = ', 0.17639244)
Test  Classification Accuracy: 74.380261927%
 
('Epoch 131 loss', 0.12602502462449455)
Train  Classification Accuracy: 82.0730788913%
('Valid Loss = ', 0.22243148)
Valid  Classification Accuracy: 67.7986035836%
('Test Loss = ', 0.17637026)
Test  Classification Accuracy: 74.3874287094%
 
('Epoch 132 loss', 0.12594654710516709)
Train  Classification Accuracy: 82.0848110233%
('Valid Loss = ', 0.22248323)
Valid  Classification Accuracy: 67.7893877623%
('Test Loss = ', 0.1764064)
Test  Classification Accuracy: 74.3900691029%
 
('Epoch 133 loss', 0.12586884836100412)
Train  Classification Accuracy: 82.1038059036%
('Valid Loss = ', 0.22247113)
Valid  Classification Accuracy: 67.7942150973%
('Test Loss = ', 0.17646018)
Test  Classification Accuracy: 74.3942182926%
 
('Epoch 134 loss', 0.12579077629236085)
Train  Classification Accuracy: 82.1097278369%
('Valid Loss = ', 0.22263038)
Valid  Classification Accuracy: 67.7801719409%
('Test Loss = ', 0.17637002)
Test  Classification Accuracy: 74.4217538248%
 
('Epoch 135 loss', 0.12571841986853027)
Train  Classification Accuracy: 82.128499248%
('Valid Loss = ', 0.2226921)
Valid  Classification Accuracy: 67.7652510872%
('Test Loss = ', 0.17636372)
Test  Classification Accuracy: 74.4059114638%
 
('Epoch 136 loss', 0.12563673463895242)
Train  Classification Accuracy: 82.1346446505%
('Valid Loss = ', 0.22264767)
Valid  Classification Accuracy: 67.7801719409%
('Test Loss = ', 0.17619944)
Test  Classification Accuracy: 74.433446996%
 
('Epoch 137 loss', 0.12556216356439787)
Train  Classification Accuracy: 82.1413487259%
('Valid Loss = ', 0.22263871)
Valid  Classification Accuracy: 67.7555964172%
('Test Loss = ', 0.17618261)
Test  Classification Accuracy: 74.4168502369%
 
('Epoch 138 loss', 0.12548632248028355)
Train  Classification Accuracy: 82.148946678%
('Valid Loss = ', 0.22263309)
Valid  Classification Accuracy: 67.7709561195%
('Test Loss = ', 0.17605941)
Test  Classification Accuracy: 74.4421225746%
 
('Epoch 139 loss', 0.12541352217010174)
Train  Classification Accuracy: 82.1716287998%
('Valid Loss = ', 0.22264408)
Valid  Classification Accuracy: 67.7876323677%
('Test Loss = ', 0.17598867)
Test  Classification Accuracy: 74.4719213012%
 
('Epoch 140 loss', 0.12533342320203381)
Train  Classification Accuracy: 82.1886124575%
('Valid Loss = ', 0.22277576)
Valid  Classification Accuracy: 67.7907043082%
('Test Loss = ', 0.17613545)
Test  Classification Accuracy: 74.4383505839%
 
('Epoch 141 loss', 0.12526524409260278)
Train  Classification Accuracy: 82.2022440775%
('Valid Loss = ', 0.22290027)
Valid  Classification Accuracy: 67.778855395%
('Test Loss = ', 0.17615464)
Test  Classification Accuracy: 74.4436313709%
 
('Epoch 142 loss', 0.12518808453891983)
Train  Classification Accuracy: 82.2028027505%
('Valid Loss = ', 0.22277935)
Valid  Classification Accuracy: 67.8240568046%
('Test Loss = ', 0.17628232)
Test  Classification Accuracy: 74.4409909774%
 
('Epoch 143 loss', 0.12511415511802831)
Train  Classification Accuracy: 82.2159874321%
('Valid Loss = ', 0.22299539)
Valid  Classification Accuracy: 67.7928985514%
('Test Loss = ', 0.17638758)
Test  Classification Accuracy: 74.4436313709%
 
('Epoch 144 loss', 0.12504443280552938)
Train  Classification Accuracy: 82.2187807968%
('Valid Loss = ', 0.22307701)
Valid  Classification Accuracy: 67.8065028591%
('Test Loss = ', 0.17635299)
Test  Classification Accuracy: 74.4424997737%
 
('Epoch 145 loss', 0.12497197056596275)
Train  Classification Accuracy: 82.2371052696%
('Valid Loss = ', 0.22307146)
Valid  Classification Accuracy: 67.7806107895%
('Test Loss = ', 0.17648439)
Test  Classification Accuracy: 74.438727783%
 
('Epoch 146 loss', 0.12489722180193266)
Train  Classification Accuracy: 82.246267506%
('Valid Loss = ', 0.22314383)
Valid  Classification Accuracy: 67.7534021741%
('Test Loss = ', 0.17640293)
Test  Classification Accuracy: 74.4428769728%
 
('Epoch 147 loss', 0.12483168858566253)
Train  Classification Accuracy: 82.2544241311%
('Valid Loss = ', 0.22312886)
Valid  Classification Accuracy: 67.7674453304%
('Test Loss = ', 0.17633627)
Test  Classification Accuracy: 74.46022813%
 
('Epoch 148 loss', 0.12476184770939669)
Train  Classification Accuracy: 82.264256775%
('Valid Loss = ', 0.22303036)
Valid  Classification Accuracy: 67.8025532214%
('Test Loss = ', 0.17649062)
Test  Classification Accuracy: 74.4526841486%
 
('Epoch 149 loss', 0.12468818069970294)
Train  Classification Accuracy: 82.2753184994%
('Valid Loss = ', 0.22310835)
Valid  Classification Accuracy: 67.7928985514%
('Test Loss = ', 0.17647941)
Test  Classification Accuracy: 74.4451401672%
 
('Epoch 150 loss', 0.12462121663878523)
Train  Classification Accuracy: 82.2821343094%
('Valid Loss = ', 0.22313762)
Valid  Classification Accuracy: 67.8060640105%
('Test Loss = ', 0.17659898)
Test  Classification Accuracy: 74.417227436%
 
('Epoch 151 loss', 0.12455516985303666)
Train  Classification Accuracy: 82.2891735886%
('Valid Loss = ', 0.22317047)
Valid  Classification Accuracy: 67.8043086159%
('Test Loss = ', 0.17647982)
Test  Classification Accuracy: 74.4255258155%
 
('Epoch 152 loss', 0.12447817146761447)
Train  Classification Accuracy: 82.2947603181%
('Valid Loss = ', 0.22321209)
Valid  Classification Accuracy: 67.7994812809%
('Test Loss = ', 0.17669448)
Test  Classification Accuracy: 74.4108150518%
 
('Epoch 153 loss', 0.1244071849760828)
Train  Classification Accuracy: 82.3069393885%
('Valid Loss = ', 0.22316259)
Valid  Classification Accuracy: 67.8148409832%
('Test Loss = ', 0.17675307)
Test  Classification Accuracy: 74.4304294034%
 
('Epoch 154 loss', 0.1243363364306557)
Train  Classification Accuracy: 82.3195653971%
('Valid Loss = ', 0.2232216)
Valid  Classification Accuracy: 67.7863158218%
('Test Loss = ', 0.17677242)
Test  Classification Accuracy: 74.4191134313%
 
('Epoch 155 loss', 0.12427418596538636)
Train  Classification Accuracy: 82.3273868184%
('Valid Loss = ', 0.22318201)
Valid  Classification Accuracy: 67.8065028591%
('Test Loss = ', 0.17681003)
Test  Classification Accuracy: 74.4375961858%
 
('Epoch 156 loss', 0.12421209926942396)
Train  Classification Accuracy: 82.3415771114%
('Valid Loss = ', 0.22322591)
Valid  Classification Accuracy: 67.8095747996%
('Test Loss = ', 0.17702606)
Test  Classification Accuracy: 74.390823501%
 
('Epoch 157 loss', 0.12414502549881107)
Train  Classification Accuracy: 82.3562143427%
('Valid Loss = ', 0.22334336)
Valid  Classification Accuracy: 67.7907043082%
('Test Loss = ', 0.17703968)
Test  Classification Accuracy: 74.3930866954%
 
('Epoch 158 loss', 0.1240797780574934)
Train  Classification Accuracy: 82.3566612811%
('Valid Loss = ', 0.22349389)
Valid  Classification Accuracy: 67.7648122386%
('Test Loss = ', 0.17711447)
Test  Classification Accuracy: 74.4006306768%
 
('Epoch 159 loss', 0.12401788512660246)
Train  Classification Accuracy: 82.3707398394%
('Valid Loss = ', 0.22354285)
Valid  Classification Accuracy: 67.7490136877%
('Test Loss = ', 0.17723751)
Test  Classification Accuracy: 74.3930866954%
 
('Epoch 160 loss', 0.12395739987234353)
Train  Classification Accuracy: 82.3762148343%
('Valid Loss = ', 0.22361705)
Valid  Classification Accuracy: 67.7555964172%
('Test Loss = ', 0.17728874)
Test  Classification Accuracy: 74.3938410936%
 
('Epoch 161 loss', 0.12389896516862563)
Train  Classification Accuracy: 82.3969974681%
('Valid Loss = ', 0.22348672)
Valid  Classification Accuracy: 67.7520856281%
('Test Loss = ', 0.17717755)
Test  Classification Accuracy: 74.401385075%
 
('Epoch 162 loss', 0.12383950128943111)
Train  Classification Accuracy: 82.4018020555%
('Valid Loss = ', 0.22358964)
Valid  Classification Accuracy: 67.7591072063%
('Test Loss = ', 0.17710809)
Test  Classification Accuracy: 74.4259030146%
 
('Epoch 163 loss', 0.12378095170350766)
Train  Classification Accuracy: 82.4029194014%
('Valid Loss = ', 0.22382982)
Valid  Classification Accuracy: 67.7161000399%
('Test Loss = ', 0.17713007)
Test  Classification Accuracy: 74.4353329913%
 
('Epoch 164 loss', 0.12372612805756995)
Train  Classification Accuracy: 82.4112994956%
('Valid Loss = ', 0.22382271)
Valid  Classification Accuracy: 67.709956159%
('Test Loss = ', 0.17729408)
Test  Classification Accuracy: 74.3900691029%
 
('Epoch 165 loss', 0.123674194174915)
Train  Classification Accuracy: 82.4134224528%
('Valid Loss = ', 0.22377509)
Valid  Classification Accuracy: 67.714783494%
('Test Loss = ', 0.1772159)
Test  Classification Accuracy: 74.3927094964%
 
('Epoch 166 loss', 0.12361835904082084)
Train  Classification Accuracy: 82.4269423382%
('Valid Loss = ', 0.22394265)
Valid  Classification Accuracy: 67.6796756031%
('Test Loss = ', 0.17731842)
Test  Classification Accuracy: 74.3889375057%
 
('Epoch 167 loss', 0.12356550199416445)
Train  Classification Accuracy: 82.4311882527%
('Valid Loss = ', 0.22399902)
Valid  Classification Accuracy: 67.6621216576%
('Test Loss = ', 0.17734268)
Test  Classification Accuracy: 74.3915778992%
 
('Epoch 168 loss', 0.12351206659254513)
Train  Classification Accuracy: 82.4420265079%
('Valid Loss = ', 0.22396205)
Valid  Classification Accuracy: 67.6779202085%
('Test Loss = ', 0.17736557)
Test  Classification Accuracy: 74.369323154%
 
('Epoch 169 loss', 0.12346032635835111)
Train  Classification Accuracy: 82.4557698625%
('Valid Loss = ', 0.22380885)
Valid  Classification Accuracy: 67.6994237917%
('Test Loss = ', 0.17731884)
Test  Classification Accuracy: 74.35876158%
 
('Epoch 170 loss', 0.12340925970828487)
Train  Classification Accuracy: 82.463814753%
('Valid Loss = ', 0.22379155)
Valid  Classification Accuracy: 67.7152223427%
('Test Loss = ', 0.17729335)
Test  Classification Accuracy: 74.348200006%
 
('Epoch 171 loss', 0.12335356668495745)
Train  Classification Accuracy: 82.4727535202%
('Valid Loss = ', 0.22372885)
Valid  Classification Accuracy: 67.6994237917%
('Test Loss = ', 0.17723015)
Test  Classification Accuracy: 74.342919219%
 
('Epoch 172 loss', 0.12330529162875763)
Train  Classification Accuracy: 82.4819157566%
('Valid Loss = ', 0.22371866)
Valid  Classification Accuracy: 67.7090784617%
('Test Loss = ', 0.17726052)
Test  Classification Accuracy: 74.3519719967%
 
('Epoch 173 loss', 0.1232581264925043)
Train  Classification Accuracy: 82.4782285151%
('Valid Loss = ', 0.22382195)
Valid  Classification Accuracy: 67.7209273749%
('Test Loss = ', 0.17725168)
Test  Classification Accuracy: 74.3697003531%
 
('Epoch 174 loss', 0.12320754362625273)
Train  Classification Accuracy: 82.4887315666%
('Valid Loss = ', 0.2238422)
Valid  Classification Accuracy: 67.7082007645%
('Test Loss = ', 0.17713825)
Test  Classification Accuracy: 74.3817707233%
 
('Epoch 175 loss', 0.12316466035824238)
Train  Classification Accuracy: 82.5030335941%
('Valid Loss = ', 0.22386947)
Valid  Classification Accuracy: 67.7095173104%
('Test Loss = ', 0.17729968)
Test  Classification Accuracy: 74.3459368116%
 
('Epoch 176 loss', 0.12311335455661648)
Train  Classification Accuracy: 82.5070560394%
('Valid Loss = ', 0.22390191)
Valid  Classification Accuracy: 67.6976683972%
('Test Loss = ', 0.17725869)
Test  Classification Accuracy: 74.3455596125%
 
('Epoch 177 loss', 0.12306946617654745)
Train  Classification Accuracy: 82.51778256%
('Valid Loss = ', 0.22396708)
Valid  Classification Accuracy: 67.6985460945%
('Test Loss = ', 0.17725849)
Test  Classification Accuracy: 74.3519719967%
 
('Epoch 178 loss', 0.12302009045844507)
Train  Classification Accuracy: 82.5218050053%
('Valid Loss = ', 0.22396801)
Valid  Classification Accuracy: 67.7064453699%
('Test Loss = ', 0.17708737)
Test  Classification Accuracy: 74.3666827605%
 
('Epoch 179 loss', 0.12297309337463906)
Train  Classification Accuracy: 82.5339840756%
('Valid Loss = ', 0.22383961)
Valid  Classification Accuracy: 67.7288266504%
('Test Loss = ', 0.17715092)
Test  Classification Accuracy: 74.3542351912%
 
('Epoch 180 loss', 0.12292544256381445)
Train  Classification Accuracy: 82.5395708051%
('Valid Loss = ', 0.22386971)
Valid  Classification Accuracy: 67.7257547099%
('Test Loss = ', 0.17706031)
Test  Classification Accuracy: 74.3723407466%
 
('Epoch 181 loss', 0.12287850071592261)
Train  Classification Accuracy: 82.5511912025%
('Valid Loss = ', 0.22379296)
Valid  Classification Accuracy: 67.7327762881%
('Test Loss = ', 0.1770878)
Test  Classification Accuracy: 74.3542351912%
 
('Epoch 182 loss', 0.12283941852673264)
Train  Classification Accuracy: 82.5509677333%
('Valid Loss = ', 0.22389941)
Valid  Classification Accuracy: 67.6989849431%
('Test Loss = ', 0.17700785)
Test  Classification Accuracy: 74.3866743112%
 
('Epoch 183 loss', 0.12278400892948825)
Train  Classification Accuracy: 82.5642641495%
('Valid Loss = ', 0.22393698)
Valid  Classification Accuracy: 67.7016180349%
('Test Loss = ', 0.17710112)
Test  Classification Accuracy: 74.3591387791%
 
('Epoch 184 loss', 0.12274539424861323)
Train  Classification Accuracy: 82.570409552%
('Valid Loss = ', 0.22388254)
Valid  Classification Accuracy: 67.7082007645%
('Test Loss = ', 0.17719698)
Test  Classification Accuracy: 74.342919219%
 
('Epoch 185 loss', 0.12269800184674606)
Train  Classification Accuracy: 82.574767201%
('Valid Loss = ', 0.22391264)
Valid  Classification Accuracy: 67.6972295486%
('Test Loss = ', 0.17714871)
Test  Classification Accuracy: 74.337261233%
 
('Epoch 186 loss', 0.1226590533307173)
Train  Classification Accuracy: 82.5683983293%
('Valid Loss = ', 0.22406165)
Valid  Classification Accuracy: 67.6994237917%
('Test Loss = ', 0.17721313)
Test  Classification Accuracy: 74.3451824135%
 
('Epoch 187 loss', 0.12261638099868048)
Train  Classification Accuracy: 82.5727559784%
('Valid Loss = ', 0.22416461)
Valid  Classification Accuracy: 67.6687043872%
('Test Loss = ', 0.1772446)
Test  Classification Accuracy: 74.3406560246%
 
('Epoch 188 loss', 0.12256904761007606)
Train  Classification Accuracy: 82.5847115795%
('Valid Loss = ', 0.22417489)
Valid  Classification Accuracy: 67.6379849826%
('Test Loss = ', 0.17743987)
Test  Classification Accuracy: 74.3002957241%
 
('Epoch 189 loss', 0.1225280880578208)
Train  Classification Accuracy: 82.5948794272%
('Valid Loss = ', 0.22421184)
Valid  Classification Accuracy: 67.623064129%
('Test Loss = ', 0.17756014)
Test  Classification Accuracy: 74.2961465343%
 
('Epoch 190 loss', 0.12248861969200309)
Train  Classification Accuracy: 82.6019187064%
('Valid Loss = ', 0.22435305)
Valid  Classification Accuracy: 67.5897116326%
('Test Loss = ', 0.17760487)
Test  Classification Accuracy: 74.3036905157%
 
('Epoch 191 loss', 0.12245062954386497)
Train  Classification Accuracy: 82.6075054359%
('Valid Loss = ', 0.22433466)
Valid  Classification Accuracy: 67.5984886053%
('Test Loss = ', 0.17775403)
Test  Classification Accuracy: 74.2723829928%
 
('Epoch 192 loss', 0.12240988676643957)
Train  Classification Accuracy: 82.6119748195%
('Valid Loss = ', 0.22430825)
Valid  Classification Accuracy: 67.5967332107%
('Test Loss = ', 0.17770442)
Test  Classification Accuracy: 74.2591810254%
 
('Epoch 193 loss', 0.1223699386773528)
Train  Classification Accuracy: 82.6162207339%
('Valid Loss = ', 0.22438231)
Valid  Classification Accuracy: 67.597610908%
('Test Loss = ', 0.17769577)
Test  Classification Accuracy: 74.2735145901%
 
('Epoch 194 loss', 0.12233361864619711)
Train  Classification Accuracy: 82.6254947049%
('Valid Loss = ', 0.22430639)
Valid  Classification Accuracy: 67.6041936376%
('Test Loss = ', 0.17783789)
Test  Classification Accuracy: 74.2437158635%
 
('Epoch 195 loss', 0.12229402669819459)
Train  Classification Accuracy: 82.6282880697%
('Valid Loss = ', 0.22445044)
Valid  Classification Accuracy: 67.5787404166%
('Test Loss = ', 0.17795065)
Test  Classification Accuracy: 74.1992063732%
 
('Epoch 196 loss', 0.12225596257732727)
Train  Classification Accuracy: 82.6349921451%
('Valid Loss = ', 0.22432961)
Valid  Classification Accuracy: 67.5712799898%
('Test Loss = ', 0.17795457)
Test  Classification Accuracy: 74.2165575304%
 
('Epoch 197 loss', 0.12221055557819104)
Train  Classification Accuracy: 82.6439309123%
('Valid Loss = ', 0.22424407)
Valid  Classification Accuracy: 67.5840066003%
('Test Loss = ', 0.17809293)
Test  Classification Accuracy: 74.1882676001%
 
('Epoch 198 loss', 0.12217059865169115)
Train  Classification Accuracy: 82.6484002959%
('Valid Loss = ', 0.22430006)
Valid  Classification Accuracy: 67.5800569626%
('Test Loss = ', 0.17813395)
Test  Classification Accuracy: 74.161109267%
 
('Epoch 199 loss', 0.12213816440441944)
Train  Classification Accuracy: 82.655998248%
('Valid Loss = ', 0.22433116)
Valid  Classification Accuracy: 67.583128903%
('Test Loss = ', 0.17827889)
Test  Classification Accuracy: 74.1467757023%
 
