88.5432511372
93.6492633774
94.3212574359
94.7054580771
94.9461190736
95.1814241132
95.3335332891
95.4631474459
95.5899050924
95.6702444459
95.7480843528
95.8155694096
95.8941234441
95.9766051803
96.034092451
96.0872949561
96.1429969078
96.1933429026
96.2465454078
96.2890359992
96.3283130164
96.3604487578
96.3868714785
96.4179360285
96.4493576422
96.480779256
96.5171997629
96.5504066957
96.5743299698
96.5968249888
96.6053945198
96.6225335818
96.653241068
96.6710942577
96.6910898301
96.7060865094
96.729295656
96.7489341646
96.7646449715
96.7771422042
96.7967807128
96.8235604973
96.8328441559
96.8560533025
96.872478237
96.891402618
96.9010433404
96.9171112111
96.9306796352
96.9428198042
96.9585306111
96.9753126094
96.9856674593
96.9881669059
96.9970935007
97.0145896266
97.024230349
97.0331569438
97.0442259214
97.0474394955
97.0513671973
97.0563660904
97.0695774507
97.0838600024
97.0870735766
97.0984996179
97.1059979576
97.1163528076
97.1231370197
97.1334918697
97.1342059972
97.1438467197
97.1420614007
97.1492026766
97.1542015697
97.1545586334
97.1709835679
97.1727688869
97.1806242903
97.18812263
97.1913362041
97.1934785869
97.2006198627
97.1991916076
97.2063328834
97.2056187558
97.2116888403
97.2181159886
97.2291849662
97.2370403696
97.246681092
97.2513229214
97.2598924524
97.2688190472
97.28131628
97.2791738972
97.2895287472
97.2963129593
97.30202598
97.3098813834
97.3205932972
97.3305910834
97.3320193386
97.3359470403
97.3420171248
97.3552284851
97.3655833351
97.370939292
97.3730816748
97.3823653334
97.3895066093
97.3980761403
97.4062886075
97.4098592455
97.4130728196
97.4194999679
97.4219994144
97.4305689454
97.4369960937
97.4441373696
97.4484221351
97.4605623041
97.4673465161
97.4752019196
97.4834143868
97.486627961
97.4937692368
97.495197492
97.5005534489
97.5044811506
97.512336554
97.5148360006
97.5230484678
97.5241196592
97.533046254
97.5376880834
97.5405445937
97.5459005506
97.5505423799
97.5569695282
97.5591119109
97.5648249316
97.5648249316
97.5701808885
97.574465654
97.576250973
97.5798216109
97.584820504
97.5894623333
97.5976748006
97.5973177368
97.6005313109
97.5948182902
97.598745992
97.6080296506
97.6030307575
97.607315523
97.6119573523
97.6187415644
97.6198127557
97.6276681592
97.6255257764
97.6301676057
97.6351664988
97.6394512644
97.6437360299
97.6462354764
97.6508773057
97.6533767523
97.6630174747
97.6655169213
97.667659304
97.6726581971
97.6794424092
97.6776570902
97.6876548764
97.6933678971
97.6951532161
97.6997950454
97.7022944919
97.710864023
97.7151487885
97.7140775971
97.7201476816
97.7197906178
97.7237183195
97.7244324471
97.7294313402
97.7312166592
97.7340731695
97.7344302333
97.7387149988
97.740143254
97.7472845299
97.7508551678
97.7533546143
97.7597817626
97.7547828695
97.7665659747
97.7697795488
