86.5072733895
93.6985381808
94.5483500082
94.9668287736
95.2756889546
95.492426677
95.6595325321
95.7798630303
95.88055502
95.9826752648
96.0712270854
96.1301426113
96.1847733716
96.2397611957
96.2865365526
96.329027144
96.3708036078
96.4107947526
96.4400739836
96.4661396405
96.5018460198
96.5314823146
96.563618056
96.5943255422
96.6218194543
96.6475280474
96.663595918
96.6793067249
96.6971599146
96.717155487
96.7278674008
96.7446493991
96.7575036956
96.7685726732
96.7739286301
96.7942812663
96.8128485835
96.8307017732
96.8464125801
96.8599810042
96.8746206197
96.8974727025
96.9106840628
96.9185394663
96.9324649542
96.9410344852
96.9492469525
96.9563882283
96.9646006956
96.9703137162
96.9853103956
96.9863815869
97.0024494576
97.01209018
97.0217309024
97.0267297955
97.0338710714
97.0413694111
97.0474394955
97.0588655369
97.0592226007
97.0631503024
97.0685062593
97.0710057059
97.0781469817
97.0852882576
97.09492898
97.107069149
97.1127821697
97.1220658283
97.1295641679
97.1302782955
97.138133699
97.1413472731
97.1531303783
97.1599145903
97.1677699938
97.1752683334
97.1841949283
97.1877655662
97.189907949
97.1938356507
97.2016910541
97.2045475645
97.2074040748
97.2120459041
97.2152594783
97.2238290093
97.2313273489
97.23989688
97.2445387093
97.2516799851
97.2584641972
97.2627489627
97.2659625369
97.2645342817
97.2663196007
97.277745642
97.2816733438
97.29167113
97.2988124058
97.30202598
97.3059536817
97.31238083
97.3120237662
97.3152373403
97.3180938506
97.3223786162
97.3245209989
97.3309481472
97.3341617213
97.3391606144
97.341660061
97.3480872093
97.3470160179
97.3488013368
97.3513007834
97.3598703144
97.3630838886
97.3662974627
97.3687969093
97.3720104834
97.3734387386
97.3755811213
97.3766523127
97.381294142
97.383079461
97.3841506524
97.3852218437
97.3884354179
97.3852218437
97.3884354179
97.3887924817
97.3937913748
97.3998614592
97.4012897144
97.4080739265
97.412358692
97.4180717127
97.4184287765
97.4187858403
97.4205711592
97.4234276696
97.4266412437
97.4273553713
97.4309260092
97.4337825196
97.4362819661
97.4369960937
97.4394955403
97.4412808592
97.4437803058
97.4437803058
97.4487791989
97.4523498368
97.455563411
97.4559204748
97.4584199213
97.4566346023
97.4634188144
97.4648470696
97.4655611972
97.4684177075
97.4752019196
97.4766301747
97.4777013661
97.4798437489
97.4798437489
97.4802008127
97.4802008127
97.4823431954
97.4834143868
97.483057323
97.4837714506
97.4823431954
97.4844855782
97.4884132799
97.4909127265
97.4876991523
97.4901985989
97.4898415351
97.486627961
97.4930551092
97.493412173
97.4969828109
97.4969828109
97.4987681299
97.5001963851
97.5019817041
97.503767023
97.5051952782
97.5059094058
97.5073376609
97.5105512351
97.5109082989
97.5155501282
97.5155501282
97.5184066385
97.5184066385
97.5223343403
