88.2954488649
93.6724725239
94.4033821082
94.822932065
95.0778756133
95.2474809149
95.3063964408
95.3999471546
95.4838571459
95.60097407
95.6470352993
95.7023801872
95.7602245217
95.8248530682
95.8841256579
95.9405417372
95.9801758182
96.0137398148
96.0790824889
96.1083617199
96.1544229492
96.1833451164
96.2158379216
96.2597567681
96.2865365526
96.3147445923
96.3365254836
96.3597346302
96.3683041612
96.397940456
96.4147224543
96.4386457284
96.4714955974
96.4904199784
96.5054166577
96.520413337
96.5407659732
96.555048525
96.5614756732
96.5864701388
96.6046803922
96.6289607301
96.6428862181
96.6614535353
96.677521406
96.6900186387
96.6978740422
96.7107283387
96.7239396991
96.7353657404
96.7528618663
96.756789568
96.7696438646
96.7785704594
96.7849976077
96.7921388835
96.8049931801
96.8174904128
96.8285593904
96.8221322421
96.8342724111
96.8521256008
96.860338068
96.8714070456
96.8767630025
96.8960444473
96.9003292128
96.9092558076
96.9242524869
96.9242524869
96.9392491663
96.9492469525
96.9578164835
96.974241418
96.9860245231
96.9888810335
96.9867386507
96.9917375438
97.0085195421
97.0063771593
97.0235162214
97.0178032007
97.0256586042
97.0335140076
97.0335140076
97.044940049
97.0524383886
97.0667209404
97.0724339611
97.0627932386
97.0702915783
97.0781469817
97.0867165128
97.0935007248
97.0995708093
97.1024273197
97.117423999
97.10528383
97.113853361
97.1256364662
97.13634838
97.1377766352
97.1502738679
97.1524162507
97.155272761
97.1602716541
97.1813384179
97.18812263
97.1870514386
97.1788389714
97.1788389714
97.1949068421
97.2006198627
97.2027622455
97.2052616921
97.2052616921
97.1891938214
97.2084752662
97.2084752662
97.2127600317
97.2120459041
97.2159736058
97.2345409231
97.2273996472
97.2241860731
97.23989688
97.2431104541
97.2595353886
97.2523941127
