59.1928516679
64.0315180932
66.6391799575
68.9587900485
70.6187191194
71.9140582227
72.9133006621
73.6833754573
74.2642835913
74.7191551077
75.1267628925
75.4597319711
75.7246546842
75.9333748986
76.1219828867
76.3031046573
76.4909305033
76.6447890339
76.7884797168
76.9274775469
77.058318752
77.1528462152
77.2712848807
77.3773210068
77.4808989718
77.5768789847
77.6604564581
77.7286145581
77.8156558038
77.8844843113
77.9431449712
77.9957719631
78.0428122256
78.1110820601
78.1608039527
78.2092967648
78.2622589606
78.3032655551
78.352652244
78.3918710851
78.4448332808
78.4753368239
78.5308689152
78.5805908078
78.6093065975
78.6380223871
78.6589167555
78.7033871224
78.7278569976
78.7521034037
78.7698692035
78.8080824333
78.836798223
78.8681956428
78.8946767407
78.9169119241
78.9502088319
78.9785894178
79.001718478
79.0317750827
79.0521107781
79.0797092219
79.0970280834
79.1250734655
79.1523367055
79.1654096525
79.194460646
79.2171427678
79.2448529461
79.2522274291
79.2602723195
79.2876472941
79.3041840135
79.3194916523
79.334017149
79.354464579
79.3693252795
79.3777053738
79.400275761
79.4191589067
79.4232930865
79.4408354172
79.4544670372
79.4664226383
79.4801659929
79.4978200581
79.5169266731
79.5307817622
79.5467598086
79.5535756186
79.570112338
79.5828500812
79.5981577201
79.6138005627
79.6222923915
79.6354770732
79.6432984945
79.6529076692
79.6662040855
79.6694443886
79.6686622464
79.6764836678
79.6795005017
79.6938025292
79.7031882348
79.696595894
79.7030765002
79.7057581304
79.7139147554
79.7173785277
79.721400973
79.7283285176
79.7294458635
79.7372672848
79.7479938054
79.7558152267
79.7611784871
79.7662065436
79.7745866379
79.7845310164
79.7970452905
79.7998386553
79.8022968162
79.8141406828
79.8189452702
79.8202860852
79.8254258764
79.8193922085
79.8210682274
79.8282192411
79.8311243405
79.8349233166
79.8426330033
79.8434151454
79.8458733064
79.8460967756
79.8524656472
79.8605105377
79.8667676747
79.8676615515
79.8704549162
79.8715722621
79.8763768495
79.8806227639
79.881963579
79.8867681664
79.8957069336
79.8953717298
79.899952848
79.9074390655
79.9171599749
79.9208472164
79.9249813962
79.9311267986
79.9322441445
79.9339201634
79.938389547
79.9398420967
79.9436410727
79.9503451481
79.9589487116
79.9621890147
79.9669936021
79.9666583983
79.9668818675
79.9696752322
79.9722451278
79.9723568624
79.9735859429
79.9772731844
79.9843124635
79.9862119516
79.9824129755
79.979284407
79.9867706245
79.9906813352
79.9902343968
79.9950389842
80.0006257137
80.0055420357
80.0083354004
80.0086706042
80.0100114193
80.0106818268
80.0095644809
80.0138103953
80.0157098834
80.015262945
80.015821618
80.0180563098
80.0221904896
80.0249838544
80.0258777311
80.0252073235
80.0262129348
80.0292297688
80.0324700719
80.0320231335
80.0284476266
80.026436404
