57.3031962797
63.5655848524
65.390769382
66.9518133407
67.9224517251
68.7863835759
69.5198094255
70.1442940497
70.7563761344
71.301976138
71.7896976239
72.2837879814
72.7644701881
73.1880560193
73.650748957
74.111989345
74.5621680086
74.9868711857
75.3355948414
75.6857710469
76.0283493002
76.3304796319
76.6208778316
76.8870296253
77.1236834872
77.3536332737
77.5622417534
77.7314079229
77.8940934861
78.0539856846
78.1898549462
78.3325400177
78.467403668
78.5948928354
78.6836100999
78.7981380548
78.8835032816
78.9775838065
79.0652954598
79.1625045532
79.246528965
79.3259722585
79.375470682
79.4532379567
79.5352511458
79.5884368107
79.6524607309
79.716484651
79.8027437546
79.8573819692
79.9100089611
79.9608481996
80.0255425273
80.074147074
80.1214108056
80.1631995423
80.2046530753
80.2425311013
80.2826438192
80.3357177495
80.3682325152
80.4121442091
80.4646594665
80.5045487152
80.5392981727
80.5804165019
80.6249986033
80.6544965351
80.6918158882
80.7130454603
80.75539287
80.7907010005
80.8276851498
80.8569596124
80.8928264158
80.9318217878
80.9794207232
80.9932758124
81.0074661053
81.0464614773
81.0664619689
81.1084741748
81.1347318035
81.1685873843
81.1940628708
81.220990907
81.2587571985
81.2881433957
81.3224459149
81.3413290606
81.3746259685
81.384011674
81.4036769619
81.4328396899
81.4699355738
81.4944054491
81.5146294099
81.540775304
81.5559712082
81.5813349602
81.586027813
81.6148553372
81.6322859333
81.644911942
81.662342538
81.6839073139
81.6985445452
81.7198858519
81.7364225713
81.7651383609
81.7787699809
81.789384767
81.8110612775
81.8239107553
81.8405592093
81.8517326683
81.8722918329
81.880448458
81.8985494616
81.9178795456
81.9397795253
81.9532994107
81.9530759415
81.9667075615
81.9879371337
81.9850320343
82.0007866115
82.018105473
82.0328544389
82.0324075005
82.0519610538
82.0730788913
82.0848110233
82.1038059036
82.1097278369
82.128499248
82.1346446505
82.1413487259
82.148946678
82.1716287998
82.1886124575
82.2022440775
82.2028027505
82.2159874321
82.2187807968
82.2371052696
82.246267506
82.2544241311
82.264256775
82.2753184994
82.2821343094
82.2891735886
82.2947603181
82.3069393885
82.3195653971
82.3273868184
82.3415771114
82.3562143427
82.3566612811
82.3707398394
82.3762148343
82.3969974681
82.4018020555
82.4029194014
82.4112994956
82.4134224528
82.4269423382
82.4311882527
82.4420265079
82.4557698625
82.463814753
82.4727535202
82.4819157566
82.4782285151
82.4887315666
82.5030335941
82.5070560394
82.51778256
82.5218050053
82.5339840756
82.5395708051
82.5511912025
82.5509677333
82.5642641495
82.570409552
82.574767201
82.5683983293
82.5727559784
82.5847115795
82.5948794272
82.6019187064
82.6075054359
82.6119748195
82.6162207339
82.6254947049
82.6282880697
82.6349921451
82.6439309123
82.6484002959
82.655998248
