61.2371477288
64.8539964111
67.2993079159
69.4804788498
71.04789168
72.2166354927
73.1648152245
73.9299736977
74.546525166
75.0536884706
75.4598437057
75.7864439126
76.0818701689
76.3589719524
76.6110451877
76.8128378575
77.0183177687
77.2196635001
77.3946398682
77.5498392139
77.6919656126
77.8180022302
77.9299602895
78.0437061023
78.1632621137
78.2789074145
78.3844966022
78.4715378479
78.5566796055
78.6695315416
78.741376883
78.8191441577
78.9017160198
78.9734496267
79.046970987
79.1157994945
79.1679795481
79.2379254015
79.3087651317
79.3670905877
79.4289915506
79.4865348645
79.5462011357
79.5950291516
79.6617347019
79.7021826235
79.7493346205
79.8039728351
79.8485549365
79.8939191801
79.9303446565
79.981742568
80.0236430393
80.056157805
80.0958235845
80.1345954873
80.1617469927
80.1952673697
80.2199607141
80.2463300774
80.2702412797
80.2971693159
80.3314718351
80.3567238524
80.3692381265
80.379741178
80.4092391098
80.4261110329
80.4575084527
80.4713635419
80.5019788196
80.5238787993
80.5373986847
80.5575109109
80.572483346
80.5927073068
80.6072328035
80.6142720827
80.6276802335
80.6485746018
80.660530203
80.6746087613
80.6900281348
80.6967322102
80.7099168918
80.7229898389
80.732487279
80.7508117518
80.7696948975
80.7829913138
80.8023213978
80.8208693398
80.8305902491
80.8494733949
80.8690269481
80.8719320475
80.8771835732
80.8894743781
80.9027707944
80.9038881403
80.9085809931
80.9228830206
80.9301457689
80.934503418
80.945118204
80.9406488204
80.9656773686
80.9785268465
80.9912645897
80.9889181634
80.997186523
81.002102845
81.0120472235
81.0266844548
81.0243380284
81.0402043402
81.0434446433
81.0576349363
81.0676910494
81.0689201299
81.0824400153
81.0874680718
81.1098149899
81.1232231407
81.122329264
81.1414358789
81.1405420021
81.1419945518
81.1526093379
81.1605424938
81.1678052421
81.1796491087
81.1882526721
81.19428634
81.2031133726
81.2049011261
81.2192031536
81.2206557033
81.2223317221
81.2357398729
81.2402092565
81.2455725169
81.2489245546
81.2498184313
81.2540643457
81.2665786198
81.2680311695
81.2771934059
81.2851265618
81.2932831868
81.3030040962
81.3097081716
81.3176413275
81.3186469388
81.3222224457
81.3194290809
81.3276974406
81.3293734595
81.3421112027
81.343675487
81.355407619
81.3530611926
81.3655754667
81.3666928126
81.3725030112
81.3730616842
81.3787601483
81.3871402426
81.3856876929
81.3990958437
81.3988723745
81.4013305355
81.4082580801
81.4182024586
81.4250182686
81.4226718422
81.4228953114
81.431722344
81.4262473491
81.4329514245
81.4354095855
81.447253452
81.4443483527
81.4522815086
81.4555218117
81.4583151765
81.4576447689
81.465801394
81.4776452606
81.4717233273
81.4824498479
81.4793212794
81.4792095448
81.4871427007
81.4986513635
81.4966401409
81.5049085005
81.5033442163
81.515411552
81.5158584904
