60.2770756429
63.5957432007
65.1797102121
66.8368304216
67.9264336024
68.8240886946
69.7564230405
70.6972954398
71.5941072675
72.4057493776
73.0449438913
73.5793627872
74.0232361541
74.4039700894
74.7557168065
75.0749978391
75.3292420949
75.5708373828
75.8116948141
76.0132350368
76.2071858787
76.3751009282
76.5400645519
76.6743544283
76.8009495159
76.9413530601
77.0547721394
77.1616559186
77.2587367476
77.3494930926
77.4464685136
77.5422844458
77.6154376438
77.6971288951
77.7713361737
77.8500759992
77.9215426681
77.9711898673
78.0273723666
78.0966254662
78.1566026559
78.2024551647
78.2467265525
78.2994305856
78.3426478928
78.3851273435
78.4212823102
78.4493208558
78.4895867371
78.5320661878
78.573702374
78.6113330537
78.6427446574
78.6806915612
78.7090463311
78.7443580333
78.763120669
78.7848347307
78.8074974649
78.8364846832
78.8606231303
78.8812831113
78.9083729843
78.9246058265
78.9425251978
78.9637122191
78.9789963887
78.992172397
79.001659123
79.0174703329
79.0274840992
79.0456142866
79.0677499805
79.0805043565
79.0927316922
79.1090699425
79.120981054
79.1329975735
79.1514439851
79.1633550966
79.1808528356
79.1960315971
79.206994036
79.2220673895
79.2288135057
79.2373515591
79.25147624
79.2596980691
79.2685523467
79.286577126
79.3046019054
79.3189374024
79.321467196
79.3362243252
79.3521409432
79.3699549064
79.3824984663
79.3943041697
79.4076909941
79.4221318992
79.4317240332
79.4401566785
79.4492217722
79.459973395
79.4731494033
79.485376739
79.4907525503
79.5059313119
79.5149964056
79.5232182348
79.533126593
79.5459863771
79.5567379998
79.5705464565
79.5800331825
79.5867792987
79.5958443924
79.6104961136
79.6276776284
79.6391671076
79.6499187304
79.6598270886
79.6693138146
79.6737409534
79.6857574729
79.6998821538
79.705047149
79.7169582605
79.7289747801
79.7312937575
79.7442589497
79.7570133257
79.7713488227
79.7752489211
79.7868438084
79.7926412521
79.7989657361
79.8033928748
79.806871341
79.8119309282
79.8176229638
79.8283745865
79.8330125415
79.8452398771
79.8477696707
79.8556752757
79.8612619032
79.8725405663
79.8803407632
79.8905653456
79.8965736054
79.8974168699
79.8972060538
79.8989979909
79.9063765556
79.9098550217
79.9112253266
79.9174444025
79.9270365365
79.938947648
79.9467478449
79.9472748853
79.951702024
79.9535993692
79.9635077275
79.9667753775
79.9762621035
79.9813216907
79.9916516812
79.9978707571
80.0027195281
80.012100846
80.0158955364
80.0199010429
80.0294931769
80.0303364415
80.0358176609
80.0400339836
80.0367663335
80.0401393916
80.0437232659
80.0438286739
80.0495207095
80.0520505031
80.0546857048
80.0594290677
80.0619588613
80.0685995695
80.0675454889
80.0742916051
80.0797728245
80.0826188423
80.086940573
80.0955840345
80.1015922942
80.1086546347
80.1172980961
80.121936051
80.1199332978
80.1168764639
80.1189846252
80.1213036026
80.1242550285
80.1268902301
80.1315281851
80.1349012432
80.1386959336
80.1434392965
80.1478664353
80.1547179596
80.1599883629
80.1642046856
80.1653641743
80.1705291696
80.171267026
80.1698967212
80.1774861019
80.1776969181
80.1785401826
80.1830727295
80.1838105859
80.1863403795
80.1868674198
80.1867620118
80.1944568006
80.1992001636
80.2018353652
80.2072111766
80.2058408718
80.2090031138
80.2073165847
80.2063679121
80.2049976072
80.2039435266
80.206262504
80.2096355622
80.2158546381
80.2171195349
80.2202817768
80.2199655526
80.2200709607
80.2171195349
80.2191222881
80.2209142252
80.223760243
80.2238656511
80.2241818753
80.2255521802
80.2274495253
80.2270278931
80.2305063593
80.2318766641
80.2328253367
80.2353551303
80.2375686997
80.2409417578
80.2471608337
80.2509555241
80.2496906273
80.2480040983
80.2529582774
80.2607584743
80.2597043936
80.2617071469
80.265080205
80.2623395953
80.2643423485
80.2651856131
80.2651856131
80.2705614244
80.2731966261
80.274566931
80.2797319262
80.2875321231
80.2876375312
80.2901673248
80.2948052797
80.2950160958
80.2965972168
80.2925917103
80.2972296652
80.2978621136
80.303237925
80.3068217992
80.3098786332
80.3138841397
80.3174680139
80.3173626059
80.3181004623
80.3185220946
80.3178896462
80.3193653591
80.3186275027
80.322316785
80.3226330092
80.3242141302
80.3235816818
80.3222113769
80.320841072
80.3201032156
80.3196815833
80.3199978075
80.3225276011
80.3232654576
80.3214735204
80.3242141302
80.3212627043
80.3210518882
80.320735664
80.320735664
80.322316785
80.3246357624
80.3248465786
80.3248465786
80.324003314
80.3292737173
80.3325413674
80.3344387126
80.3351765691
80.3344387126
80.3364414658
80.3358090174
80.3384442191
80.3394982998
80.3416064611
80.3418172772
80.341395645
80.3423443176
80.3431875821
80.3428713579
80.3444524789
80.3447687031
80.3417118692
80.3419226853
80.339814524
80.3407631966
80.3408686046
80.3432929902
80.3410794208
80.3432929902
80.3456119676
80.3460335999
80.3470876805
80.3456119676
80.3468768644
80.3484579854
80.349406658
80.3510931871
80.3528851242
80.3516202274
80.3535175726
80.3533067564
80.3536229806
80.3519364516
80.3508823709
80.3500391064
80.3508823709
80.3506715548
80.3527797161
80.354255429
80.3527797161
80.3538337968
80.3548878774
80.3560473662
80.3576284872
80.3596312404
80.3596312404
80.3613177695
80.3596312404
80.3608961372
80.3613177695
80.3595258324
80.3561527742
80.3606853211
80.3603690969
80.3597366485
80.3598420566
80.3645854195
80.3675368454
80.3694341906
80.3711207196
80.3713315358
80.3734396971
80.3738613294
80.3744937778
80.3771289794
80.3776560197
80.3752316342
80.3773397956
80.3761803068
80.376496531
80.3781830601
80.3771289794
80.3773397956
80.3786046923
80.376496531
80.3752316342
80.3762857149
80.3783938762
80.3800804053
80.382821015
80.3854562167
80.3866157054
80.3878806022
80.3918861087
80.3915698845
80.3945213103
80.3969456959
80.3978943685
80.4007403863
80.4021106911
80.4029539556
80.4042188524
80.405167525
80.4040080363
80.4059053815
80.4040080363
80.4049567089
80.4055891573
80.4071702783
80.4086459912
80.41307313
80.41307313
80.4126514977
80.4133893542
80.4166570043
80.4212949592
80.4208733269
80.4208733269
80.4229814882
80.4246680173
80.4243517931
80.4251950576
80.4234031205
80.4244572012
80.4246680173
80.4270924028
80.4269869948
80.4247734254
80.4243517931
80.427408627
80.4265653625
80.4268815867
80.4286735238
80.4303600529
80.4319411739
80.4307816851
80.4320465819
80.4331006626
80.4336277029
80.4355250481
80.4359466804
80.4374223933
80.4392143304
80.4380548417
80.438476474
80.4388981062
80.4364737207
80.4390035143
80.4395305546
80.4403738192
80.4386872901
80.4379494336
80.437000761
80.4395305546
80.4375278014
80.4388981062
80.4367899449
80.4372115772
80.4365791288
80.4375278014
80.4390035143
80.437000761
80.4394251466
80.4397413708
80.4412170837
80.4411116756
80.4415333079
80.4435360612
80.441744124
80.4460658547
80.4458550386
80.446487487
80.4476469757
80.4489118725
80.4502821774
80.45123085
80.4497551371
80.4507038097
80.4534444194
80.4534444194
80.4502821774
80.4510200339
80.4504929935
80.4511254419
80.45123085
80.452917379
80.452917379
80.4522849307
80.4531281952
