63.426036214
67.4590542367
68.1680288902
70.0797095797
71.7659224154
73.0488439897
73.9013844295
74.5389978223
75.0553919388
75.4968409203
75.906878298
76.2709577588
76.5843359397
76.8644051717
77.1343552294
77.3509688055
77.5733798253
77.7783985142
77.9666573205
78.1549161268
78.3245177054
78.479783787
78.6096465246
78.7284414153
78.8302656072
78.9519065157
79.0470899995
79.1491250076
79.2191159636
79.296063852
79.3612060369
79.4366782124
79.4864308196
79.5327049607
79.5916280697
79.6458078158
79.7168528524
79.7705055582
79.8109822556
79.8585212935
79.9042683942
79.9610833419
80.005670954
80.0511018305
80.0935812812
80.1288929834
80.1663128469
80.2026786298
80.2357767626
80.2681370389
80.2997594588
80.3378117707
80.3600528727
80.3953645749
80.4223490398
80.4532336032
80.4883344893
80.5102593671
80.5411439305
80.5646499293
80.6049158106
80.6229405899
80.6542467856
80.6792284973
80.7013641912
80.7323541627
80.7521708791
80.761446789
80.7877988055
80.8039262397
80.8276430546
80.8344945789
80.8477759952
80.8571573131
80.8626385326
80.887198612
80.899952988
80.923880619
80.9368458112
80.9516029405
80.9687844553
80.9785874054
80.9992473864
81.0048340139
81.0137936995
81.0409889806
81.0529000921
81.0663923246
81.0696599747
81.0882117943
81.0987526009
81.1080285108
81.1156178915
81.1314291015
81.1440780694
81.156199997
81.1718003909
81.1764383458
81.1884548653
81.2025795462
81.2177583077
81.2291423789
81.2428454275
81.2569701084
81.25960531
81.2719380538
81.2901736492
81.2951278284
81.2908060976
81.3017685365
81.3171581142
81.3366586065
81.3400316646
81.3391884001
81.3546833858
81.3701783715
81.372497349
81.3760812232
81.3886247831
81.3958979397
81.4073874189
81.4205634272
81.4366908613
81.4471262599
81.445650547
81.4601968601
81.4651510392
81.4704214425
81.4825433701
81.49181928
81.5046790641
81.5102656916
81.5185929288
81.5136387497
81.5259714934
81.5257606773
81.5310310806
81.5434692324
81.5498991245
81.5707699216
81.5701374732
81.5795187911
81.5905866381
81.6015490769
81.5958570414
81.6058708077
81.6012328527
81.6173602869
81.6117736594
81.6184143675
81.6230523225
81.6399176131
81.6373878195
81.6418149582
81.6427636308
81.65098546
81.6474015858
81.6632127957
81.6683777909
81.6693264635
81.6767050282
81.6822916557
81.6804997186
81.6878782832
81.6922000139
81.6957838882
81.6992623544
81.708327448
81.7054814303
81.7152843804
81.7203439676
81.7192898869
81.7359443614
81.7262468193
81.7319388549
81.7420580292
81.752809652
81.7553394456
81.765564028
81.7633504586
81.7606098489
81.7686208619
81.7685154539
81.7645099474
81.7633504586
81.7603990328
81.7716776959
81.779794117
81.7773697314
81.7906511478
81.7953945108
81.795816143
81.7997162415
81.8042487883
81.8109949046
81.810046232
81.8142625546
81.8202708144
81.8268061145
81.8252249935
81.8273331548
81.8296521323
81.8313386614
81.8362928405
81.8445146696
81.8531581311
81.8555825166
81.8635935296
81.8682314845
81.8745559685
81.8835156542
81.8829886138
81.8873103445
81.8909996269
81.8957429898
81.8978511512
81.9147164418
81.900802577
81.908708182
81.9219895983
81.9252572484
81.9297897952
81.9360088711
81.9314763243
81.937379176
81.9483416149
81.9440198842
81.953295794
81.961306807
81.9636257845
81.9629933361
81.967525883
81.9735341427
81.9735341427
81.9736395508
81.9783829138
81.9774342412
81.9828100526
81.9922967785
81.9916643301
81.9972509576
81.9916643301
81.9959860608
81.991453514
81.9999915674
82.0050511545
82.0131675756
82.0076863562
82.0221272613
82.0197028757
82.0210731806
82.0305599066
82.0253949113
82.0356194937
82.0206515483
82.0324572518
82.0380438793
82.0345654131
82.0413115293
82.0470035649
82.048690094
82.0557524344
82.0624985506
82.0748312944
82.0798908816
82.0827368994
82.0725123169
82.0813665945
82.0812611864
82.088534343
82.0922236253
82.0941209705
82.0929614818
82.1003400464
82.1004454545
82.1038185126
82.1068753465
82.1212108435
82.1205783951
82.1261650227
82.1329111389
82.1301705292
82.1334381792
82.139446439
82.1395518471
82.136284197
82.1427140891
82.1438735778
82.1526224473
82.1575766264
82.1582090748
82.1524116311
82.1597901958
82.1630578458
82.1700147782
82.1714904911
82.1707526347
82.1765500783
82.1689606975
82.1816096655
82.1780257912
82.1826637462
82.1799231364
82.180871809
82.1868800688
82.1838232349
82.1925721044
82.1910963915
82.1860368043
82.1899369027
82.1944694496
82.1987911803
82.2066967853
82.2064859691
82.2027966868
82.2081724982
82.2181862645
82.2129158612
82.2215593226
82.2228242194
82.2277783985
82.2331542099
82.238108389
82.2368434922
82.231678497
82.2414814471
82.231678497
82.234840739
82.2442220568
82.2497032763
82.2413760391
82.2478059311
82.2430625681
82.2409544068
82.2472788908
82.2525492941
82.2448545052
82.2468572585
82.2499140924
82.2555007199
82.2537087828
82.2612981636
82.2606657152
82.2588737781
82.2628792846
82.2630901007
82.2640387733
82.2655144862
82.2669901992
82.2849095704
82.2781634542
82.2796391671
82.2824851849
82.284277122
82.2891258931
82.2823797768
82.2922881351
82.2941854802
82.3014586368
82.2942908883
82.3038830223
82.3007207804
82.316110358
82.3179022952
82.3182185194
82.3187455597
82.3179022952
82.3257024921
82.3226456581
82.3206429049
82.3152670935
82.3167428064
82.33508381
82.3341351374
82.3371919713
82.3435164553
82.3435164553
82.349524715
82.3557437909
82.3514220602
82.3640710282
82.3532139973
82.352581549
82.3543734861
82.3640710282
82.3623844991
82.359011441
82.3682873508
82.3708171444
82.3705009202
82.3725036735
82.3723982654
82.3756659155
82.3753496913
82.3668116379
82.3728198977
82.3693414315
82.3887365157
82.381252543
82.3834661124
82.389263556
82.3831498882
82.3894743721
82.3964313045
82.3935852867
82.3957988561
82.3903176367
82.3983286497
82.3948501835
82.4112938418
82.4077099676
82.4095019047
82.4154047564
82.4136128193
82.4167750613
82.4141398596
82.4168804694
82.4123479225
82.4276320921
82.4323754551
82.4193048549
82.4316375986
82.4298456615
82.4288969889
82.4302672938
82.4342728003
82.429107805
82.4318484148
82.4323754551
82.4359593294
82.445024423
82.4376458584
82.4452352392
82.4518759474
82.4556706377
82.4544057409
82.4557760458
82.4615734894
82.4532462522
82.4607302249
82.4596761443
82.4598869604
82.470427767
82.4630492024
82.4637870588
82.4750657219
82.4680033815
82.4739062332
82.4660006282
82.4739062332
82.4753819461
82.4699007267
82.4789658204
82.4761198026
82.4747494977
82.4746440897
82.4778063317
82.4818118382
82.4834983672
82.4801253091
82.4798090849
82.4930905013
82.4823388785
82.4866606092
82.4827605108
82.4774901075
82.4797036768
82.4864497931
82.4950932545
82.500679882
82.5074259983
82.5003636578
82.5040529401
82.5048962047
82.5013123304
82.5077422225
