58.1726031254
62.0271112809
63.0975286543
64.0048135261
64.9703121194
65.7264200908
64.7945536091
66.0635233492
66.0449754072
66.5726978764
67.0047755364
67.4098134256
67.6176397632
67.8632323923
68.1282668401
68.4024635242
68.6660454223
68.919124269
69.1730969923
69.3995830065
69.6152307654
69.8208224113
70.0257436496
70.2126756188
70.4028478912
70.5836344581
70.7754827493
70.9476657527
71.1125860077
71.2692379031
71.4162806237
71.5613121216
71.6995278096
71.8501460371
71.9990882457
72.1469131085
72.2811063512
72.4180929587
72.5579846655
72.6918427045
72.8164267725
72.9457036933
73.0680530695
73.190849384
73.3161038595
73.4410231313
73.5565566975
73.6661683304
73.7757799633
73.890084449
74.0002547549
74.1104250607
74.2169081251
74.3288661844
74.4274160929
74.5336756881
74.6361363073
74.7370326421
74.8348004085
74.9320095019
75.0249726809
75.1257572812
75.2207316828
75.3219632214
75.4117978319
75.5097890674
75.5981711282
75.6861062507
75.7761643303
75.8621999647
75.9529284519
76.0371763328
76.1171782994
76.2075715828
76.2871266109
76.3674637812
76.4555106383
76.5279146527
76.6089222305
76.6787563493
76.7525011788
76.8266929466
76.897756146
76.9778698471
77.0520616149
77.1159738005
77.1881543457
77.2498318394
77.3151965747
77.3798909023
77.4459260451
77.5007877289
77.5586662465
77.623137105
77.6833620491
77.7481681114
77.8009068379
77.8643720851
77.9276138631
77.9877270726
78.0410244721
78.1000203357
78.1532060006
78.2155539019
78.2722033391
78.3232660468
78.3780159959
78.4327659451
78.4872924251
78.5395842132
78.5945576316
78.6525478839
78.7039457953
78.7580253369
78.8061829453
78.8466308669
78.8971349016
78.9421639415
78.9867460429
79.0363562009
79.0836199326
79.1298780529
79.1788178033
79.2265284733
79.2722279207
79.3206089982
79.3669788531
79.4110022816
79.4527910183
79.5006134229
79.547206747
79.5926827252
79.6359240115
79.6771540753
79.7230769918
79.7616254254
79.8024085508
79.8425212687
79.8875503085
79.9284451685
79.967552275
80.0067711162
80.0490067912
80.0885608361
80.1303495728
80.1681158643
80.2111336815
80.2566096597
80.2961637046
80.3367233608
80.3725901642
80.4091273752
80.4487931547
80.4845482235
80.5220910458
80.558851726
80.5971766904
80.6361720623
80.6759495764
80.709581688
80.7469010411
80.7806448874
80.8115953688
80.8501438024
80.8856754021
80.918413637
80.9498110568
80.9831079647
81.0126058965
81.047355354
81.0762946128
81.1076920327
81.1369664953
81.1642297353
81.1907108331
81.2231138643
81.2561873029
81.2913836988
81.3219989765
81.3466923209
81.3768606603
81.408816753
81.4454656986
81.4728406732
81.4988748327
81.5285962337
81.560664061
81.5906089312
81.6173134982
81.651727752
81.6816726221
81.7068129049
81.73541696
81.7633506075
81.7915077242
81.8246928975
81.8537438909
81.8849178416
81.915868323
81.945031051
81.9755345941
82.0086080328
82.04481004
82.0714028725
82.1045880457
82.1310691436
82.1617961559
82.1935287795
82.2253731377
82.257999638
82.2825812478
82.3134199947
82.3455995566
82.3737566733
82.3985617524
82.4241489735
82.450183133
82.4746530082
82.4991228835
82.5237044933
82.55186161
82.5804656651
82.6040416636
82.62683552
82.6524227411
82.6823676113
82.7113068701
82.740246129
82.7679563073
82.7954430165
82.8185720766
82.8420363406
82.8668414196
82.8925403753
82.918798004
82.9469551207
82.9685198966
82.991313753
83.013101998
83.0331024897
83.0563432844
83.0801427521
83.102266201
83.1251717919
83.1553401313
83.1710947085
83.1982462139
83.2179115017
83.2408170927
83.2620466648
83.280259403
83.2950083689
83.3079695814
83.3261823196
83.3413782238
83.359590962
83.3755690084
83.3932230736
83.4056256131
83.4173577451
83.4248439626
83.4285312041
83.4341179336
83.4333357915
83.4275255928
83.4193689677
83.4065194899
83.3914353202
83.3580266778
83.3227185473
83.255454324
83.1675192016
83.0513152279
82.8961158822
82.6689594605
82.3792316683
82.0718498108
81.8354194181
81.7875970136
81.9657019502
82.2477200557
82.5056034897
82.7393522522
82.931870951
83.0918748841
83.219475786
83.3390317974
83.43646436
83.529986212
83.6021667572
83.6604922132
83.715353897
83.7639584437
83.8066410571
83.8425078605
83.8774807872
83.9104424913
83.9411695036
83.9659745826
83.9930143534
84.0152495369
84.0403898196
84.0629602068
84.084189779
84.1069836354
84.1296657571
84.1549177745
84.174694797
84.1981590609
84.2189416947
84.2389421863
84.2576018628
84.278272762
84.2958150927
84.3140278309
84.3273242471
84.3460956582
84.3617385008
84.3709007372
84.3825211346
84.3981639772
84.4125777393
84.4248685443
84.432019558
84.4411817944
84.4586123905
84.4698975841
84.47783074
84.4936970518
84.5059878567
84.5158205006
84.5313516086
84.5393964991
84.5493408777
84.5581679103
84.5684474926
84.5798444208
84.5947051212
84.6099010255
84.6226387688
84.6290076404
84.6350413083
84.6406280378
84.6429744642
84.6468851748
84.6449856868
84.6371642655
84.6282254983
84.6143704091
84.5896770647
84.5649837203
84.5264352867
84.480288901
84.3944767357
84.3010666184
84.1431856426
83.8954700562
83.4965775695
82.9391336994
82.5288442844
82.5385651938
82.8891883376
83.2994777525
83.6195973532
83.8801624174
84.0965923185
84.2707865445
84.4177175305
84.5302342627
84.6377229384
84.7334794822
84.8103528802
84.8670023174
84.9265568539
84.9795190496
85.0299113498
85.0743817166
85.1150531075
85.1501377687
85.1839933496
85.2160611769
85.2429892131
85.2728223487
85.3013146692
85.3236615872
85.3445559556
85.361874817
85.3860094885
85.40332835
85.4196416001
85.4328262818
85.4526033042
85.469028289
85.4838889895
85.5032190735
85.5222139539
85.5387506732
85.5549521888
85.5684720742
85.5823271633
85.5983052097
85.6158475404
85.6340602786
85.6536138318
85.6729439159
85.6921622654
85.7049000087
85.7267999884
85.7412137505
85.7580856736
85.7714938244
85.7865779941
85.8031147134
85.8186458215
85.8339534603
85.8495963029
85.867026899
85.8828932108
85.8952957503
85.9091508395
85.9265814355
85.9393191788
85.9519451875
85.9630069119
85.9785380199
85.9895997444
85.9993206537
86.0085946247
86.0163043114
86.0234553252
86.0291537893
86.0396568407
86.0488190771
86.0530649915
86.058651721
86.0652440619
86.0719481373
86.0787639473
86.0853562881
86.0977588276
86.1110552438
86.1213348261
86.1304970625
86.1451342938
86.163347032
86.1741852872
86.1910572103
86.19932557
86.2073704605
86.214856678
86.2230133031
86.2259184025
86.2260301371
86.233963293
86.2382092074
86.2431255293
86.251393889
86.2585449028
86.2705005039
86.2825678397
86.2850260006
86.2827913088
86.2823443705
86.2791040674
86.2585449028
86.2344102313
86.2147449435
86.1928449638
86.170162842
86.1663638659
86.1737383489
86.1663638659
86.1420057253
86.0852445535
86.0141813542
85.9279222506
85.8425570237
85.7571917969
85.6618821915
85.5259011953
85.2501402269
84.7192891892
83.8021716735
83.03846575
83.2860696017
83.8665307974
84.4068792752
84.8072243117
85.0932648624
85.3309243356
85.500090505
85.6491444482
85.7624433226
85.8655743493
85.9541798793
86.0303828697
86.1011108653
86.1670342735
86.2218959572
86.2721765228
