60.680150797
61.2007222524
61.9959373303
62.6442214222
63.7099459428
64.4687355443
65.1671884672
65.5298789467
66.0568192738
66.3315746309
66.7392941502
67.0667882339
67.4424399259
67.6889264317
67.9711680064
68.237878473
68.4556491891
68.6866045869
68.9242640601
69.1130955174
69.3357825555
69.5486369497
69.7626086898
69.9800442022
70.1654118872
70.3637407847
70.5439686786
70.7673261242
70.9654315525
71.1454359772
71.3075628675
71.4884611689
71.6537166277
71.8174078022
71.9848979528
72.1536171839
72.3264705948
72.4909439115
72.6468136647
72.8106165738
72.9470445084
73.0906234567
73.224369761
73.3594568805
73.4780072806
73.603038287
73.7330973499
73.864720697
73.9906455801
74.1053970042
74.2218244471
74.3335590372
74.4542323945
74.566413923
74.6884280954
74.7941290177
74.9031819777
75.0037431088
75.1092205618
75.1973791535
75.2960407965
75.3873279567
75.4845370501
75.5724721725
75.6669996357
75.7564990424
75.844657634
75.9334866332
76.0165054337
76.1045522907
76.1881297641
76.275394479
76.3536086921
76.4364040233
76.51908762
76.5945084684
76.6668007482
76.7361879286
76.8063572512
76.8758561663
76.9370867217
77.0022279877
77.0673692538
77.1396615336
77.205249738
77.2781006907
77.3414542033
77.3988857827
77.4659265367
77.5147545526
77.5595601233
77.5910692777
77.6517411601
77.7076084552
77.7582242245
77.8119685624
77.8661598386
77.9201276456
77.9729781067
78.0163311277
78.0697402618
78.0989029898
78.1427029491
78.1895197424
78.2462809142
78.3076232041
78.3847200713
78.4571240857
78.542377578
78.6270723973
78.6833866307
78.7367957648
78.780372255
78.8211553804
78.864061463
78.915571109
78.9617174947
79.0050705157
79.0495408826
79.1021678745
79.146191303
79.1916672812
79.2352437714
79.2750212854
79.3011671795
79.3600513085
79.4047451446
79.4453048008
79.485864457
79.5281001321
79.5667603003
79.6075434256
79.6446393096
79.6740255068
79.7024060927
79.7458708482
79.800173859
79.8654268597
79.935931386
79.992916027
80.0571634163
80.1263271276
80.1794010579
80.2485647692
80.3087897133
80.3571707908
80.3949370823
80.4223120568
80.4338207196
80.4472288704
80.429910009
80.3757187328
80.3294606124
80.336388157
80.4169487965
80.4287926631
80.5759471183
80.6350547164
80.6518149049
80.6767317185
80.6913689499
80.7012015938
80.6985199636
80.6670108092
80.6015343394
80.5101354447
80.3538187531
80.1099021428
79.7491111513
79.3750237436
79.3326763339
79.2421713159
79.5589388789
79.9188359937
80.2168321456
80.4172840003
80.4981798435
80.7134923987
80.6858939549
80.7816504987
80.9831079647
81.1247874249
81.1729450333
81.2630031129
81.2970821629
81.2492597583
81.4270294912
81.5216686891
81.5877038318
81.5620048761
81.3863581004
81.7260312544
81.8044689367
81.8494979765
81.9222371947
81.8860351875
81.7591046931
81.8996668075
81.8509505262
82.0130774164
81.9719590873
82.090621222
82.0936380559
82.2450384255
82.1779976715
82.3098444878
82.2981123558
82.4404622237
82.3957683876
82.5454927384
82.5151009299
82.6444895852
82.6147681842
82.7447155126
82.7175640072
82.8341031847
82.8089629019
82.9097475022
82.884160281
82.9798050902
82.9617040866
83.0442759487
83.0224877036
83.10662385
83.0874055005
83.1667370595
83.1487477904
83.218917113
83.2038329434
83.2746726735
83.257912485
83.3209307938
83.3100925386
83.3766863543
83.3454006691
83.4314363035
83.4017149025
83.4818286036
83.4703199408
83.5246229516
83.5223882598
83.562947916
83.5604897551
83.610658586
83.604401449
83.5857417724
83.6221672488
83.6645146585
83.7131192052
83.6889845337
83.7136778781
83.7080911486
83.6997110543
83.6705483263
83.7248513371
83.7218345032
83.6550172183
83.7083146178
83.7260804176
83.6476427354
83.6246254098
83.3452889345
83.0909810074
83.0809248942
83.3228302819
83.5164663265
83.6477544699
83.7901043378
83.886531289
83.9064200461
84.0248587116
84.0872066129
84.0863127362
84.1631861342
84.2134666997
84.1383810552
84.2316794379
84.2357018832
84.3001727417
84.2830773494
84.2616243081
84.3151451768
84.3146982384
84.3698951259
84.3438609664
84.3673252303
84.4012925457
84.3579395248
84.3617385008
84.3797277698
84.3475482079
84.3202849679
84.376152263
84.3769344051
84.2887758135
84.2759263356
84.3001727417
84.115810668
84.0555857239
84.0759214193
83.962063872
84.0739101967
84.061284188
84.0243000387
83.995584249
83.855469073
83.8873134312
