58.8766427778
60.7140063778
61.2303319188
62.4342721274
63.4712808583
64.2221373039
64.7786872973
65.27411847
65.6933466521
66.0494447908
66.3747041827
66.667672278
66.9549419092
67.2070151445
67.4466858403
67.683116233
67.9155241805
68.1479321279
68.373077327
68.5869373325
68.7749866477
68.9450466939
69.1328725399
69.317122879
69.5001441376
69.6653995964
69.8222749609
69.9875304197
70.1465287415
70.294130135
70.4446366279
70.5874334341
70.726766468
70.8669933786
71.0067733509
71.1369441483
71.283428196
71.4073418564
71.536953981
71.6638844754
71.7871277283
71.9131643459
72.0164071072
72.1282534319
72.2387589416
72.3483705745
72.4615577143
72.5744096503
72.6715070091
72.774302832
72.8592211205
72.968944488
73.0650362355
73.152971358
73.2470518828
73.3345400669
73.4306318144
73.5203546903
73.6107479737
73.7060575791
73.7874003607
73.8634916166
73.9501976585
74.0357863545
74.1132184255
74.1905387618
74.2660713448
74.3418273969
74.4214941596
74.498814496
74.5723358563
74.6442929323
74.7177025581
74.7901065725
74.8615049755
74.9299982793
74.9961451566
75.0620685648
75.1320144182
75.1919041585
75.2546989982
75.3159295536
75.3743667442
75.4309044468
75.4936992865
75.5616339173
75.6120262174
75.6702399389
75.7254368264
75.7805219793
75.834042848
75.8824239255
75.9315871452
75.980973834
76.0342712335
76.0825405764
76.1426537859
76.1914818018
76.2472373623
76.3000878234
76.3523796116
76.3984142627
76.4497004396
76.4999810051
76.5485855518
76.5980839752
76.6449007685
76.6847900172
76.7269139577
76.7765241157
76.8255756007
76.8727275978
76.9174214338
76.9606627202
77.0003284997
77.0440167244
77.0882636221
77.1242421601
77.1661426314
77.2100543254
77.2520665312
77.291397107
77.3394429807
77.3782148835
77.4140816869
77.4505071633
77.4884969239
77.5259280116
77.5601187962
77.5965442726
77.6277182232
77.6620207424
77.6939768352
77.7258211934
77.7568834094
77.7860461374
77.8211307987
77.8624725971
77.8985628697
77.9338710002
77.9640393395
78.0010234888
78.0316387665
78.0653826128
78.1001320703
78.1284009216
78.1629269099
78.198905448
78.2313084791
78.2624824297
78.2840472056
78.3232660468
78.3546634666
78.3856139481
78.4163409603
78.4456154229
78.4771245774
78.5040526136
78.5315393228
78.5591377665
78.5898647788
78.6218208716
78.6487489078
78.6799228584
78.716571804
78.7441702478
78.775455933
78.8024957038
78.8236135413
78.8511002505
78.874676249
78.8995930626
78.9287557906
78.9563542344
78.9847348203
79.0141210175
79.0444010914
79.0734520849
79.1017209362
79.1235091812
79.1553535394
79.1820581065
79.2047402283
79.2257463312
79.2544621209
79.27513302
79.2954687154
79.3197151215
79.3397156131
79.361839062
79.3870910793
79.4129017697
79.4389359292
79.4624001931
79.4835180306
79.5062001524
79.5289940088
79.5536873532
79.5783806976
79.6013980232
79.6293316707
79.6526842001
79.6764836678
79.6971545669
79.7209540346
79.7419601376
79.7658713399
79.7917937648
79.810006503
79.8316830134
79.8460967756
79.8617396182
79.8841982708
79.9050926391
79.9279982301
79.9543675934
79.9788374686
79.9970502068
80.0159333526
80.0401797586
80.0609623924
80.0786164576
80.0981700109
80.1173883604
80.1361597715
80.1580597512
80.1753786127
80.1970551231
80.2168321456
80.2379499831
80.2588443515
80.2785096393
80.2988453347
80.321415722
80.3424218249
80.3616401744
80.3829814811
80.4011942193
80.4186248154
80.4391839799
80.4551620263
80.4730395607
80.4902466876
80.5094650371
80.5277895099
80.542761945
80.5567287688
80.5680139624
80.5828746628
80.5985175055
80.6186297317
80.6322613517
80.6515914358
80.6757261072
80.6937153762
80.7099168918
80.725671469
80.7434372688
80.7586331731
80.7779632572
80.7940530382
80.809360677
80.824891785
80.8387468742
80.8536075747
80.8676861331
80.8838876486
80.9003126334
80.9166258835
80.9294753614
80.9461238153
80.963107473
80.9740574629
80.9883594904
81.0061252902
81.0232206825
81.0374109755
81.0519364722
81.0686966607
81.0844512379
81.0998706113
81.1183068187
81.1290333394
81.1445644474
81.162106778
81.1778613553
81.1932807287
81.2116052015
81.2243429447
81.2386449723
81.252611796
81.2650143355
81.2780872826
81.2927245139
81.31015511
81.3247923413
81.341217326
81.3535081309
81.3655754667
81.3759667835
81.3902688111
81.4014422701
81.4176437857
81.4320575478
81.4468065137
81.461443745
81.4713881235
81.4817794404
81.4944054491
81.508595742
81.5193222627
81.5302722525
81.5436804033
81.5573120233
81.5712788471
81.57865333
81.5948548456
81.6050226933
81.6163078869
81.6271461421
81.6453588803
81.6602195808
81.6734042625
81.6888236359
81.6989914836
81.7136287149
81.7251373777
81.73541696
81.7498307221
81.7606689773
81.7759766162
81.7882674211
81.8016755719
81.8154189265
81.829720954
81.8424586973
81.8553081752
81.8688280606
81.8833535573
81.895979566
81.9077116979
81.9214550525
81.9318463694
81.9441371743
81.9568749176
81.970394803
81.9845850959
81.999557531
82.0117366013
82.0244743446
82.0392233105
82.0515141154
82.0601176789
82.0650340008
82.076430929
82.088163061
82.1002303967
82.1118507941
82.1224655802
82.1379966882
82.1500640239
82.1635839093
82.1724109419
82.1832491972
82.1939757178
82.209730295
82.2209037541
82.2311833364
82.2448149563
82.253083316
82.2635863675
82.2763241108
82.2834751245
82.2943133798
82.305710308
82.3162133594
82.326157738
82.334873036
82.344147007
82.3535327125
82.3612423993
82.3721923891
82.3852653361
82.3966622643
82.4127520453
82.4222494855
82.4333112099
82.441467835
82.4527530286
82.4624739379
82.4717479089
82.4824744295
82.4958825804
82.5057152243
82.5157713374
82.5261626543
82.5334254026
82.5438167195
82.5548784439
82.561135581
82.5715268979
82.5819182147
82.594655958
82.6034829906
82.6120865541
82.6182319565
82.6273941929
82.6395732633
82.6479533575
82.6561099826
82.662814058
82.6701885409
82.6780099623
82.6886247483
82.7004686149
82.7088487091
82.7219216562
82.7332068498
82.7411400057
82.750860915
82.760134886
82.7653864117
82.7725374255
82.7808057852
82.7920909788
82.8011414806
82.8101919824
82.8200246263
82.8280695168
82.8360026727
82.8452766437
82.8557796951
82.8627072397
82.8739924333
82.8831546697
82.8942163941
82.9040490381
82.9172337197
82.9258372832
82.932429624
82.9404745145
82.9495250163
82.9570112338
82.9663969394
82.9762295833
82.9856152889
82.9939953831
83.0028224157
83.0086326144
83.0165657703
83.0278509639
83.0371249349
83.0442759487
83.05209737
83.0599187913
83.0694162315
83.0782432641
83.0857294816
83.0908692728
83.0990258978
83.1084116034
83.1175738398
83.1272947491
83.1386916773
83.1480773829
83.1599212495
83.171765116
83.1793630681
83.1905365272
83.1980227447
83.2049502893
83.2157885445
83.2251742501
83.2359007707
83.2438339266
83.2495323907
83.2581359542
83.2675216598
83.276460427
83.2840583791
83.2922150042
83.3005950984
83.3083047851
83.3137797801
83.3232772202
83.3357914943
83.3447302615
83.3487527068
83.3584736161
83.368864933
83.3774684964
83.3847312448
83.393111339
83.4002623528
83.4085307125
83.4198159061
83.4307658959
83.4384755826
83.4452913926
83.4528893448
