Building computational graph
Reading data
Training Neural Network
('Epoch 0 loss', 0.34237293306011407)
Train  Classification Accuracy: 61.0104382454%
('Valid Loss = ', 0.28402549)
Valid  Classification Accuracy: 61.2202625193%
('Test Loss = ', 0.24665031)
Test  Classification Accuracy: 66.080373578%
 
('Epoch 1 loss', 0.22429317762359952)
Train  Classification Accuracy: 65.1180252475%
('Valid Loss = ', 0.22318842)
Valid  Classification Accuracy: 63.9648218933%
('Test Loss = ', 0.20103383)
Test  Classification Accuracy: 67.9177102508%
 
('Epoch 2 loss', 0.20340640328995271)
Train  Classification Accuracy: 67.8986522574%
('Valid Loss = ', 0.21530057)
Valid  Classification Accuracy: 65.8527487284%
('Test Loss = ', 0.19330972)
Test  Classification Accuracy: 69.3665318809%
 
('Epoch 3 loss', 0.19394050893369102)
Train  Classification Accuracy: 69.8516611582%
('Valid Loss = ', 0.21154414)
Valid  Classification Accuracy: 66.6352158477%
('Test Loss = ', 0.18840982)
Test  Classification Accuracy: 70.3570566402%
 
('Epoch 4 loss', 0.18705353394875385)
Train  Classification Accuracy: 71.2515838378%
('Valid Loss = ', 0.21009502)
Valid  Classification Accuracy: 66.9959494271%
('Test Loss = ', 0.18488358)
Test  Classification Accuracy: 71.200096563%
 
('Epoch 5 loss', 0.1819023464131182)
Train  Classification Accuracy: 72.2919446065%
('Valid Loss = ', 0.20960952)
Valid  Classification Accuracy: 67.2285392045%
('Test Loss = ', 0.18183388)
Test  Classification Accuracy: 71.8703793114%
 
('Epoch 6 loss', 0.1778311929085056)
Train  Classification Accuracy: 73.0533041036%
('Valid Loss = ', 0.20930421)
Valid  Classification Accuracy: 67.4523520093%
('Test Loss = ', 0.17989247)
Test  Classification Accuracy: 72.3218865989%
 
('Epoch 7 loss', 0.17443328089658078)
Train  Classification Accuracy: 73.7069514558%
('Valid Loss = ', 0.20933525)
Valid  Classification Accuracy: 67.4589347388%
('Test Loss = ', 0.17812802)
Test  Classification Accuracy: 72.6979540722%
 
('Epoch 8 loss', 0.17150209102802533)
Train  Classification Accuracy: 74.2515458481%
('Valid Loss = ', 0.20934471)
Valid  Classification Accuracy: 67.5594310766%
('Test Loss = ', 0.17649597)
Test  Classification Accuracy: 72.9989589306%
 
('Epoch 9 loss', 0.16892061174715478)
Train  Classification Accuracy: 74.6799362666%
('Valid Loss = ', 0.20938891)
Valid  Classification Accuracy: 67.705128824%
('Test Loss = ', 0.17558134)
Test  Classification Accuracy: 73.1324874016%
 
('Epoch 10 loss', 0.16662468291848248)
Train  Classification Accuracy: 75.1130195379%
('Valid Loss = ', 0.20984454)
Valid  Classification Accuracy: 67.6950353054%
('Test Loss = ', 0.17485078)
Test  Classification Accuracy: 73.2731826549%
 
('Epoch 11 loss', 0.16456619743830403)
Train  Classification Accuracy: 75.4502345309%
('Valid Loss = ', 0.21011806)
Valid  Classification Accuracy: 67.7972870377%
('Test Loss = ', 0.17453806)
Test  Classification Accuracy: 73.3776667974%
 
('Epoch 12 loss', 0.16267433587634544)
Train  Classification Accuracy: 75.7764995341%
('Valid Loss = ', 0.21034503)
Valid  Classification Accuracy: 67.8253733505%
('Test Loss = ', 0.17417888)
Test  Classification Accuracy: 73.4636681855%
 
('Epoch 13 loss', 0.16097438324590579)
Train  Classification Accuracy: 76.1036584139%
('Valid Loss = ', 0.21075246)
Valid  Classification Accuracy: 67.8604812414%
('Test Loss = ', 0.1739324)
Test  Classification Accuracy: 73.5172304535%
 
('Epoch 14 loss', 0.15948459790897743)
Train  Classification Accuracy: 76.3693632693%
('Valid Loss = ', 0.21140584)
Valid  Classification Accuracy: 67.7415532609%
('Test Loss = ', 0.17382024)
Test  Classification Accuracy: 73.5470291801%
 
('Epoch 15 loss', 0.15810800142598724)
Train  Classification Accuracy: 76.5913798998%
('Valid Loss = ', 0.21181266)
Valid  Classification Accuracy: 67.7503302336%
('Test Loss = ', 0.17351912)
Test  Classification Accuracy: 73.6179426054%
 
('Epoch 16 loss', 0.15683306028984192)
Train  Classification Accuracy: 76.8304919227%
('Valid Loss = ', 0.21218672)
Valid  Classification Accuracy: 67.73540938%
('Test Loss = ', 0.17332801)
Test  Classification Accuracy: 73.6307673738%
 
('Epoch 17 loss', 0.15564518294033222)
Train  Classification Accuracy: 77.0263626592%
('Valid Loss = ', 0.2126148)
Valid  Classification Accuracy: 67.7345316827%
('Test Loss = ', 0.17328237)
Test  Classification Accuracy: 73.6752768641%
 
('Epoch 18 loss', 0.15454268911952343)
Train  Classification Accuracy: 77.1930706677%
('Valid Loss = ', 0.21298562)
Valid  Classification Accuracy: 67.724438164%
('Test Loss = ', 0.17342888)
Test  Classification Accuracy: 73.7167687619%
 
('Epoch 19 loss', 0.15352063473624314)
Train  Classification Accuracy: 77.3805613099%
('Valid Loss = ', 0.2134026)
Valid  Classification Accuracy: 67.6643159008%
('Test Loss = ', 0.17363194)
Test  Classification Accuracy: 73.6839524427%
 
('Epoch 20 loss', 0.15258752114450286)
Train  Classification Accuracy: 77.5452580957%
('Valid Loss = ', 0.21371385)
Valid  Classification Accuracy: 67.6814309976%
('Test Loss = ', 0.1738248)
Test  Classification Accuracy: 73.6386885543%
 
('Epoch 21 loss', 0.15171940976627851)
Train  Classification Accuracy: 77.7178880375%
('Valid Loss = ', 0.21431658)
Valid  Classification Accuracy: 67.6116540644%
('Test Loss = ', 0.17429867)
Test  Classification Accuracy: 73.6017230454%
 
('Epoch 22 loss', 0.15091086535096634)
Train  Classification Accuracy: 77.8577797443%
('Valid Loss = ', 0.21482402)
Valid  Classification Accuracy: 67.5295893693%
('Test Loss = ', 0.17440706)
Test  Classification Accuracy: 73.5911614714%
 
('Epoch 23 loss', 0.15015373055397832)
Train  Classification Accuracy: 77.9886209493%
('Valid Loss = ', 0.2154309)
Valid  Classification Accuracy: 67.4703448034%
('Test Loss = ', 0.1748822)
Test  Classification Accuracy: 73.5443887866%
 
('Epoch 24 loss', 0.14944079289261758)
Train  Classification Accuracy: 78.1076182878%
('Valid Loss = ', 0.21587354)
Valid  Classification Accuracy: 67.3759923465%
('Test Loss = ', 0.17517437)
Test  Classification Accuracy: 73.5274148284%
 
('Epoch 25 loss', 0.14877638324903603)
Train  Classification Accuracy: 78.2197998163%
('Valid Loss = ', 0.21639538)
Valid  Classification Accuracy: 67.2855895273%
('Test Loss = ', 0.17542377)
Test  Classification Accuracy: 73.4934669121%
 
('Epoch 26 loss', 0.14814896222314333)
Train  Classification Accuracy: 78.322930843%
('Valid Loss = ', 0.21689041)
Valid  Classification Accuracy: 67.2342442368%
('Test Loss = ', 0.17586249)
Test  Classification Accuracy: 73.4647997827%
 
('Epoch 27 loss', 0.14756200641243733)
Train  Classification Accuracy: 78.4143297377%
('Valid Loss = ', 0.21714488)
Valid  Classification Accuracy: 67.221956475%
('Test Loss = ', 0.17615341)
Test  Classification Accuracy: 73.4414134404%
 
('Epoch 28 loss', 0.14701706587501981)
Train  Classification Accuracy: 78.5145556651%
('Valid Loss = ', 0.21741238)
Valid  Classification Accuracy: 67.18816513%
('Test Loss = ', 0.17641532)
Test  Classification Accuracy: 73.4036935333%
 
('Epoch 29 loss', 0.14650093247648588)
Train  Classification Accuracy: 78.5995856881%
('Valid Loss = ', 0.21762609)
Valid  Classification Accuracy: 67.153057239%
('Test Loss = ', 0.17661878)
Test  Classification Accuracy: 73.3901143668%
 
('Epoch 30 loss', 0.14601366321440179)
Train  Classification Accuracy: 78.6804815314%
('Valid Loss = ', 0.21781656)
Valid  Classification Accuracy: 67.1157551049%
('Test Loss = ', 0.17669357)
Test  Classification Accuracy: 73.3999215426%
 
('Epoch 31 loss', 0.1455597005547126)
Train  Classification Accuracy: 78.7659584928%
('Valid Loss = ', 0.21799983)
Valid  Classification Accuracy: 67.0810860626%
('Test Loss = ', 0.17712906)
Test  Classification Accuracy: 73.3659736262%
 
('Epoch 32 loss', 0.14512813358232921)
Train  Classification Accuracy: 78.8285298633%
('Valid Loss = ', 0.21825321)
Valid  Classification Accuracy: 67.0705536953%
('Test Loss = ', 0.17727038)
Test  Classification Accuracy: 73.370122816%
 
('Epoch 33 loss', 0.14473275269307259)
Train  Classification Accuracy: 78.891324703%
('Valid Loss = ', 0.21848388)
Valid  Classification Accuracy: 67.0499278094%
('Test Loss = ', 0.17728287)
Test  Classification Accuracy: 73.3712544132%
 
('Epoch 34 loss', 0.14435139198070668)
Train  Classification Accuracy: 78.9538960734%
('Valid Loss = ', 0.21866871)
Valid  Classification Accuracy: 67.016575313%
('Test Loss = ', 0.1772774)
Test  Classification Accuracy: 73.3723860104%
 
('Epoch 35 loss', 0.14398959589327695)
Train  Classification Accuracy: 79.0112159182%
('Valid Loss = ', 0.21857268)
Valid  Classification Accuracy: 67.0494889608%
('Test Loss = ', 0.17713077)
Test  Classification Accuracy: 73.4150095054%
 
('Epoch 36 loss', 0.14365006643443751)
Train  Classification Accuracy: 79.0669714786%
('Valid Loss = ', 0.21858267)
Valid  Classification Accuracy: 67.1003954026%
('Test Loss = ', 0.17707239)
Test  Classification Accuracy: 73.4282114729%
 
('Epoch 37 loss', 0.14332768503033028)
Train  Classification Accuracy: 79.1046260355%
('Valid Loss = ', 0.21850345)
Valid  Classification Accuracy: 67.1056615863%
('Test Loss = ', 0.1770529)
Test  Classification Accuracy: 73.4116147138%
 
('Epoch 38 loss', 0.1430249044628967)
Train  Classification Accuracy: 79.1601581268%
('Valid Loss = ', 0.21852477)
Valid  Classification Accuracy: 67.1082946781%
('Test Loss = ', 0.17706981)
Test  Classification Accuracy: 73.4067111259%
 
('Epoch 39 loss', 0.14272855308017229)
Train  Classification Accuracy: 79.2183718482%
('Valid Loss = ', 0.21855155)
Valid  Classification Accuracy: 67.1464745095%
('Test Loss = ', 0.17708315)
Test  Classification Accuracy: 73.4112375147%
 
('Epoch 40 loss', 0.14245910985034027)
Train  Classification Accuracy: 79.2512218177%
('Valid Loss = ', 0.21846025)
Valid  Classification Accuracy: 67.1407694772%
('Test Loss = ', 0.17687157)
Test  Classification Accuracy: 73.4531066115%
 
('Epoch 41 loss', 0.14219302324658337)
Train  Classification Accuracy: 79.2939044312%
('Valid Loss = ', 0.21835497)
Valid  Classification Accuracy: 67.1802658545%
('Test Loss = ', 0.17673713)
Test  Classification Accuracy: 73.4817737409%
 
('Epoch 42 loss', 0.14194322113403732)
Train  Classification Accuracy: 79.3387100018%
('Valid Loss = ', 0.21826507)
Valid  Classification Accuracy: 67.2166902914%
('Test Loss = ', 0.17656028)
Test  Classification Accuracy: 73.5078004768%
 
('Epoch 43 loss', 0.14170395815718967)
Train  Classification Accuracy: 79.3793813926%
('Valid Loss = ', 0.21816486)
Valid  Classification Accuracy: 67.2210787777%
('Test Loss = ', 0.17646973)
Test  Classification Accuracy: 73.5285464257%
 
('Epoch 44 loss', 0.1414734597576604)
Train  Classification Accuracy: 79.422622679%
('Valid Loss = ', 0.21810675)
Valid  Classification Accuracy: 67.2443377555%
('Test Loss = ', 0.17633505)
Test  Classification Accuracy: 73.5594767494%
 
('Epoch 45 loss', 0.14124300480805141)
Train  Classification Accuracy: 79.4693277377%
('Valid Loss = ', 0.2180244)
Valid  Classification Accuracy: 67.2711075223%
('Test Loss = ', 0.17626213)
Test  Classification Accuracy: 73.5764507076%
 
('Epoch 46 loss', 0.14101866648525682)
Train  Classification Accuracy: 79.5077644367%
('Valid Loss = ', 0.21795586)
Valid  Classification Accuracy: 67.2991938351%
('Test Loss = ', 0.17606121)
Test  Classification Accuracy: 73.6122846193%
 
('Epoch 47 loss', 0.14080107511089393)
Train  Classification Accuracy: 79.5405026716%
('Valid Loss = ', 0.21789676)
Valid  Classification Accuracy: 67.3215751155%
('Test Loss = ', 0.1760429)
Test  Classification Accuracy: 73.6394429524%
 
('Epoch 48 loss', 0.14058311432266848)
Train  Classification Accuracy: 79.5848613039%
('Valid Loss = ', 0.21788163)
Valid  Classification Accuracy: 67.3452729419%
('Test Loss = ', 0.17573938)
Test  Classification Accuracy: 73.6903648269%
 
('Epoch 49 loss', 0.14037133115689937)
Train  Classification Accuracy: 79.599275066%
('Valid Loss = ', 0.21779203)
Valid  Classification Accuracy: 67.368093071%
('Test Loss = ', 0.17550209)
Test  Classification Accuracy: 73.7216723498%
 
('Epoch 50 loss', 0.14015858176452212)
Train  Classification Accuracy: 79.6402816606%
('Valid Loss = ', 0.21772236)
Valid  Classification Accuracy: 67.3865247138%
('Test Loss = ', 0.1753262)
Test  Classification Accuracy: 73.7488306829%
 
('Epoch 51 loss', 0.13996277851989111)
Train  Classification Accuracy: 79.674248976%
('Valid Loss = ', 0.21770228)
Valid  Classification Accuracy: 67.3878412597%
('Test Loss = ', 0.17528692)
Test  Classification Accuracy: 73.7801382057%
 
('Epoch 52 loss', 0.13975957021442054)
Train  Classification Accuracy: 79.7105627177%
('Valid Loss = ', 0.21784411)
Valid  Classification Accuracy: 67.3852081679%
('Test Loss = ', 0.17527109)
Test  Classification Accuracy: 73.7571290624%
 
('Epoch 53 loss', 0.13957160680886418)
Train  Classification Accuracy: 79.7454239099%
('Valid Loss = ', 0.21787357)
Valid  Classification Accuracy: 67.398373627%
('Test Loss = ', 0.17524402)
Test  Classification Accuracy: 73.8023929509%
 
('Epoch 54 loss', 0.1393833114130994)
Train  Classification Accuracy: 79.7777152064%
('Valid Loss = ', 0.21785739)
Valid  Classification Accuracy: 67.4282153342%
('Test Loss = ', 0.17525868)
Test  Classification Accuracy: 73.824270497%
 
('Epoch 55 loss', 0.13920132958685771)
Train  Classification Accuracy: 79.8033024275%
('Valid Loss = ', 0.21791077)
Valid  Classification Accuracy: 67.4347980638%
('Test Loss = ', 0.17522526)
Test  Classification Accuracy: 73.8333232747%
 
('Epoch 56 loss', 0.13902284976671767)
Train  Classification Accuracy: 79.839169231%
('Valid Loss = ', 0.21790086)
Valid  Classification Accuracy: 67.4712225006%
('Test Loss = ', 0.17514028)
Test  Classification Accuracy: 73.8770783669%
 
('Epoch 57 loss', 0.13885470823311419)
Train  Classification Accuracy: 79.8657620634%
('Valid Loss = ', 0.21792547)
Valid  Classification Accuracy: 67.4839491111%
('Test Loss = ', 0.17514077)
Test  Classification Accuracy: 73.8767011678%
 
('Epoch 58 loss', 0.13868257543722834)
Train  Classification Accuracy: 79.8933605072%
('Valid Loss = ', 0.21787322)
Valid  Classification Accuracy: 67.4962368729%
('Test Loss = ', 0.17511085)
Test  Classification Accuracy: 73.9057454962%
 
('Epoch 59 loss', 0.13851544996874501)
Train  Classification Accuracy: 79.9193946667%
('Valid Loss = ', 0.21792805)
Valid  Classification Accuracy: 67.4870210516%
('Test Loss = ', 0.1750672)
Test  Classification Accuracy: 73.9355442228%
 
('Epoch 60 loss', 0.13834247462838772)
Train  Classification Accuracy: 79.9568257544%
('Valid Loss = ', 0.21807657)
Valid  Classification Accuracy: 67.480438322%
('Test Loss = ', 0.17496946)
Test  Classification Accuracy: 73.9766589215%
 
('Epoch 61 loss', 0.13817562440659095)
Train  Classification Accuracy: 79.987999705%
('Valid Loss = ', 0.2180227)
Valid  Classification Accuracy: 67.4944814784%
('Test Loss = ', 0.17493176)
Test  Classification Accuracy: 73.9906152871%
 
('Epoch 62 loss', 0.13801484010684684)
Train  Classification Accuracy: 80.0277772191%
('Valid Loss = ', 0.21811259)
Valid  Classification Accuracy: 67.4962368729%
('Test Loss = ', 0.17484975)
Test  Classification Accuracy: 74.011361236%
 
('Epoch 63 loss', 0.13786826824562184)
Train  Classification Accuracy: 80.0398445548%
('Valid Loss = ', 0.21809615)
Valid  Classification Accuracy: 67.4979922675%
('Test Loss = ', 0.17480345)
Test  Classification Accuracy: 74.0528531338%
 
('Epoch 64 loss', 0.13772323505214767)
Train  Classification Accuracy: 80.0642026955%
('Valid Loss = ', 0.21815445)
Valid  Classification Accuracy: 67.5028196025%
('Test Loss = ', 0.17464855)
Test  Classification Accuracy: 74.1030206102%
 
('Epoch 65 loss', 0.13757676296373397)
Train  Classification Accuracy: 80.0943710348%
('Valid Loss = ', 0.21825776)
Valid  Classification Accuracy: 67.5212512452%
('Test Loss = ', 0.17472509)
Test  Classification Accuracy: 74.1154681795%
 
('Epoch 66 loss', 0.13742868496076963)
Train  Classification Accuracy: 80.1126955076%
('Valid Loss = ', 0.21833463)
Valid  Classification Accuracy: 67.5085246348%
('Test Loss = ', 0.17467014)
Test  Classification Accuracy: 74.1113189897%
 
('Epoch 67 loss', 0.13729037880447739)
Train  Classification Accuracy: 80.1386179325%
('Valid Loss = ', 0.21847737)
Valid  Classification Accuracy: 67.5050138457%
('Test Loss = ', 0.17464803)
Test  Classification Accuracy: 74.1158453786%
 
('Epoch 68 loss', 0.13715250475270713)
Train  Classification Accuracy: 80.162193931%
('Valid Loss = ', 0.21870643)
Valid  Classification Accuracy: 67.4843879597%
('Test Loss = ', 0.17463125)
Test  Classification Accuracy: 74.1094329944%
 
('Epoch 69 loss', 0.13702009650350216)
Train  Classification Accuracy: 80.1801832%
('Valid Loss = ', 0.21877438)
Valid  Classification Accuracy: 67.456301647%
('Test Loss = ', 0.17453904)
Test  Classification Accuracy: 74.118108573%
 
('Epoch 70 loss', 0.13688638239949025)
Train  Classification Accuracy: 80.1979489999%
('Valid Loss = ', 0.21871924)
Valid  Classification Accuracy: 67.4519131606%
('Test Loss = ', 0.17447075)
Test  Classification Accuracy: 74.1584688735%
 
('Epoch 71 loss', 0.13675801608817681)
Train  Classification Accuracy: 80.2225306097%
('Valid Loss = ', 0.21877666)
Valid  Classification Accuracy: 67.461128982%
('Test Loss = ', 0.17440049)
Test  Classification Accuracy: 74.1777060261%
 
('Epoch 72 loss', 0.13663137368462216)
Train  Classification Accuracy: 80.245883139%
('Valid Loss = ', 0.21876436)
Valid  Classification Accuracy: 67.4799994734%
('Test Loss = ', 0.17429186)
Test  Classification Accuracy: 74.1950571834%
 
('Epoch 73 loss', 0.13650446194820126)
Train  Classification Accuracy: 80.2648780193%
('Valid Loss = ', 0.21904351)
Valid  Classification Accuracy: 67.4426973393%
('Test Loss = ', 0.17441216)
Test  Classification Accuracy: 74.1705392438%
 
('Epoch 74 loss', 0.13638085662452384)
Train  Classification Accuracy: 80.3019739033%
('Valid Loss = ', 0.21908423)
Valid  Classification Accuracy: 67.4435750365%
('Test Loss = ', 0.17430988)
Test  Classification Accuracy: 74.2010923685%
 
('Epoch 75 loss', 0.13627222521035881)
Train  Classification Accuracy: 80.3153820541%
('Valid Loss = ', 0.21913917)
Valid  Classification Accuracy: 67.4159275724%
('Test Loss = ', 0.17428462)
Test  Classification Accuracy: 74.2022239657%
 
('Epoch 76 loss', 0.13615463621593707)
Train  Classification Accuracy: 80.334488669%
('Valid Loss = ', 0.21915741)
Valid  Classification Accuracy: 67.4330426693%
('Test Loss = ', 0.17427468)
Test  Classification Accuracy: 74.2158031323%
 
('Epoch 77 loss', 0.13604237234179303)
Train  Classification Accuracy: 80.3590702788%
('Valid Loss = ', 0.21932736)
Valid  Classification Accuracy: 67.4027621133%
('Test Loss = ', 0.17432776)
Test  Classification Accuracy: 74.2056187574%
 
('Epoch 78 loss', 0.13593160482659694)
Train  Classification Accuracy: 80.3788473013%
('Valid Loss = ', 0.21944293)
Valid  Classification Accuracy: 67.4115390861%
('Test Loss = ', 0.1742243)
Test  Classification Accuracy: 74.2203295211%
 
('Epoch 79 loss', 0.13582375132551133)
Train  Classification Accuracy: 80.3872273955%
('Valid Loss = ', 0.21944536)
Valid  Classification Accuracy: 67.4010067188%
('Test Loss = ', 0.17416462)
Test  Classification Accuracy: 74.251637044%
 
('Epoch 80 loss', 0.13571607950364764)
Train  Classification Accuracy: 80.4075630909%
('Valid Loss = ', 0.21950245)
Valid  Classification Accuracy: 67.3878412597%
('Test Loss = ', 0.17418778)
Test  Classification Accuracy: 74.2444702616%
 
('Epoch 81 loss', 0.13561428248749025)
Train  Classification Accuracy: 80.4263345021%
('Valid Loss = ', 0.21952643)
Valid  Classification Accuracy: 67.3909132001%
('Test Loss = ', 0.17422713)
Test  Classification Accuracy: 74.252014243%
 
('Epoch 82 loss', 0.13551558553339582)
Train  Classification Accuracy: 80.4464467283%
('Valid Loss = ', 0.21968652)
Valid  Classification Accuracy: 67.3790642869%
('Test Loss = ', 0.1742145)
Test  Classification Accuracy: 74.2561634328%
 
('Epoch 83 loss', 0.1354239797370603)
Train  Classification Accuracy: 80.4579553911%
('Valid Loss = ', 0.21978486)
Valid  Classification Accuracy: 67.3571218551%
('Test Loss = ', 0.17417517)
Test  Classification Accuracy: 74.2754005854%
 
('Epoch 84 loss', 0.13532491640930672)
Train  Classification Accuracy: 80.4784028211%
('Valid Loss = ', 0.21982826)
Valid  Classification Accuracy: 67.3816973788%
('Test Loss = ', 0.17420231)
Test  Classification Accuracy: 74.262575817%
 
('Epoch 85 loss', 0.13523102845307367)
Train  Classification Accuracy: 80.499408924%
('Valid Loss = ', 0.21969174)
Valid  Classification Accuracy: 67.4115390861%
('Test Loss = ', 0.17418844)
Test  Classification Accuracy: 74.294637738%
 
('Epoch 86 loss', 0.13513919539945363)
Train  Classification Accuracy: 80.5083476912%
('Valid Loss = ', 0.21959475)
Valid  Classification Accuracy: 67.4299707288%
('Test Loss = ', 0.17424428)
Test  Classification Accuracy: 74.2931289417%
 
('Epoch 87 loss', 0.13504535337527948)
Train  Classification Accuracy: 80.5214206383%
('Valid Loss = ', 0.21958885)
Valid  Classification Accuracy: 67.4365534583%
('Test Loss = ', 0.17429872)
Test  Classification Accuracy: 74.2825673678%
 
('Epoch 88 loss', 0.13495623728061534)
Train  Classification Accuracy: 80.5409741915%
('Valid Loss = ', 0.21955927)
Valid  Classification Accuracy: 67.4277764856%
('Test Loss = ', 0.17432104)
Test  Classification Accuracy: 74.2799269743%
 
('Epoch 89 loss', 0.13487528820921416)
Train  Classification Accuracy: 80.5445496984%
('Valid Loss = ', 0.21956849)
Valid  Classification Accuracy: 67.4383088529%
('Test Loss = ', 0.17429134)
Test  Classification Accuracy: 74.2904885482%
 
('Epoch 90 loss', 0.13479101526264106)
Train  Classification Accuracy: 80.5617568253%
('Valid Loss = ', 0.21953814)
Valid  Classification Accuracy: 67.4589347388%
('Test Loss = ', 0.17429809)
Test  Classification Accuracy: 74.2916201454%
 
('Epoch 91 loss', 0.13470240713182011)
Train  Classification Accuracy: 80.579299156%
('Valid Loss = ', 0.21977948)
Valid  Classification Accuracy: 67.4181218156%
('Test Loss = ', 0.17423359)
Test  Classification Accuracy: 74.3006729231%
 
('Epoch 92 loss', 0.1346165158433445)
Train  Classification Accuracy: 80.5975118941%
('Valid Loss = ', 0.21976115)
Valid  Classification Accuracy: 67.4207549074%
('Test Loss = ', 0.17425016)
Test  Classification Accuracy: 74.3368840339%
 
('Epoch 93 loss', 0.13453659217007138)
Train  Classification Accuracy: 80.6168419782%
('Valid Loss = ', 0.21984524)
Valid  Classification Accuracy: 67.4247045452%
('Test Loss = ', 0.17446657)
Test  Classification Accuracy: 74.3040677148%
 
('Epoch 94 loss', 0.13445470288870653)
Train  Classification Accuracy: 80.6389654271%
('Valid Loss = ', 0.2199243)
Valid  Classification Accuracy: 67.3996901729%
('Test Loss = ', 0.17447077)
Test  Classification Accuracy: 74.2874709557%
 
('Epoch 95 loss', 0.13437539080856498)
Train  Classification Accuracy: 80.6489098056%
('Valid Loss = ', 0.21994333)
Valid  Classification Accuracy: 67.4071505997%
('Test Loss = ', 0.17455718)
Test  Classification Accuracy: 74.2701197984%
 
('Epoch 96 loss', 0.13429548673002728)
Train  Classification Accuracy: 80.6612006105%
('Valid Loss = ', 0.22001584)
Valid  Classification Accuracy: 67.3852081679%
('Test Loss = ', 0.17456548)
Test  Classification Accuracy: 74.2508826458%
 
('Epoch 97 loss', 0.13421721191313629)
Train  Classification Accuracy: 80.6884638505%
('Valid Loss = ', 0.22018887)
Valid  Classification Accuracy: 67.3514168228%
('Test Loss = ', 0.17454062)
Test  Classification Accuracy: 74.2810585715%
 
('Epoch 98 loss', 0.13414463696948239)
Train  Classification Accuracy: 80.6985199636%
('Valid Loss = ', 0.22016376)
Valid  Classification Accuracy: 67.3711650115%
('Test Loss = ', 0.1745884)
Test  Classification Accuracy: 74.2821901687%
 
('Epoch 99 loss', 0.13406938993277798)
Train  Classification Accuracy: 80.7081291384%
('Valid Loss = ', 0.22015445)
Valid  Classification Accuracy: 67.3597549469%
('Test Loss = ', 0.17448367)
Test  Classification Accuracy: 74.2942605389%
 
('Epoch 100 loss', 0.13399135880692836)
Train  Classification Accuracy: 80.7226546351%
('Valid Loss = ', 0.22025178)
Valid  Classification Accuracy: 67.3470283365%
('Test Loss = ', 0.17469496)
Test  Classification Accuracy: 74.2727601919%
 
('Epoch 101 loss', 0.13391691365926342)
Train  Classification Accuracy: 80.7261184074%
('Valid Loss = ', 0.22027178)
Valid  Classification Accuracy: 67.3610714928%
('Test Loss = ', 0.17475405)
Test  Classification Accuracy: 74.2373034793%
 
('Epoch 102 loss', 0.13384307894695399)
Train  Classification Accuracy: 80.7388561507%
('Valid Loss = ', 0.22029403)
Valid  Classification Accuracy: 67.3658988278%
('Test Loss = ', 0.17476976)
Test  Classification Accuracy: 74.2603126226%
 
('Epoch 103 loss', 0.13376843403710406)
Train  Classification Accuracy: 80.7644433718%
('Valid Loss = ', 0.22037834)
Valid  Classification Accuracy: 67.3347405746%
('Test Loss = ', 0.17476906)
Test  Classification Accuracy: 74.2437158635%
 
('Epoch 104 loss', 0.13370287466675559)
Train  Classification Accuracy: 80.7786336647%
('Valid Loss = ', 0.22037339)
Valid  Classification Accuracy: 67.3404456069%
('Test Loss = ', 0.17474632)
Test  Classification Accuracy: 74.2852077612%
 
('Epoch 105 loss', 0.13363339561633786)
Train  Classification Accuracy: 80.7808683565%
('Valid Loss = ', 0.22041218)
Valid  Classification Accuracy: 67.3395679096%
('Test Loss = ', 0.17477375)
Test  Classification Accuracy: 74.2938833399%
 
('Epoch 106 loss', 0.13356342965027951)
Train  Classification Accuracy: 80.7923770193%
('Valid Loss = ', 0.22052208)
Valid  Classification Accuracy: 67.3413233042%
('Test Loss = ', 0.17480157)
Test  Classification Accuracy: 74.3036905157%
 
('Epoch 107 loss', 0.13349471995039583)
Train  Classification Accuracy: 80.7951703841%
('Valid Loss = ', 0.22044551)
Valid  Classification Accuracy: 67.3571218551%
('Test Loss = ', 0.17485258)
Test  Classification Accuracy: 74.256917831%
 
('Epoch 108 loss', 0.13342614364880567)
Train  Classification Accuracy: 80.8096958808%
('Valid Loss = ', 0.22061147)
Valid  Classification Accuracy: 67.3496614283%
('Test Loss = ', 0.17485523)
Test  Classification Accuracy: 74.2848305622%
 
('Epoch 109 loss', 0.13335776441486405)
Train  Classification Accuracy: 80.8162882216%
('Valid Loss = ', 0.22068103)
Valid  Classification Accuracy: 67.3158700832%
('Test Loss = ', 0.17502627)
Test  Classification Accuracy: 74.2659706086%
 
('Epoch 110 loss', 0.13329253654745851)
Train  Classification Accuracy: 80.8231040316%
('Valid Loss = ', 0.22070159)
Valid  Classification Accuracy: 67.3386902124%
('Test Loss = ', 0.17495793)
Test  Classification Accuracy: 74.2723829928%
 
('Epoch 111 loss', 0.13322627582301502)
Train  Classification Accuracy: 80.8331601447%
('Valid Loss = ', 0.2207671)
Valid  Classification Accuracy: 67.3242082073%
('Test Loss = ', 0.17506371)
Test  Classification Accuracy: 74.2637074142%
 
('Epoch 112 loss', 0.13316272783872468)
Train  Classification Accuracy: 80.8388586088%
('Valid Loss = ', 0.22076929)
Valid  Classification Accuracy: 67.3312297855%
('Test Loss = ', 0.17518203)
Test  Classification Accuracy: 74.252014243%
 
('Epoch 113 loss', 0.13309164425225947)
Train  Classification Accuracy: 80.8531606364%
('Valid Loss = ', 0.22086535)
Valid  Classification Accuracy: 67.3070931105%
('Test Loss = ', 0.17525162)
Test  Classification Accuracy: 74.2323998914%
 
('Epoch 114 loss', 0.13303089899814216)
Train  Classification Accuracy: 80.8645575645%
('Valid Loss = ', 0.22079709)
Valid  Classification Accuracy: 67.3347405746%
('Test Loss = ', 0.17532605)
Test  Classification Accuracy: 74.2301366969%
 
('Epoch 115 loss', 0.13296239112195121)
Train  Classification Accuracy: 80.8755075544%
('Valid Loss = ', 0.22062156)
Valid  Classification Accuracy: 67.3751146492%
('Test Loss = ', 0.17540623)
Test  Classification Accuracy: 74.2158031323%
 
('Epoch 116 loss', 0.13289433503247561)
Train  Classification Accuracy: 80.8855636675%
('Valid Loss = ', 0.22062944)
Valid  Classification Accuracy: 67.3953016865%
('Test Loss = ', 0.17552087)
Test  Classification Accuracy: 74.2101451462%
 
('Epoch 117 loss', 0.13283107630479529)
Train  Classification Accuracy: 80.886792748%
('Valid Loss = ', 0.22058398)
Valid  Classification Accuracy: 67.3944239892%
('Test Loss = ', 0.17548642)
Test  Classification Accuracy: 74.2093907481%
 
('Epoch 118 loss', 0.13276746976535503)
Train  Classification Accuracy: 80.9099218081%
('Valid Loss = ', 0.22062646)
Valid  Classification Accuracy: 67.3720427087%
('Test Loss = ', 0.17543744)
Test  Classification Accuracy: 74.1999607713%
 
('Epoch 119 loss', 0.13270374156780387)
Train  Classification Accuracy: 80.9228830206%
('Valid Loss = ', 0.2205635)
Valid  Classification Accuracy: 67.403200962%
('Test Loss = ', 0.17553711)
Test  Classification Accuracy: 74.1777060261%
 
('Epoch 120 loss', 0.13263598081534506)
Train  Classification Accuracy: 80.927687608%
('Valid Loss = ', 0.22074775)
Valid  Classification Accuracy: 67.377747741%
('Test Loss = ', 0.17564219)
Test  Classification Accuracy: 74.1788376233%
 
('Epoch 121 loss', 0.13257591377229513)
Train  Classification Accuracy: 80.9416544317%
('Valid Loss = ', 0.22073358)
Valid  Classification Accuracy: 67.3650211306%
('Test Loss = ', 0.17584537)
Test  Classification Accuracy: 74.1362141284%
 
('Epoch 122 loss', 0.13251342097179658)
Train  Classification Accuracy: 80.9493641184%
('Valid Loss = ', 0.22064075)
Valid  Classification Accuracy: 67.3891578056%
('Test Loss = ', 0.17593044)
Test  Classification Accuracy: 74.1452669061%
 
('Epoch 123 loss', 0.13245087949889142)
Train  Classification Accuracy: 80.9533865637%
('Valid Loss = ', 0.22069404)
Valid  Classification Accuracy: 67.3878412597%
('Test Loss = ', 0.17583503)
Test  Classification Accuracy: 74.1456441051%
 
('Epoch 124 loss', 0.13238553372573558)
Train  Classification Accuracy: 80.9641130843%
('Valid Loss = ', 0.22070277)
Valid  Classification Accuracy: 67.401884416%
('Test Loss = ', 0.17590071)
Test  Classification Accuracy: 74.144889707%
 
('Epoch 125 loss', 0.13232706348079087)
Train  Classification Accuracy: 80.9794207232%
('Valid Loss = ', 0.22072758)
Valid  Classification Accuracy: 67.3685319197%
('Test Loss = ', 0.17595559)
Test  Classification Accuracy: 74.1135821841%
 
('Epoch 126 loss', 0.13226487154798044)
Train  Classification Accuracy: 80.9897003055%
('Valid Loss = ', 0.22070344)
Valid  Classification Accuracy: 67.3733592547%
('Test Loss = ', 0.17627643)
Test  Classification Accuracy: 74.0920818371%
 
('Epoch 127 loss', 0.13220033873770076)
Train  Classification Accuracy: 81.0047844751%
('Valid Loss = ', 0.22070819)
Valid  Classification Accuracy: 67.3658988278%
('Test Loss = ', 0.17604327)
Test  Classification Accuracy: 74.1150909804%
 
('Epoch 128 loss', 0.13214224434935093)
Train  Classification Accuracy: 81.0136115078%
('Valid Loss = ', 0.22070821)
Valid  Classification Accuracy: 67.3847693192%
('Test Loss = ', 0.17620653)
Test  Classification Accuracy: 74.1184857721%
 
('Epoch 129 loss', 0.1320786549100135)
Train  Classification Accuracy: 81.0311538384%
('Valid Loss = ', 0.22080529)
Valid  Classification Accuracy: 67.3610714928%
('Test Loss = ', 0.17610699)
Test  Classification Accuracy: 74.1362141284%
 
('Epoch 130 loss', 0.13201722972482327)
Train  Classification Accuracy: 81.0422155628%
('Valid Loss = ', 0.22088499)
Valid  Classification Accuracy: 67.353611066%
('Test Loss = ', 0.17616223)
Test  Classification Accuracy: 74.118108573%
 
('Epoch 131 loss', 0.13196366623485467)
Train  Classification Accuracy: 81.0507073917%
('Valid Loss = ', 0.22075531)
Valid  Classification Accuracy: 67.3913520488%
('Test Loss = ', 0.17619766)
Test  Classification Accuracy: 74.0939678325%
 
('Epoch 132 loss', 0.13190924373750515)
Train  Classification Accuracy: 81.0570762633%
('Valid Loss = ', 0.22095357)
Valid  Classification Accuracy: 67.3553664606%
('Test Loss = ', 0.17625438)
Test  Classification Accuracy: 74.1015118139%
 
('Epoch 133 loss', 0.13185091450385636)
Train  Classification Accuracy: 81.0580818746%
('Valid Loss = ', 0.2210253)
Valid  Classification Accuracy: 67.3496614283%
('Test Loss = ', 0.17625625)
Test  Classification Accuracy: 74.0950994297%
 
('Epoch 134 loss', 0.13179627569395447)
Train  Classification Accuracy: 81.0614339123%
('Valid Loss = ', 0.22106598)
Valid  Classification Accuracy: 67.3549276119%
('Test Loss = ', 0.17632605)
Test  Classification Accuracy: 74.0905730408%
 
('Epoch 135 loss', 0.13174213990860642)
Train  Classification Accuracy: 81.0642272771%
('Valid Loss = ', 0.22117692)
Valid  Classification Accuracy: 67.3404456069%
('Test Loss = ', 0.17631449)
Test  Classification Accuracy: 74.0875554483%
 
('Epoch 136 loss', 0.13168592608594709)
Train  Classification Accuracy: 81.0752890015%
('Valid Loss = ', 0.22115918)
Valid  Classification Accuracy: 67.3588772496%
('Test Loss = ', 0.17628904)
Test  Classification Accuracy: 74.0947222306%
 
('Epoch 137 loss', 0.1316338883449473)
Train  Classification Accuracy: 81.0794231814%
('Valid Loss = ', 0.22134301)
Valid  Classification Accuracy: 67.3299132396%
('Test Loss = ', 0.17619087)
Test  Classification Accuracy: 74.1188629711%
 
('Epoch 138 loss', 0.13157840982254421)
Train  Classification Accuracy: 81.0836690958%
('Valid Loss = ', 0.22130717)
Valid  Classification Accuracy: 67.3527333687%
('Test Loss = ', 0.17618072)
Test  Classification Accuracy: 74.1109417906%
 
('Epoch 139 loss', 0.13151966069099821)
Train  Classification Accuracy: 81.0904849058%
('Valid Loss = ', 0.22142969)
Valid  Classification Accuracy: 67.3303520883%
('Test Loss = ', 0.1761739)
Test  Classification Accuracy: 74.1264069525%
 
('Epoch 140 loss', 0.13147296088494156)
Train  Classification Accuracy: 81.099423673%
('Valid Loss = ', 0.22149818)
Valid  Classification Accuracy: 67.3483448824%
('Test Loss = ', 0.17604835)
Test  Classification Accuracy: 74.1339509339%
 
('Epoch 141 loss', 0.13141710300346271)
Train  Classification Accuracy: 81.1092563169%
('Valid Loss = ', 0.22157766)
Valid  Classification Accuracy: 67.3378125151%
('Test Loss = ', 0.17592621)
Test  Classification Accuracy: 74.1675216512%
 
('Epoch 142 loss', 0.13137231794247886)
Train  Classification Accuracy: 81.1132787622%
('Valid Loss = ', 0.22179452)
Valid  Classification Accuracy: 67.3171866292%
('Test Loss = ', 0.1759941)
Test  Classification Accuracy: 74.1377229247%
 
('Epoch 143 loss', 0.13131766170763051)
Train  Classification Accuracy: 81.1126083546%
('Valid Loss = ', 0.22176543)
Valid  Classification Accuracy: 67.3040211701%
('Test Loss = ', 0.17605634)
Test  Classification Accuracy: 74.1279157488%
 
('Epoch 144 loss', 0.13126954713252217)
Train  Classification Accuracy: 81.1251226287%
('Valid Loss = ', 0.22187899)
Valid  Classification Accuracy: 67.2816398896%
('Test Loss = ', 0.17632636)
Test  Classification Accuracy: 74.0935906334%
 
('Epoch 145 loss', 0.13122172170990737)
Train  Classification Accuracy: 81.1299272161%
('Valid Loss = ', 0.22194801)
Valid  Classification Accuracy: 67.2675967332%
('Test Loss = ', 0.17621532)
Test  Classification Accuracy: 74.107546999%
 
('Epoch 146 loss', 0.13117136560534551)
Train  Classification Accuracy: 81.1453465895%
('Valid Loss = ', 0.22218917)
Valid  Classification Accuracy: 67.2355607827%
('Test Loss = ', 0.17631876)
Test  Classification Accuracy: 74.0950994297%
 
('Epoch 147 loss', 0.13112698927263497)
Train  Classification Accuracy: 81.1540618876%
('Valid Loss = ', 0.22229315)
Valid  Classification Accuracy: 67.2241507182%
('Test Loss = ', 0.17640942)
Test  Classification Accuracy: 74.091327439%
 
('Epoch 148 loss', 0.13108580279210347)
Train  Classification Accuracy: 81.1566317831%
('Valid Loss = ', 0.22234908)
Valid  Classification Accuracy: 67.2241507182%
('Test Loss = ', 0.17649284)
Test  Classification Accuracy: 74.0920818371%
 
('Epoch 149 loss', 0.13103651904223551)
Train  Classification Accuracy: 81.1568552523%
('Valid Loss = ', 0.2226084)
Valid  Classification Accuracy: 67.1842154922%
('Test Loss = ', 0.17646033)
Test  Classification Accuracy: 74.0822746613%
 
('Epoch 150 loss', 0.13098846100658063)
Train  Classification Accuracy: 81.1789787012%
('Valid Loss = ', 0.22264278)
Valid  Classification Accuracy: 67.1907982218%
('Test Loss = ', 0.176581)
Test  Classification Accuracy: 74.0864238511%
 
('Epoch 151 loss', 0.1309470866789626)
Train  Classification Accuracy: 81.1771909477%
('Valid Loss = ', 0.22263342)
Valid  Classification Accuracy: 67.1824600977%
('Test Loss = ', 0.1764932)
Test  Classification Accuracy: 74.0984942213%
 
('Epoch 152 loss', 0.13089791981866733)
Train  Classification Accuracy: 81.1870235916%
('Valid Loss = ', 0.22262332)
Valid  Classification Accuracy: 67.1631507577%
('Test Loss = ', 0.17664126)
Test  Classification Accuracy: 74.0939678325%
 
('Epoch 153 loss', 0.13084814400563632)
Train  Classification Accuracy: 81.1909343023%
('Valid Loss = ', 0.22276828)
Valid  Classification Accuracy: 67.1574457254%
('Test Loss = ', 0.17671429)
Test  Classification Accuracy: 74.0803886659%
 
('Epoch 154 loss', 0.13081133568033684)
Train  Classification Accuracy: 81.1849006344%
('Valid Loss = ', 0.22279017)
Valid  Classification Accuracy: 67.1600788172%
('Test Loss = ', 0.17668518)
Test  Classification Accuracy: 74.0856694529%
 
('Epoch 155 loss', 0.13076029105716874)
Train  Classification Accuracy: 81.2069123487%
('Valid Loss = ', 0.22282214)
Valid  Classification Accuracy: 67.1745608222%
('Test Loss = ', 0.17667061)
Test  Classification Accuracy: 74.0796342678%
 
('Epoch 156 loss', 0.13071776211444994)
Train  Classification Accuracy: 81.2142868316%
('Valid Loss = ', 0.22289036)
Valid  Classification Accuracy: 67.1789493086%
('Test Loss = ', 0.17663898)
Test  Classification Accuracy: 74.0932134343%
 
('Epoch 157 loss', 0.13066553922506469)
Train  Classification Accuracy: 81.2214378454%
('Valid Loss = ', 0.22299124)
Valid  Classification Accuracy: 67.1635896063%
('Test Loss = ', 0.17650656)
Test  Classification Accuracy: 74.1083013971%
 
('Epoch 158 loss', 0.13062905107899175)
Train  Classification Accuracy: 81.2280301862%
('Valid Loss = ', 0.22317332)
Valid  Classification Accuracy: 67.1346255963%
('Test Loss = ', 0.17670503)
Test  Classification Accuracy: 74.0751078789%
 
('Epoch 159 loss', 0.13058494090151027)
Train  Classification Accuracy: 81.2261306982%
('Valid Loss = ', 0.22324295)
Valid  Classification Accuracy: 67.1284817154%
('Test Loss = ', 0.17652448)
Test  Classification Accuracy: 74.1037750083%
 
('Epoch 160 loss', 0.13054467379513768)
Train  Classification Accuracy: 81.2388684415%
('Valid Loss = ', 0.22328253)
Valid  Classification Accuracy: 67.1324313531%
('Test Loss = ', 0.17655501)
Test  Classification Accuracy: 74.0996258185%
 
('Epoch 161 loss', 0.13050900341379637)
Train  Classification Accuracy: 81.2422204792%
('Valid Loss = ', 0.22326185)
Valid  Classification Accuracy: 67.1376975367%
('Test Loss = ', 0.17648762)
Test  Classification Accuracy: 74.1037750083%
 
('Epoch 162 loss', 0.13046903055329906)
Train  Classification Accuracy: 81.2435612942%
('Valid Loss = ', 0.22333725)
Valid  Classification Accuracy: 67.1262874722%
('Test Loss = ', 0.17646536)
Test  Classification Accuracy: 74.0958538278%
 
('Epoch 163 loss', 0.13043182880902437)
Train  Classification Accuracy: 81.2442317018%
('Valid Loss = ', 0.22343554)
Valid  Classification Accuracy: 67.1039061917%
('Test Loss = ', 0.17642735)
Test  Classification Accuracy: 74.1007574157%
 
('Epoch 164 loss', 0.13039204832260137)
Train  Classification Accuracy: 81.2559638337%
('Valid Loss = ', 0.22344355)
Valid  Classification Accuracy: 67.1126831644%
('Test Loss = ', 0.17653185)
Test  Classification Accuracy: 74.0630375087%
 
('Epoch 165 loss', 0.13034707245762087)
Train  Classification Accuracy: 81.2593158715%
('Valid Loss = ', 0.2235049)
Valid  Classification Accuracy: 67.1183881967%
('Test Loss = ', 0.17640758)
Test  Classification Accuracy: 74.1041522074%
 
('Epoch 166 loss', 0.13031326231425405)
Train  Classification Accuracy: 81.2608801557%
('Valid Loss = ', 0.2236504)
Valid  Classification Accuracy: 67.1179493481%
('Test Loss = ', 0.17647928)
Test  Classification Accuracy: 74.0868010501%
 
('Epoch 167 loss', 0.13027302898329154)
Train  Classification Accuracy: 81.2652378047%
('Valid Loss = ', 0.22353528)
Valid  Classification Accuracy: 67.1346255963%
('Test Loss = ', 0.17668697)
Test  Classification Accuracy: 74.0570023235%
 
('Epoch 168 loss', 0.13023712252391123)
Train  Classification Accuracy: 81.2849030926%
('Valid Loss = ', 0.22347616)
Valid  Classification Accuracy: 67.1438414177%
('Test Loss = ', 0.17658907)
Test  Classification Accuracy: 74.0505899393%
 
('Epoch 169 loss', 0.13019944330528505)
Train  Classification Accuracy: 81.2892607416%
('Valid Loss = ', 0.22351538)
Valid  Classification Accuracy: 67.153057239%
('Test Loss = ', 0.17671902)
Test  Classification Accuracy: 74.02192281%
 
('Epoch 170 loss', 0.13016144596894005)
Train  Classification Accuracy: 81.2989816509%
('Valid Loss = ', 0.22366691)
Valid  Classification Accuracy: 67.1205824399%
('Test Loss = ', 0.17669348)
Test  Classification Accuracy: 74.0370107728%
 
('Epoch 171 loss', 0.13012513201819112)
Train  Classification Accuracy: 81.3051270534%
('Valid Loss = ', 0.22359218)
Valid  Classification Accuracy: 67.1302371099%
('Test Loss = ', 0.1766171)
Test  Classification Accuracy: 74.064546305%
 
('Epoch 172 loss', 0.13009095421844918)
Train  Classification Accuracy: 81.3147362282%
('Valid Loss = ', 0.22349404)
Valid  Classification Accuracy: 67.1556903308%
('Test Loss = ', 0.17669557)
Test  Classification Accuracy: 74.0675638975%
 
('Epoch 173 loss', 0.13005098044589086)
Train  Classification Accuracy: 81.3282561136%
('Valid Loss = ', 0.22358978)
Valid  Classification Accuracy: 67.1486687527%
('Test Loss = ', 0.17681195)
Test  Classification Accuracy: 74.0404055644%
 
('Epoch 174 loss', 0.13001229542803672)
Train  Classification Accuracy: 81.3279209098%
('Valid Loss = ', 0.22344486)
Valid  Classification Accuracy: 67.1714888818%
('Test Loss = ', 0.17666687)
Test  Classification Accuracy: 74.048703944%
 
('Epoch 175 loss', 0.12997389591859665)
Train  Classification Accuracy: 81.3340663122%
('Valid Loss = ', 0.22350426)
Valid  Classification Accuracy: 67.1864097354%
('Test Loss = ', 0.17670302)
Test  Classification Accuracy: 74.0343703793%
 
('Epoch 176 loss', 0.12993349493082973)
Train  Classification Accuracy: 81.3460219134%
('Valid Loss = ', 0.2236602)
Valid  Classification Accuracy: 67.1644673036%
('Test Loss = ', 0.17676865)
Test  Classification Accuracy: 74.0245632035%
 
('Epoch 177 loss', 0.12989984362767754)
Train  Classification Accuracy: 81.3493739511%
('Valid Loss = ', 0.22366711)
Valid  Classification Accuracy: 67.1618342118%
('Test Loss = ', 0.17666033)
Test  Classification Accuracy: 74.0505899393%
 
('Epoch 178 loss', 0.12987024923437732)
Train  Classification Accuracy: 81.3584244529%
('Valid Loss = ', 0.22365499)
Valid  Classification Accuracy: 67.1587622713%
('Test Loss = ', 0.1765516)
Test  Classification Accuracy: 74.0634147077%
 
('Epoch 179 loss', 0.12983163036801684)
Train  Classification Accuracy: 81.3661341396%
('Valid Loss = ', 0.22359133)
Valid  Classification Accuracy: 67.1513018445%
('Test Loss = ', 0.17651387)
Test  Classification Accuracy: 74.0709586892%
 
('Epoch 180 loss', 0.12979444560723441)
Train  Classification Accuracy: 81.3625586327%
('Valid Loss = ', 0.223534)
Valid  Classification Accuracy: 67.1907982218%
('Test Loss = ', 0.17650631)
Test  Classification Accuracy: 74.0713358882%
 
('Epoch 181 loss', 0.12975977647730996)
Train  Classification Accuracy: 81.3697096465%
('Valid Loss = ', 0.22351991)
Valid  Classification Accuracy: 67.1802658545%
('Test Loss = ', 0.17632405)
Test  Classification Accuracy: 74.1150909804%
 
('Epoch 182 loss', 0.12972429880321593)
Train  Classification Accuracy: 81.3739555609%
('Valid Loss = ', 0.22363508)
Valid  Classification Accuracy: 67.172366579%
('Test Loss = ', 0.17644489)
Test  Classification Accuracy: 74.1041522074%
 
('Epoch 183 loss', 0.1296857143661175)
Train  Classification Accuracy: 81.3798774942%
('Valid Loss = ', 0.22375067)
Valid  Classification Accuracy: 67.1754385195%
('Test Loss = ', 0.17647657)
Test  Classification Accuracy: 74.1011346148%
 
('Epoch 184 loss', 0.12965121701601298)
Train  Classification Accuracy: 81.3790953521%
('Valid Loss = ', 0.22378096)
Valid  Classification Accuracy: 67.1798270059%
('Test Loss = ', 0.17645301)
Test  Classification Accuracy: 74.1120733879%
 
('Epoch 185 loss', 0.12962085470065782)
Train  Classification Accuracy: 81.3842351432%
('Valid Loss = ', 0.22396839)
Valid  Classification Accuracy: 67.1640284549%
('Test Loss = ', 0.17648472)
Test  Classification Accuracy: 74.1109417906%
 
('Epoch 186 loss', 0.12958735562007209)
Train  Classification Accuracy: 81.4062468575%
('Valid Loss = ', 0.22391218)
Valid  Classification Accuracy: 67.1714888818%
('Test Loss = ', 0.17648676)
Test  Classification Accuracy: 74.0984942213%
 
('Epoch 187 loss', 0.12955573344860349)
Train  Classification Accuracy: 81.4121687907%
('Valid Loss = ', 0.22396034)
Valid  Classification Accuracy: 67.1837766436%
('Test Loss = ', 0.17636563)
Test  Classification Accuracy: 74.1294245451%
 
('Epoch 188 loss', 0.1295214308589247)
Train  Classification Accuracy: 81.4141800134%
('Valid Loss = ', 0.2240337)
Valid  Classification Accuracy: 67.1605176659%
('Test Loss = ', 0.17632616)
Test  Classification Accuracy: 74.1245209572%
 
('Epoch 189 loss', 0.12948793276536391)
Train  Classification Accuracy: 81.4152973593%
('Valid Loss = ', 0.22407627)
Valid  Classification Accuracy: 67.183337795%
('Test Loss = ', 0.17633954)
Test  Classification Accuracy: 74.1215033646%
 
('Epoch 190 loss', 0.12946142163804419)
Train  Classification Accuracy: 81.4245713302%
('Valid Loss = ', 0.22413042)
Valid  Classification Accuracy: 67.1807047031%
('Test Loss = ', 0.17626825)
Test  Classification Accuracy: 74.1452669061%
 
('Epoch 191 loss', 0.12942721902524512)
Train  Classification Accuracy: 81.436638666%
('Valid Loss = ', 0.2242126)
Valid  Classification Accuracy: 67.1605176659%
('Test Loss = ', 0.17628703)
Test  Classification Accuracy: 74.1580916745%
 
('Epoch 192 loss', 0.12939434503962569)
Train  Classification Accuracy: 81.4420019263%
('Valid Loss = ', 0.2242498)
Valid  Classification Accuracy: 67.1684169413%
('Test Loss = ', 0.17626996)
Test  Classification Accuracy: 74.1475301005%
 
('Epoch 193 loss', 0.12936201673302988)
Train  Classification Accuracy: 81.4367504006%
('Valid Loss = ', 0.22435439)
Valid  Classification Accuracy: 67.1539349363%
('Test Loss = ', 0.17622101)
Test  Classification Accuracy: 74.1603548689%
 
('Epoch 194 loss', 0.12933118515603698)
Train  Classification Accuracy: 81.4461361061%
('Valid Loss = ', 0.22432552)
Valid  Classification Accuracy: 67.1486687527%
('Test Loss = ', 0.17603076)
Test  Classification Accuracy: 74.1958115815%
 
('Epoch 195 loss', 0.12929931856471111)
Train  Classification Accuracy: 81.450270286%
('Valid Loss = ', 0.22426774)
Valid  Classification Accuracy: 67.1552514822%
('Test Loss = ', 0.17608348)
Test  Classification Accuracy: 74.1867588038%
 
('Epoch 196 loss', 0.12926542605265617)
Train  Classification Accuracy: 81.4533988545%
('Valid Loss = ', 0.22429788)
Valid  Classification Accuracy: 67.1600788172%
('Test Loss = ', 0.17602831)
Test  Classification Accuracy: 74.1841184103%
 
('Epoch 197 loss', 0.12923433700791945)
Train  Classification Accuracy: 81.4622258871%
('Valid Loss = ', 0.22434777)
Valid  Classification Accuracy: 67.1508629958%
('Test Loss = ', 0.17606749)
Test  Classification Accuracy: 74.1965659797%
 
('Epoch 198 loss', 0.12919988465698956)
Train  Classification Accuracy: 81.4635667022%
('Valid Loss = ', 0.22425769)
Valid  Classification Accuracy: 67.1618342118%
('Test Loss = ', 0.17616092)
Test  Classification Accuracy: 74.1686532484%
 
('Epoch 199 loss', 0.12917034235944821)
Train  Classification Accuracy: 81.4594325224%
('Valid Loss = ', 0.22435766)
Valid  Classification Accuracy: 67.1403306286%
('Test Loss = ', 0.17620209)
Test  Classification Accuracy: 74.1811008178%
 
