61.0104382454
65.1180252475
67.8986522574
69.8516611582
71.2515838378
72.2919446065
73.0533041036
73.7069514558
74.2515458481
74.6799362666
75.1130195379
75.4502345309
75.7764995341
76.1036584139
76.3693632693
76.5913798998
76.8304919227
77.0263626592
77.1930706677
77.3805613099
77.5452580957
77.7178880375
77.8577797443
77.9886209493
78.1076182878
78.2197998163
78.322930843
78.4143297377
78.5145556651
78.5995856881
78.6804815314
78.7659584928
78.8285298633
78.891324703
78.9538960734
79.0112159182
79.0669714786
79.1046260355
79.1601581268
79.2183718482
79.2512218177
79.2939044312
79.3387100018
79.3793813926
79.422622679
79.4693277377
79.5077644367
79.5405026716
79.5848613039
79.599275066
79.6402816606
79.674248976
79.7105627177
79.7454239099
79.7777152064
79.8033024275
79.839169231
79.8657620634
79.8933605072
79.9193946667
79.9568257544
79.987999705
80.0277772191
80.0398445548
80.0642026955
80.0943710348
80.1126955076
80.1386179325
80.162193931
80.1801832
80.1979489999
80.2225306097
80.245883139
80.2648780193
80.3019739033
80.3153820541
80.334488669
80.3590702788
80.3788473013
80.3872273955
80.4075630909
80.4263345021
80.4464467283
80.4579553911
80.4784028211
80.499408924
80.5083476912
80.5214206383
80.5409741915
80.5445496984
80.5617568253
80.579299156
80.5975118941
80.6168419782
80.6389654271
80.6489098056
80.6612006105
80.6884638505
80.6985199636
80.7081291384
80.7226546351
80.7261184074
80.7388561507
80.7644433718
80.7786336647
80.7808683565
80.7923770193
80.7951703841
80.8096958808
80.8162882216
80.8231040316
80.8331601447
80.8388586088
80.8531606364
80.8645575645
80.8755075544
80.8855636675
80.886792748
80.9099218081
80.9228830206
80.927687608
80.9416544317
80.9493641184
80.9533865637
80.9641130843
80.9794207232
80.9897003055
81.0047844751
81.0136115078
81.0311538384
81.0422155628
81.0507073917
81.0570762633
81.0580818746
81.0614339123
81.0642272771
81.0752890015
81.0794231814
81.0836690958
81.0904849058
81.099423673
81.1092563169
81.1132787622
81.1126083546
81.1251226287
81.1299272161
81.1453465895
81.1540618876
81.1566317831
81.1568552523
81.1789787012
81.1771909477
81.1870235916
81.1909343023
81.1849006344
81.2069123487
81.2142868316
81.2214378454
81.2280301862
81.2261306982
81.2388684415
81.2422204792
81.2435612942
81.2442317018
81.2559638337
81.2593158715
81.2608801557
81.2652378047
81.2849030926
81.2892607416
81.2989816509
81.3051270534
81.3147362282
81.3282561136
81.3279209098
81.3340663122
81.3460219134
81.3493739511
81.3584244529
81.3661341396
81.3625586327
81.3697096465
81.3739555609
81.3798774942
81.3790953521
81.3842351432
81.4062468575
81.4121687907
81.4141800134
81.4152973593
81.4245713302
81.436638666
81.4420019263
81.4367504006
81.4461361061
81.450270286
81.4533988545
81.4622258871
81.4635667022
81.4594325224
