59.9409147487
64.0526359307
65.811673583
66.8931526808
67.9032333756
68.9846007388
70.088873693
70.8281097412
71.4493540623
71.9788642849
72.4712786236
73.0029118034
73.4970021609
73.9726563111
74.4250696665
74.8158055282
75.1196118787
75.3919090749
75.6886761462
75.9516993714
76.1906996597
76.4102581293
76.6021064205
76.8149608147
77.0103846128
77.1689359962
77.3204481004
77.4490546136
77.5841417331
77.7309609845
77.847500162
77.9532010843
78.0574494569
78.1497422283
78.2432640802
78.3265063499
78.4075139277
78.4832699798
78.5811494808
78.6515422725
78.7152309889
78.8064064145
78.8892017457
78.9305435441
79.0026123547
79.0719995352
79.1207158165
79.175354031
79.2448529461
79.3006085066
79.3473135652
79.3857502643
79.42508084
79.4756966093
79.5205021799
79.5691067266
79.5982694547
79.6491086932
79.6771540753
79.721400973
79.7586085915
79.791458561
79.8169340475
79.8427447379
79.8754829728
79.9117967146
79.9444232149
79.9798430799
80.0073297891
80.0268833424
80.0486715875
80.0754878891
80.0980582763
80.134930691
80.1684510681
80.1868872754
80.2220836713
80.2427545705
80.2691239338
80.2952698279
80.3264437785
80.3427570287
80.3711376146
80.3961661627
80.4234294027
80.4420890793
80.4784028211
80.5023140234
80.5162808471
80.5429854142
80.5695782466
80.581198644
80.6046629079
80.6200822814
80.6480159289
80.6670108092
80.6823184481
80.6970674139
80.7140510716
80.7302525872
80.7581862347
80.7741642811
80.7972933413
80.8156178141
80.8220984203
80.8512611483
80.8733845972
80.8860106058
80.9121564999
80.9275758734
80.9505931989
80.967465122
80.9904824476
81.0090303896
81.0148405883
81.0374109755
81.0519364722
81.0640038079
81.0769650204
81.0840042995
81.0984180617
81.1099267245
81.1276925243
81.1457935279
81.1460169971
81.1723863603
81.185571042
81.2002082733
81.2082531638
81.2188679498
81.2398740528
81.2405444603
81.2630031129
81.2709362688
81.2892607416
81.3006576698
81.3117193942
81.3214403036
81.345574975
81.361664756
81.3683688314
81.3854642237
81.3941795217
81.3990958437
81.4065820612
81.4041239003
81.4179789894
81.4275881642
81.4384264194
81.4458009024
81.4704942468
81.4826733171
81.5053554389
81.511053903
81.5142942061
81.519769201
81.531501333
81.5398814273
81.5561946774
81.5689324207
81.5796589413
81.599659433
81.6046874895
81.6208890051
81.638096132
81.6446884728
81.6574262161
81.6699404902
81.6860302711
81.6870358824
81.7015613792
81.7060307628
81.72178534
81.732400126
81.7500541913
81.7501659259
81.7630154037
81.7721776401
81.7830158954
81.791842928
81.7979883304
81.8144133152
81.8154189265
81.8241342245
81.8363132949
81.8467046117
81.8483806306
81.8699454065
81.8794428466
81.8907280402
81.8977673194
81.8957560968
81.9070412904
81.9091642476
81.9141923042
81.9210081142
81.9377683027
81.9341927958
81.9502825768
81.9563162446
