60.0505263817
63.6976551379
65.7016150118
67.5802086755
69.2882953547
70.7522419546
71.9012087448
72.7874875137
73.4824766642
74.1143357714
74.650103131
75.0951420035
75.4566034025
75.75035364
76.037958475
76.2647796929
76.467577974
76.6312691485
76.7987592991
76.949265792
77.0668105808
77.1820089432
77.2778772216
77.3654771402
77.4498367558
77.5270453575
77.6126340536
77.6855967409
77.7485033152
77.8114098894
77.8763276863
77.924932233
77.9776709595
78.0159959239
78.0544326229
78.1048249231
78.1449376409
78.1860559701
78.2158891057
78.250415094
78.2928742382
78.3217017625
78.3456129648
78.3726527356
78.3967874071
78.422709832
78.4411460393
78.4684092793
78.4919852779
78.5075163859
78.5365673793
78.5415954359
78.5615959275
78.5885239637
78.6134407773
78.6334412689
78.6652856271
78.6890850948
78.7084151789
78.7337789309
78.7505391194
78.7790314399
78.7902048989
78.806518149
78.8180268118
78.8352339387
78.8575808567
78.8715476805
78.8875257269
78.8925537834
78.9090905028
78.91802927
78.9361302736
78.9478624056
78.9569129074
78.9648460633
78.9730026883
78.9855169624
78.9912154265
78.9923327724
79.0007128667
79.0107689798
79.0126684678
79.014791425
79.0214955004
79.0278643721
79.03389804
79.0460771103
79.0512169014
79.0575857731
79.0617199529
79.0703235163
79.0832847288
79.0952403299
79.1035086896
79.1108831725
79.1134530681
79.1174755134
79.1260790768
79.1330066214
79.1379229434
79.1412749811
79.1432862037
79.1466382414
79.1459678338
79.148649464
79.1465265068
79.1540127243
79.1540127243
79.1609402689
79.1692086286
79.1742366851
79.1788178033
79.1871978976
79.1874213668
79.1926728925
79.2000473755
79.2070866546
79.2113325691
79.2126733842
79.2215004168
79.2286514305
79.2354672405
79.2406070317
79.2541269171
79.2604957887
79.2739039395
79.2780381194
79.2798258728
79.2859712753
79.2926753507
79.2971447343
79.3040722789
79.3069773782
79.3076477858
79.3108880889
79.3117819656
79.3134579844
79.3201620598
79.3242962397
79.3268661353
79.3227319554
79.3305533767
79.3378161251
79.3435145892
79.3473135652
79.3542411098
79.3635150808
79.3731242556
79.3715599713
79.3775936392
79.3766997625
79.3801635347
79.3778171084
79.3804987385
79.3811691461
79.3838507762
79.3863089372
79.3921191359
79.3874262831
79.3951359698
79.4020635144
79.3973706616
79.4011696377
79.3998288226
79.4025104528
79.4058624905
79.413348708
79.4198293142
79.4206114564
79.4322318537
79.4374833795
79.4349134839
79.4415058247
79.4477629618
79.4511149995
79.4520088762
79.4506680611
79.4549139755
79.4578190749
79.4560313214
79.4625119277
79.4634058044
79.469774676
79.4725680408
79.4748027326
79.4760318131
79.4811716042
79.4835180306
79.4762552823
79.4835180306
79.4895516985
79.4950266934
79.498937404
79.5031833185
79.5103343322
79.5163680001
79.5169266731
79.5200552416
79.5211725875
