60.1450538449
62.526788368
63.2973101015
64.5564471976
64.710640932
63.7469300921
65.5392646523
64.9055060571
66.2041971981
66.8731521892
67.3558456186
67.3750639681
66.0047509548
66.4455439128
68.0534046647
65.9472076409
68.6013510947
66.5585075834
67.800884491
68.5610149076
69.2850550516
67.4817705016
69.3678503829
68.1403341758
67.5197602623
66.1008427023
69.4365671558
69.7047301721
70.2552464977
67.9222282559
66.2362650255
70.1103267343
70.891686723
69.8531137078
70.5022916764
70.5436334748
68.8633687085
70.9760463386
70.480056493
70.8547025737
71.1186196756
70.0039554045
70.4523463147
71.7484675601
71.0481151492
70.9204025127
72.1488125965
72.1712712491
71.8115976035
72.2457982207
71.2015267414
72.1594273826
72.639103978
72.6344111252
72.6612274268
72.211383967
72.3116098943
69.6733327523
72.2792068632
72.1613268706
72.4129531676
70.6141380012
70.2112230692
70.3341311183
72.7167595181
70.3434050893
71.0646518685
70.9031953858
73.3354339436
69.172091381
71.2501312881
73.4549899551
73.4080614272
73.5252710122
73.5830377953
73.1781116407
73.0534158382
73.4471685338
73.8352227653
73.4859404365
73.7762269017
72.9775480515
71.5411998954
71.536395308
74.186404582
73.6933198358
72.3873659464
73.564042915
72.2594298407
74.3676380872
73.6175637837
74.0637200021
72.5884882086
72.4588760841
74.3790350154
72.0282509738
74.3643977841
73.9234930915
74.162158176
74.2446183035
74.4323324149
74.4455170965
74.5550169948
73.4802419724
74.5592629093
74.1380235045
72.9108425012
73.8246079792
74.446746177
73.6970070773
73.2312973056
74.3565763628
74.4877527716
72.2818884933
74.2062933391
74.8222861344
74.8687677239
73.3658257521
74.2003714058
74.7369209076
72.900786388
70.4676539535
72.1765227749
74.6690980113
74.4325558841
73.5240419318
73.8111998284
74.8184871583
73.6227035748
73.7053871715
72.4331771284
72.7359778676
71.5972906597
74.0404792073
74.066178163
74.9356967434
75.1820715146
75.0175981979
72.8857022184
71.3111383744
75.1578251086
75.0479900065
75.0482134756
73.9560078572
75.6000706163
75.4402901524
73.2537559582
75.4140325237
74.2798146994
75.283638257
75.061733361
75.2305643267
75.4414074983
75.5484492356
75.1921276277
75.8984019719
74.6970316589
74.4142314113
74.9140202329
75.4425248442
75.050559902
75.4111274244
74.8518958008
74.7109984826
74.2688647095
75.7509123129
74.147967883
76.248131239
76.4288060712
75.7881199314
75.7712480083
72.5539622203
74.663734751
75.2374918713
76.0055554438
75.9111397152
74.4028344831
75.9057764548
76.1018706605
74.8147999169
75.2195026023
75.3028566065
75.6001823509
76.1715930447
74.3439503541
76.5977487715
73.4963317534
72.7550844825
75.3039739524
73.1493958511
73.937236446
73.7973447392
73.1872738771
76.442772895
76.5414345381
74.9435181647
73.9275155367
75.2900071287
76.0438804082
76.6406548541
76.4178560814
76.2818750852
74.9851951668
73.7963391279
76.2596399018
74.4984792922
75.7371689583
75.9009718675
76.6347329208
75.9880131132
75.881194845
75.6882292079
74.5661904538
75.8629821068
76.2720424413
76.5774130761
74.9042993236
74.0969051753
74.0762342761
74.8939080067
73.2883936812
76.0129299268
74.8494376398
76.4642259363
76.0408635743
76.2632154086
75.5633099361
76.4542815578
76.4511529892
76.3674637812
75.9243243968
74.583062377
76.8584255702
76.6055701928
75.9861136251
76.2974061932
76.1140497308
75.9585151814
76.7526129134
76.0077901356
76.1789675277
75.6059925495
75.8720326086
74.1833877481
75.5287839478
75.9920355584
75.6389542536
74.517362438
72.7287151193
75.1700041789
76.323105149
76.2782995783
76.338077584
75.3439749357
75.548896174
76.5743962421
74.6012751151
74.0353394162
75.6469991441
74.8842988319
76.8070276588
76.5013218202
76.13472063
75.343081059
76.1691348838
76.5298141407
76.5756253226
75.1981612956
75.0387160355
76.2148343311
76.2779643745
76.213493516
76.5176350704
75.9668952756
76.7774179924
75.3705677681
73.9500859239
74.3096478349
76.3467928821
75.9121453265
76.8473638458
76.4995340668
76.5826646018
75.6552675038
76.5603176838
76.467019301
76.3976321206
76.2693608111
76.8761913701
75.1502271564
76.6407665887
76.7089246887
76.8923928856
76.5975253023
77.2081548373
76.3247811678
77.0165300153
76.894739312
74.6565837373
76.8349613063
75.9901360704
76.401878035
77.1039064647
76.1817608924
76.3080209793
75.3383882062
75.1179358599
76.1431007243
77.3671531591
77.266592028
76.7326124218
76.7939547117
76.548809021
77.0805539354
77.270391004
76.7995414412
76.2584108213
74.9285457296
74.4176951836
74.9856421052
75.0321236947
76.4784162292
76.5539488121
76.5497028977
76.605234989
76.5510437128
77.2587706067
77.10792891
76.5005396781
77.6835855183
76.8845714643
77.243686437
76.8894877863
74.8420631569
75.6128083595
75.2973816116
75.4163789501
76.6872481782
76.9843504533
77.0754141443
77.0265861284
78.0910815685
76.1703639643
77.1211135916
77.3262582991
76.2758414173
77.5655937911
77.0102728782
77.3124032099
77.39005875
75.2996163034
74.3799288921
73.713990735
75.1350312522
76.3726035724
75.5819696127
76.8516097602
77.1085993175
76.9463606927
75.5627512632
77.0368657107
77.3665944861
77.0231223561
77.5614596113
75.8549372163
77.2346359352
77.3235766689
77.6873844944
77.4735244889
75.5938134792
75.230229123
77.035413161
75.980973834
76.5254564917
77.621237617
76.6559624929
77.4555352199
75.2897836595
77.1525110114
77.2229038032
77.6321876068
77.5405652429
77.6205672095
76.9801045389
77.363354183
77.0424524402
76.5508202436
77.288938946
77.2627930519
77.399891394
77.4745301002
76.9521708914
77.4550882815
77.5277157651
77.9624750553
77.2518430621
77.1536283573
76.8221118284
77.5484983988
77.2766481411
77.7069380476
77.3717342773
75.3664335883
77.5145310834
77.3576557189
77.3755332533
76.8214414209
75.8918096311
76.0161702299
77.4725188776
77.4661500059
76.5295906715
77.3042465848
77.2446920483
77.1475946895
77.4960948761
77.109828398
74.5913307366
77.0750789405
76.5434457607
77.2788828329
77.7483915806
77.2366471578
75.6702399389
77.7593415704
77.2002216814
77.6409029049
76.5523845279
77.743922197
77.998788797
76.3836652968
76.9413326361
75.5859920579
74.7559157879
77.0753024097
77.7553191252
77.3711756043
76.3494745122
75.731805698
75.6733685074
77.1397732682
76.478751433
76.9538469102
77.5557611472
77.8935348131
77.7599002434
75.344980547
77.1541870303
77.2579884645
75.2348102411
75.7864439126
77.194076279
77.7345364914
78.085494839
77.6515176909
77.719117118
77.6366569905
77.9547653685
77.5303973952
77.7771073702
77.7976665348
75.2989458959
76.956081602
77.6473835111
77.2229038032
78.0066102184
77.0639054815
77.610622831
77.4280485107
77.2012272927
77.490396412
77.3185486124
77.5817953067
78.0618071059
77.6087233429
76.9221142866
77.9266082518
77.4910668195
77.9815816702
77.8857133918
76.1290221659
77.0454692741
74.9048579965
76.9294887696
77.2156410549
76.2079067865
77.7435869932
77.8853781881
78.1077300224
77.5931922349
77.1407788795
77.8930878748
77.9199041764
77.7915211324
77.2906149648
77.4259255535
77.0417820326
77.4822397869
77.535090248
76.9069183824
78.1711952696
77.598890699
77.3602256145
77.8043706102
78.0632596555
78.2478451984
77.4736362235
77.7899568481
77.0885988259
77.0599947708
74.8752483301
77.9790117746
76.2139404544
76.3591954216
75.8432050844
76.7374170091
77.6765462391
77.9942076788
78.0757739296
77.2296078786
75.6882292079
76.8360786522
77.6965467308
77.239328788
77.4906198812
77.0683748651
77.2615639714
76.721103759
77.1372033726
77.8082813209
76.442772895
77.7740905363
77.9271669248
76.6828905292
77.7440339316
77.1478181587
75.9615320153
77.006250433
77.2012272927
77.2760894681
77.0566427331
77.727273743
77.8326394615
77.8921939981
77.4314005484
77.6546462595
77.5673815446
77.4417918653
77.7438104624
77.096755451
75.7894607465
76.2289128895
77.3483817479
