59.2677138432
60.8542332884
58.3854575196
63.6691628174
63.5817863679
63.7249183779
63.0746230634
63.2307162858
61.7341431856
66.2910149747
65.8908934074
66.1659839683
65.9405035655
66.698734494
66.0459810185
66.3519103263
66.1846436449
66.528897917
64.870644865
67.1330468458
66.0582718234
67.4689210238
66.0647524297
67.3018778115
67.3719353995
67.4942847757
67.0581846705
63.3498253588
68.0435720208
67.7530620864
68.1613402788
67.6343999517
67.6011030439
67.9154124459
67.877757889
65.6848548232
67.6345116863
68.5015721057
68.1172051157
68.1135178742
68.8688437034
68.726382101
68.2545269269
68.8097361052
68.4698394821
66.7825354366
64.9336631738
67.1522651953
68.7688412453
65.739157834
68.4916277272
66.8537103705
66.5764968524
67.119638695
68.6211281171
69.0559991419
68.5017955749
69.3422631618
66.9338240717
69.214885729
68.6355418792
69.185723001
69.122481223
69.0041542921
69.0321996742
69.005271638
69.6953444666
67.4337246279
62.9549553173
66.5087856908
63.9517395958
69.0278420252
69.4811492573
69.907863657
69.611543524
66.4567173718
69.0434848678
68.6784479618
67.8558579094
68.5929710004
69.4266227773
67.0664530301
68.6205694442
68.0806679047
69.2599147689
65.2978062031
69.0299649824
66.182967626
67.558532165
69.4851717025
69.1307495827
66.7158298863
69.721937299
69.2925412692
69.0415853798
68.8682850305
69.6547848104
68.0999979888
69.9485350478
68.5621322535
70.6799496747
69.7548990031
69.5674083609
70.224072547
67.9442399701
69.7786984708
68.4917394618
67.237965626
68.1420101947
70.0716665661
70.113120099
69.5113175966
70.3248571473
70.3040745136
70.426088686
70.2073123585
70.7348113585
69.2381265238
69.7569102257
68.4545318432
69.8172469044
69.2700826166
70.2004965485
66.1997278145
66.9546067054
70.7388338037
69.9278641486
69.7035010916
69.3338830675
71.0033095786
68.8320830233
66.533814239
71.1335921106
70.4801682276
68.9552145416
66.963433738
70.5693324305
70.6992797588
70.6399486915
69.5993644537
70.3089908355
70.910234665
70.8450933989
70.1723394318
71.2029792911
70.6327976777
70.783192436
70.8141429175
70.849451048
71.0713559439
71.442091314
71.2948251242
70.2669786296
70.8860999935
70.6031880113
70.8140311829
70.5524605074
70.2190444905
70.445977443
69.780821428
70.5657569236
66.9093541964
67.9903863559
71.322423568
69.9514401471
68.0697179149
71.6898069003
71.5981845364
70.9446489187
69.5518772528
69.0651613783
70.2337934564
68.0410021252
69.7911010103
70.4183789993
71.6952818952
70.4167029804
70.3155831763
69.6228287176
70.2408327356
70.7500072627
68.8698493147
68.5356511557
70.3168122568
69.9435069912
69.7795923475
70.2019490982
71.7401992004
71.5057800303
71.4310295896
71.3923694214
71.8690291828
71.8571853163
71.3675643424
70.5648630469
68.989181857
67.1454493853
70.0121120296
72.3142915245
71.4708071036
70.1789317726
71.6488003057
71.3052164411
69.1595771069
71.4908075953
71.9176337295
72.5475933487
72.4218919348
71.9452321733
72.7056977937
71.5487978475
69.7223842374
70.6783853905
72.1317172042
71.6406436806
72.2488150547
70.9372744358
70.9516881979
72.4926199303
69.9785916525
70.0679793246
72.3756338145
71.5654463015
71.6618732528
71.2808583004
72.1250131288
71.7683563171
72.338426196
72.6063657431
68.3937482262
69.2020362512
70.8400653424
70.9719121587
71.7271262534
70.4399437752
72.2445691402
69.163376083
69.2323163251
71.9048959863
71.9960714118
72.2982017435
73.0820198932
71.3675643424
69.2492999828
72.1615503398
72.2150712085
72.6549702898
71.51404839
70.6608430598
72.3556333228
72.5808902565
69.1911979959
70.9540346243
61.7700099891
70.6486639895
71.3010822612
70.4274295011
72.8554221445
71.3291276434
72.0519387069
72.2344012925
72.1559636103
72.9957607897
72.7989961764
71.792937927
70.9599565576
71.9446735004
72.4890444234
72.2768604368
71.865453676
71.7943904766
70.8795076527
72.5831249483
72.4769770877
72.3814440131
72.9476031813
72.1430023978
72.9802296816
73.0515163501
72.5018939013
70.9021897745
71.3234291793
72.1009901919
72.0723861369
72.718435537
73.5536515981
71.7319308408
73.1937544834
73.7517570264
72.3454654751
71.4105821596
71.6694712049
72.1641202354
72.0626652275
72.2409936334
72.9711791798
73.2326381207
72.3837904395
72.3939582872
71.5008637084
72.324235903
72.1463544355
72.4111654141
73.3412441423
71.8185251481
71.5915921956
70.9107933379
69.1852760627
72.0119377236
70.9702361399
71.1466650577
71.2702435144
73.3354339436
73.2455993332
74.0700888737
72.7318436878
72.7413411279
72.7187707407
70.5235212486
70.4426254053
71.8597552119
72.4136235751
71.4522591617
70.5560360143
73.5868367714
72.1917186791
73.5448245655
72.7422350047
71.7634399952
70.9754876656
73.0429127867
73.4215813126
73.441917008
73.3155451866
73.3116344759
73.4464981262
73.3616915723
72.9760955018
73.4534256708
72.6811161839
71.1464415885
68.7495111612
70.9607386997
71.675169669
71.2583996478
71.3972857433
68.1406693796
72.2491502584
73.3263834418
73.3797925759
72.1882549068
73.478454219
73.1396749417
73.6471734501
73.6266142855
73.4842644177
72.9514021574
73.0358735075
71.8053404665
70.9220785315
73.0866010114
73.098444878
72.3004364353
70.0014972435
73.2327498553
72.7988844419
73.4043741857
71.7117068799
71.5528202928
72.2260211983
67.7317207797
73.0819081586
73.3079472345
73.1383341266
73.1966595827
73.2231406806
73.7890763795
73.1356524965
73.3525293359
73.2828069517
73.6067255284
73.018554646
72.7867053715
71.8346149291
70.8229699501
73.1658208358
69.5767940664
71.1158263108
72.5414479462
73.4075027543
73.8432676557
73.9493037818
74.0669603052
74.2699820554
70.9519116671
68.2294983787
71.0504615756
73.9655052973
74.279367761
73.7554442679
73.7829309771
72.6725126204
73.8676257964
73.7279575587
73.7349968379
73.7009177879
73.7556677371
73.0613489941
73.5609143465
72.4500490515
73.3535349472
73.4562190356
72.8736348826
73.6917555515
72.442004161
73.6247147975
73.4563307701
73.422028251
72.7481569379
71.9838923415
72.8698359066
73.1365463732
73.7200244028
73.131965255
73.5773393312
72.1830033811
72.6477075414
74.2246178118
74.0336633973
73.3992343946
71.5285738867
71.7785241648
70.5197222725
72.0542851333
74.2569091084
74.1556775697
71.4883494343
71.3247699943
74.0194731044
71.0262151695
73.8825982315
74.3511013679
73.8260605289
73.6307484653
73.0820198932
74.1091959802
74.27009379
73.8074008523
73.6004683914
72.8246951322
71.6561747887
73.5508582334
73.9981317977
72.7978788305
73.1186688388
73.7392427523
70.2001613447
73.3435905687
70.8288918834
73.5249358085
72.7740793628
73.4421404772
73.2161014014
73.9624884634
74.4914400131
69.2025949241
71.6412023536
73.9680751929
74.3274136347
72.8905068058
72.5541856895
72.8090522896
72.5302744872
73.3576691271
73.0357617729
73.0850367272
73.6779004624
73.7932105594
72.3071405107
71.7888037471
73.4266093692
73.992321599
73.7918697443
71.1334803761
74.0626026562
72.3751868761
72.2910507297
71.4144928702
71.0882278671
72.3809970748
72.6196621593
73.6451622275
73.9065094338
73.5419194662
72.6486014181
72.3237889646
73.7126499199
72.7567605014
74.3217151707
73.5635959767
74.4965798042
73.9409236875
74.5138986657
74.5743470789
72.7005580025
74.213667822
72.4658036287
69.9113274293
71.3996321697
70.8029694585
73.3430318958
74.0051710768
72.3833435012
73.097886205
72.1857967458
74.2547861512
73.960142037
73.7098565551
73.0944224327
72.9921852828
72.9260384054
72.9864868187
74.1993657945
73.9707568231
73.9680751929
74.349984022
71.7729374353
73.7900819908
74.473450744
74.4156839609
73.6787943391
74.041931757
