60.460704062
63.1501556463
63.5280420301
64.6009175645
64.2061592575
63.8100601356
65.3721097055
65.2350113634
63.8172111493
63.5547465971
66.4052077258
66.2748134591
66.3275521856
65.8517863009
66.2142533113
67.0012000295
67.1113703354
65.4801570541
64.9628259019
66.5580606451
65.6411665985
62.9361839062
66.94108682
67.409701691
65.4153509919
67.7988732684
68.2089392141
68.118210727
68.066142408
67.4081374067
67.9408879324
67.1443320394
58.0971822771
66.6988462286
66.483645408
67.5593143072
68.6263796429
66.6302411903
68.5899541665
67.8513885258
67.8260247738
66.5838713354
63.7458127462
67.0536035523
68.8364406723
68.3955359797
64.1304032054
66.8385144663
69.3647218144
69.0380098729
69.3823758796
69.4276283886
69.1936561569
69.3932141349
69.8783657252
68.7159907841
68.139998972
69.3100835998
69.2320928559
69.2736581234
69.2497469212
69.3953370921
69.5257313588
70.15647312
68.4293915605
70.0465262833
69.8408229029
68.6035857865
70.2089883774
69.6621592933
69.4638303958
69.0206910114
62.6270142953
69.0231491724
69.7707653149
70.0289839527
67.6165224173
65.1137793331
65.6363620111
66.9433215118
65.4109933429
68.2041346268
61.6392805186
68.0893832027
68.9982323588
70.3276505121
65.7819521821
69.8989248898
70.4000545265
70.7475491018
69.7854025462
70.686430281
68.883145731
68.0921765675
69.7955703939
69.3499728485
70.5371528686
70.3428464163
69.769647969
70.3482096767
69.5934425204
70.3260862278
69.6965735471
69.3942197462
68.8394575062
70.3181530719
70.4181555301
69.7784750016
67.7792079805
66.5149310933
70.5908972064
69.882499905
70.6154788162
70.866881644
68.3727421233
64.805503599
69.5956772122
67.83932119
66.2157058609
67.6374167857
64.2559928847
68.898676839
66.4882265262
71.3503572155
70.1170308097
71.0653222761
71.0962727575
70.8811836716
70.5549186684
70.7283307523
70.8973851871
69.8974723401
71.1505757683
71.4738239376
68.8982299006
71.2148231577
69.5133288193
69.4139967686
70.0754655422
69.6948975282
71.3464465048
71.4727065917
69.0109701021
69.982837567
69.8267443446
69.3670682408
70.8062097616
71.4224260261
71.5355014313
70.229547542
71.63673297
71.2048787791
70.8856530552
70.4869840376
70.5905620026
70.4137978811
71.3737097448
71.7627695876
71.8644480646
71.3680112807
71.7100308611
72.3479236361
71.1647660613
71.0643166648
71.6847788437
69.5343349222
68.8023616223
70.6819608974
71.3395189602
69.9047350885
72.1368569954
72.2328370083
71.4988524858
69.2420372344
70.6456471556
72.0129433349
71.2587348516
72.1695952303
68.4517384785
70.2094353157
71.0356008751
71.1382849634
71.3951627861
71.5024279926
70.5925732253
69.6079680171
71.7415400155
68.5009016981
72.034172907
71.2626455622
70.5523487728
72.3982042017
72.034172907
70.8515740052
72.3946286948
71.9493663531
72.2032273419
72.2073615217
72.2211048763
72.0722744023
72.0740621557
71.6946114877
72.2316079278
71.703773724
69.8262974062
69.9972513291
66.2639752039
71.7120420837
71.8426598196
71.383207185
72.1832268503
71.5393004074
71.7715966203
72.5289336721
72.7465926537
72.512620422
72.2263564021
71.5812008787
70.5429630672
71.5118136982
70.5691089613
69.0710833115
70.5241916561
69.7763520444
72.299430824
72.4963071718
72.8242481938
71.301417465
71.4682372081
72.4262495838
72.0469106503
72.6795518996
70.9592861501
71.5410881608
70.1057456161
71.6650018213
69.9556860616
71.4827627048
71.478069852
71.1600732085
70.1528976131
70.2411679393
72.2794303324
71.2368348719
71.9843392798
69.7668546042
71.8101450538
72.5437943726
71.6477946944
72.5757504654
72.2202109996
72.4606638375
72.0947330549
71.1810793114
71.2876741104
71.3144904121
71.4293535707
72.5825662754
71.5355014313
71.4423147832
71.4674550659
72.5602193573
72.3673654548
71.9871326446
72.0045632407
72.0732800136
71.9607632813
72.1205437452
71.7753955963
71.7993067986
72.2587594332
72.1993166312
72.642902954
70.3348015258
70.9559341123
72.7836885376
68.7012418182
67.3747287643
73.0981096742
72.3861368659
72.1247896596
72.6580988583
71.7235507465
72.4078133764
72.7415645971
72.8795568159
72.7826829263
69.3524310095
71.7420986885
73.0032470072
72.5917285118
72.5850244364
70.9700126707
72.7564252976
71.9304832074
72.6898314819
73.2962151025
72.939223087
72.7301676689
72.8498354149
73.3957706223
72.7774314005
71.0734789012
72.8886073177
72.8537461256
72.8594445897
73.2419120917
72.7001110642
72.7287151193
72.1050126372
73.3896252198
73.224928434
72.867266011
72.3449068022
73.2350962817
73.0955397786
72.6263662347
69.617800661
69.8355713772
71.430917855
73.0776622442
72.6617860998
72.8931884359
71.807910362
71.9426622777
72.951513892
73.2217998655
72.7930742432
73.032744939
73.2096207951
73.0178842385
73.0529688998
73.0803438744
73.26280646
73.1588932912
73.3226962004
73.265264621
72.1917186791
72.9384409449
73.4216930472
72.7708390597
71.7731609045
70.0399339425
72.2655752432
72.6903901548
71.5067856417
72.7588834586
73.314874779
71.5599713066
72.204568157
73.665721392
73.1514070737
73.3948767456
73.2569962614
72.9536368492
73.74259479
73.4640404569
72.163673297
72.9834699847
73.1222443457
73.0847015234
73.5728699476
72.3683710661
73.335880882
72.4674796475
72.002552018
71.9075776164
72.1322758772
72.7134074804
72.4830107556
73.1308479091
73.3818037985
72.6667024217
73.1895085689
72.6966472919
71.7810940604
72.5312800985
72.7450283694
71.7257854383
70.0887619584
71.9647857266
72.422115404
72.7868171061
72.6094943116
73.0591143023
73.4376710936
73.8707543649
70.8773846955
63.3516131123
72.7196646175
73.1568820686
71.8130501532
71.8842250871
71.310132763
72.1254600672
72.5493811021
72.5360846859
72.3507170009
72.3891536999
72.5852479055
73.8301947087
72.5966448337
72.7003345334
72.4744071921
72.4212215272
65.2007088442
69.1348837625
73.3832563482
74.0040537309
73.4972256301
73.7694110917
72.9784419282
72.1531702455
73.2642590097
73.0002301733
72.6097177808
72.5506101826
73.1834749011
73.4923093082
73.3747645194
73.2403478074
73.139339738
74.130537287
71.5461162174
70.229547542
71.9842275453
71.1050997902
71.8029940401
72.6049131934
73.2202355812
73.5107455155
71.787462932
71.3067807253
72.353398631
72.9815704967
73.0183311769
72.1490360657
72.5361964205
72.7346370525
72.4628985293
72.3319455897
73.1879442847
73.3852675708
68.0572036408
72.7355309293
72.4129531676
71.4844387236
72.774861505
72.4742954575
71.916963322
72.1731707372
68.7283933236
71.5699156851
71.163201777
71.4804162784
71.726679315
72.1559636103
70.9872197976
72.8992221038
72.2922798102
72.290715526
72.1291473086
68.106478595
71.4685724118
71.9473551305
71.2188456029
67.179081497
70.1061925545
71.1995155188
71.6469008177
72.0717157293
72.6383218358
72.9411225751
73.7304157197
73.2826952171
71.6204197198
71.5986314747
70.1598251577
72.0470223849
73.3980053141
68.5870490671
72.3803266672
72.6289361303
71.982663261
72.2500441352
71.5038805423
72.9497261385
73.2215763963
73.0586673639
73.3771109457
73.2561023846
73.6571178286
73.1136407822
71.4976234053
67.7625595266
73.4873929862
73.4325313024
73.1193392463
73.3772226803
73.5679536257
