52.6368245923
52.6367128577
52.6028572769
52.5923542255
52.591125145
52.2829611454
50.2310671324
50.6765529432
50.4368822474
50.6244846242
50.4657097716
50.273973215
50.2346426393
50.2679395471
50.4312955179
50.1743059606
50.3586680343
50.3828027058
50.1279361057
49.9425684207
50.1669314776
50.3472711061
50.1708421883
50.1978819591
50.1709539229
50.2059268496
50.1079356141
50.1231315183
50.0251402828
50.2484977284
50.2588890453
50.2051447075
49.9538536143
50.192183495
49.9948602089
49.9979887774
50.0424591442
50.3367680546
50.4660449754
50.2261508104
50.155646284
50.3150915441
50.1908426799
50.1416794603
50.4088368653
50.2166533703
50.096762155
50.2053681766
50.2850349394
50.2163181665
50.1242488642
50.1434672137
50.0529621957
50.2800068829
50.2024630773
50.4149822677
50.0059219333
50.4064904389
50.0414535329
50.1343049773
50.2248099953
50.12950039
50.5010179021
50.1141927511
50.1435789483
50.0464815895
50.1088294908
50.0329617041
49.9355291415
50.1515121042
50.2174355124
49.6155212754
50.131399878
50.1201146844
50.2449222216
49.9039082525
50.2888339155
50.1367631383
50.1011198041
50.3336394861
50.0025698956
50.3258180648
49.9340765918
50.067599427
49.8792149081
50.0055867295
50.1527411847
50.3401200923
50.3014599242
50.1086060216
49.9582112633
50.0900580796
49.9448031125
50.0460346511
50.4289490915
50.2984430902
50.3920766767
50.1651437242
50.0529621957
50.1402269106
50.1243605988
50.1223493762
50.1988875704
49.8372027022
50.0689402421
50.1353105886
50.0417887367
49.9061429443
50.2373242694
50.0871529803
50.2850349394
50.1118463247
49.9248026208
50.0344142538
50.205815115
50.0853652269
50.2185528583
50.0611188208
50.3382206043
50.2406763071
50.2103962332
50.0279336475
50.4329715367
50.1861498271
50.1257014139
50.3286114296
50.1394447685
50.2269329525
50.2548666001
50.4366587782
50.1992227742
49.9879326643
49.9671500305
50.1181034618
50.2537492542
50.2241395878
50.0032403031
50.0974325626
50.2965436022
50.10905296
50.1201146844
49.9949719434
50.235536516
50.2604533296
50.0775438055
50.2726323999
50.3106221605
50.2820181055
49.4951831218
49.7874808096
50.1137458127
50.1164274429
50.2527436429
50.1258131485
50.0727392182
50.1322937547
49.9954188818
49.9196628297
50.2836941243
50.1964294094
50.0220117143
50.0998907236
50.2391120229
50.0950861362
50.344030803
50.0978795009
50.2562074152
50.0874881841
49.8658067573
49.9963127585
50.2927446261
50.2083850106
49.9656974808
50.2451456907
50.3636960909
50.0519565844
50.1912896183
50.2415701838
50.1868202347
50.1919600258
50.1176565234
50.3244772497
49.9583229979
49.9970949007
50.2530788466
50.4414633656
50.0349729267
50.2260390758
50.4793413916
50.0436882247
50.1012315387
50.072515749
50.0963152167
50.1008963349
50.1430202754
50.0105030515
49.9592168746
50.1738590222
50.090505018
50.1427968062
50.0379897606
50.0814545162
50.1632442362
50.0862591036
50.2984430902
50.2814594325
50.1840268699
50.0480458738
50.380568014
50.1463723131
50.3100634876
50.1210085611
50.2135248017
50.3029124738
50.2563191497
50.0263693633
50.2201171425
49.9335179189
50.284588001
50.1339697736
50.2027982811
50.3163206246
50.0453642436
50.2128543942
49.999441327
50.1500595545
50.3283879604
50.0320678274
50.1146396895
50.190284007
50.0956448091
49.8668123686
50.2615706755
50.2391120229
50.271515054
50.038995372
50.294420645
50.1993345088
50.3654838443
50.2546431309
50.0393305757
50.0994437852
50.3054823694
50.2996721707
50.0722922798
50.1219024378
50.2044742999
50.0040224452
50.2121839866
50.1144162203
50.368277209
50.2595594529
50.1044718418
50.3223542925
50.1948651252
50.3041415543
50.1026840883
50.1253662101
50.1375452804
50.1045835764
50.1825743203
50.1050305147
50.3224660271
50.2511793586
50.2586655761
50.025363752
50.101678477
50.2184411237
50.2660400591
49.988826541
50.1440258867
50.2057033804
50.2186645929
50.2905099343
50.2509558894
50.1867085001
50.1687192311
49.9989943887
50.203356954
50.3957639182
49.9097184512
50.1852559504
50.1774345291
50.1077121449
50.0985499085
50.2481625247
50.3622435412
50.2745318879
50.0406713908
50.1728534109
50.1007846003
50.2406763071
50.1527411847
50.1302825321
50.2222400998
50.047151997
50.291403811
49.8757511358
50.1629090324
50.1265952906
50.314309402
50.3289466333
50.1901722724
50.1212320303
50.0940805249
50.3073818574
50.2594477183
50.0764264596
50.1194442768
50.1326289585
50.158663118
50.2439166102
50.1721830034
50.0567611718
50.120226419
49.9174281379
50.2635818981
50.1831329932
50.0865943073
49.5329494133
50.0232407947
50.0991085814
49.9928489862
50.0419004713
49.7871456058
49.8325098494
50.0188831457
50.0035755069
50.1098351021
50.1758702449
50.2728558691
50.1594452601
50.1138575473
50.1291651862
50.2775487219
50.091063691
50.2991134978
50.499677087
50.2239161186
50.2493916052
50.0699458534
