58.7178679252
62.397846651
62.9131665806
63.6284914266
64.4383437358
64.8831591391
65.3023873213
65.7869802386
66.0345840903
66.4398454487
64.8748907794
63.2796560362
64.5128707074
66.1219605398
67.5737280693
67.6026673281
67.7703809479
68.0245771404
68.1915086181
67.9985429809
68.2040228922
68.6740903128
68.8724192103
68.6471622766
68.8862742995
68.8948778629
69.0640440324
69.2116454259
69.5045017866
69.1801362715
69.5857328337
69.4175722755
70.1846302367
70.0575880077
70.1125614261
70.3620647658
69.8296494439
70.1132318336
70.4513407033
70.5534661187
69.8730024649
70.4388264293
69.7830561198
70.366645884
70.7324649321
70.5362589918
71.0783952231
70.220273571
70.8936979456
70.828444945
70.8370485085
71.3154960234
71.4397448876
71.4299122437
71.3232057101
70.7636388827
71.03426006
71.6136039098
71.6047768772
71.7397522621
71.8843368217
71.1543747444
71.1921410359
71.8526041981
72.0078035438
72.2214400801
71.9273546389
71.7501435789
72.0089208897
71.455722934
72.0903754059
72.5258051036
72.1274712898
72.3426721104
71.4949417751
72.4199924467
72.3423369066
72.5091566497
72.5687111862
72.9955373205
72.6702779286
72.6323999026
72.6724008858
72.6065892122
72.9920735482
72.437646512
73.1785585791
73.0993387547
72.6140754298
73.489069005
72.7299441997
72.9309547274
73.4804654416
73.2784493027
73.4985664452
73.3182268167
73.2877232736
73.0339740195
73.6180107221
73.2761028763
73.6405811093
73.8836038428
73.4357716056
73.7198009337
73.6335418301
73.622927044
73.9002522967
74.0881898773
73.980589467
74.2017122209
74.299256518
74.2202601628
73.8729890567
74.0534404198
73.9094145331
74.3248437392
74.3455146383
74.5512180188
74.7587091526
74.4430589355
74.2614902266
74.3860742946
74.5941241014
74.6249628482
74.3707666557
74.448645665
74.4972502117
74.8898855614
74.8714493541
75.0874323168
74.9687701821
74.6448516053
74.76351374
75.0853093596
74.9612839645
75.0545823473
