60.5781371162
62.6653392597
63.0803215275
63.2742927759
64.1255986181
64.3178938477
64.3566657504
65.2311006528
65.4017193719
65.6134564202
66.2952608891
66.5668876777
66.7951614453
67.1536060104
66.8149384678
67.4410991108
67.3623262248
67.8201028405
67.6118295645
68.0986571737
68.1354178538
67.978095551
67.8683721835
68.3722951849
68.6942025391
68.9431472059
69.1611413912
68.5655960258
69.2422607036
69.2471770256
69.3860631211
69.4861773139
69.5333293109
69.1067266458
68.3716247774
69.4477406149
69.5773527394
69.6745618328
69.7362393266
69.9594850376
68.9091798905
70.1853006443
70.3897749442
70.3621765004
70.0633982064
70.8311265752
70.7915725303
70.7376047232
70.7693373468
69.7270770902
70.4196080798
70.5019564727
71.0617467692
71.0173881369
70.7419623723
71.0880043979
71.3699107688
71.1206308982
71.3265577478
70.9150392524
71.638632458
71.3889056491
71.297059816
71.1676711606
71.7555068393
71.5940503565
71.6081289149
71.1620844311
72.0228877134
71.8729398935
71.5889105654
71.7467915412
71.5136014517
72.1035600875
71.548686113
71.6674599823
72.2510497465
72.247921178
72.0762968475
