60.3422653965
62.0255469967
64.2424729993
64.6836011611
65.0621579525
64.7516475265
66.0120137031
66.4615219592
66.9170638831
66.9872332057
67.3437782828
67.7026697863
67.9212226446
66.8454420109
67.3457895054
68.0435720208
68.6657102186
68.9270574249
68.9751032986
68.7584499284
69.3507549906
69.5763471281
69.6305384043
69.5487486843
69.912221306
69.9273054757
70.0330063979
70.3001638029
70.3388239711
70.5904502681
70.4011718724
70.8138077137
71.0629758497
70.9268831189
71.3074511329
71.2600756667
71.4340464235
71.5322611282
71.2170578495
71.5502503972
71.3438766093
71.4653321087
71.5813126133
71.529579498
72.0248989361
71.9339469797
72.0086974205
72.1779753245
72.4226740769
72.4920612574
72.3671419856
71.0855462369
71.9766295931
72.4855806511
72.4509429282
72.5878178011
72.7385477632
71.8956220153
72.9118481125
72.6969824957
73.1591167604
72.8174323838
72.6861442404
72.7147482955
73.2092855914
73.2669406399
73.0888357032
72.9364297223
73.4393471124
73.3974466411
73.6113066466
72.9356475802
73.31733294
73.7780146551
73.6500785494
73.6851632107
73.8412564331
73.7180131802
73.7052754369
73.0307337164
73.0195602573
73.5555510862
73.7172310381
74.0782454988
73.9463986824
73.7457233586
74.1893096814
74.2839488792
74.2032765051
74.4552380059
74.3118825267
74.5670843306
74.5570282175
74.5587042363
73.9066211683
73.9118726941
74.4208237521
74.7612790482
74.6151302043
74.9249702227
75.0943598614
74.7333454007
75.0345818556
74.976144665
75.0901139469
73.5492939491
74.5526705684
75.1302266648
74.9812844562
75.0908960891
75.200507722
75.1595011274
75.3260974013
75.1866526328
75.2170444413
75.2799510156
75.5807405322
75.5553767802
75.7706893354
75.747895479
75.8490152831
75.759627611
75.5182808963
75.4570503409
75.7233138692
75.7802985101
75.8042097124
75.8763902576
75.7823097328
75.6719159577
75.899742787
75.1483276684
75.9305815338
76.0647747766
76.1768445705
75.0220675815
75.879295357
76.05974672
76.3413178871
76.3774081598
76.4595330835
76.4866845889
74.7701060808
76.3300326935
75.8496856906
76.3378541148
76.4324933127
76.6904884813
76.7492608757
76.2427679787
76.7957424652
76.9612213932
76.8095975544
76.9049071597
77.1979869896
77.0025631915
76.7893735935
76.9941830972
76.9624504736
77.0082616556
77.1483768316
77.0451340703
77.1353038846
77.2274849214
77.3520689894
77.1525110114
76.7018854095
77.1260299136
77.0084851248
77.4728540813
77.4622392953
77.2610052985
77.2261441063
77.4493898174
77.6831385799
77.7704032948
77.6253717968
77.4627979682
77.5689458288
77.6660431877
77.8324159923
77.6186677214
77.8644838197
77.8447067973
77.480563768
77.8355445609
77.8992332772
77.8577797443
77.8574445405
77.755095656
78.0270576483
77.7742022709
77.2671507009
77.924932233
77.829510893
78.1471723327
78.0190127579
78.2332079671
77.3082690301
77.9812464664
77.9319715121
78.2458339758
78.3497471446
78.0005765505
78.4277378885
78.3317578756
78.3546634666
78.3786864035
78.3219252317
77.8857133918
77.9210215223
77.810962951
78.5420423742
78.6237203596
78.5795851965
78.5061755708
78.2992431099
78.5520984873
78.7966855051
78.6877442797
78.5985800768
78.4764541698
78.9266328334
78.956465969
79.0663010711
78.8356808771
78.686850403
78.3306405297
78.9410465956
78.5280755505
79.0418311959
78.6798111238
79.0482000675
78.8665196239
78.955907296
78.9858521662
79.0059643924
78.8906542954
79.0369148739
79.0839551363
78.981271048
78.8880843998
79.0369148739
78.7299799548
78.5819316229
79.1316658063
78.9388119038
79.021607235
79.2922284123
78.9662986129
79.1162464329
79.3343523528
79.2047402283
79.4753614055
79.2846304602
79.4740205905
79.3415033666
79.3406094898
79.3828451649
79.3323411302
78.4991362916
79.1902147315
79.4204997218
79.501954238
79.3468666269
78.7324381158
79.5809505932
79.7146968976
79.4457517391
79.4616180509
79.519943507
79.7152555705
79.4295502236
78.8998165318
79.7910116226
79.639611253
79.4803894621
79.3856385297
79.7361499389
79.8275488336
79.6144709702
79.4029573911
79.5977107817
79.9186125246
79.8083304841
79.9358196514
79.8573819692
79.9441997457
79.7172667932
79.9412946463
79.9192829321
79.9407359734
79.9248696616
79.8236381229
79.8992824405
79.5884368107
79.8520187088
80.1173883604
79.6164821929
79.9091150844
80.0087823388
80.1328077338
80.1794010579
80.0187267173
80.0988404184
80.263872408
80.30286778
80.1126955076
80.0351517021
79.9728038008
80.1810770768
80.1835352377
80.3240973521
80.3794059742
80.0291180342
80.2899065675
80.1806301384
80.209904601
80.3714728183
80.2145974538
80.4786262903
80.1977255307
80.3470029431
80.3225330679
79.8963773411
80.1164944837
80.1880046213
80.4065574796
80.4186248154
80.1352658948
80.3242090867
80.3985125891
80.4135967588
80.4896880147
80.4455528516
80.4242115449
80.1115781617
80.266330569
80.5449966368
80.4047697262
80.433708985
80.4539329458
80.5814221132
80.5257782873
80.1395118092
80.1996250187
80.8027683362
80.5835450704
80.7344985016
80.7790806031
80.7585214385
80.6013108702
