54.4689366666
60.8317746358
61.7729150884
62.3914777793
62.8161809564
63.1519433997
63.3605518795
63.6569837471
63.8686090608
64.4022534632
64.8176826693
65.0895329271
65.5147947771
65.7296603939
64.9519876466
65.8480990594
66.271573156
66.490461218
66.5330320969
66.7220870234
67.0261168431
67.2165125847
67.574621946
67.5056817039
67.8707186098
67.9865873798
68.1191046037
68.0194373493
68.2793320059
68.3567640769
68.615429653
68.6510729873
68.8173340574
68.9089564213
69.0244899875
69.0409149722
69.1091848068
69.4478523494
69.2833790328
69.3889682204
69.8117719095
69.6614888858
69.7823857123
69.6819363158
69.9166906896
70.2179271446
70.254352621
70.0568058656
70.3857524989
70.3945795316
70.2929010546
70.4660896692
70.7281072831
70.7271016718
70.7202858618
70.5877686379
71.1010773449
70.9273300573
70.9429728999
71.1703527908
71.1964986849
71.1829787995
71.3092388863
71.2939312475
71.2984006311
71.5925978069
71.6824324173
71.6784099721
71.820201167
71.6799742564
71.8719342822
66.8885715627
68.633418922
70.0804935987
70.6186073848
70.9964937686
71.3837658579
71.6341630744
71.8523807289
71.8511516484
71.6703650816
71.8759567274
72.1170799729
72.0141724154
71.6213135965
72.2785364556
72.5100505264
72.4167521436
72.4966423756
72.1697069649
72.5509453864
72.8496119458
72.7262569583
72.9147532118
72.2460216899
72.6325116372
72.8188849335
72.9303960544
73.0391138106
73.1895085689
73.0269347403
73.1073836452
73.1221326111
73.2912987805
73.4089553039
73.1937544834
73.3734237043
73.4752139159
73.4237042698
73.5589031239
72.701787083
73.5648250572
73.4810241146
73.6129826655
73.3956588877
73.6926494283
73.7025938068
73.9352252234
73.8585752946
72.8973226158
73.9614828521
73.9363425693
74.1469622717
73.9374599152
72.4116123525
73.6834871919
74.0243894263
73.44001752
74.014109844
74.0812623327
74.0268475873
73.9812598745
74.1827173405
74.1629403181
74.3610457464
74.4430589355
73.9733267186
74.2778034767
74.2997034564
74.4887583829
74.3449559654
74.5546817911
73.3296237449
73.7779029205
74.3117707921
74.4189242641
74.6202699955
74.3266314926
74.6047388874
74.4410477129
74.3888676593
74.3889793939
74.6169179578
71.1244298743
