47.3230626898
47.3715555019
47.3635106114
47.4935696743
55.991320457
60.6571334714
62.001188856
62.77293967
63.1887040799
63.4603308685
63.7362035715
64.1948740639
64.4458299534
64.8209229724
65.2223853547
65.4650728845
65.5073085595
65.6023946957
66.1712354941
66.289003752
66.4715780723
66.3731398984
67.0949453506
67.0708106791
67.161092228
67.2691395766
67.2786370168
67.4520491006
67.8144043764
67.7758559428
67.7775319617
67.696747853
67.366907343
68.024688875
67.7519447405
68.0979867662
68.1886035187
67.8790987041
68.6117424115
68.4230226888
68.7301810771
68.8393457716
69.1197995928
68.6139771033
68.2778794563
68.8456029087
69.1634878176
69.1520908894
69.217902563
69.0218083573
69.2220367428
69.222260212
69.7061827218
69.5780231469
69.9343447548
69.7728882721
69.7437255441
69.5515420491
69.5440558315
70.0492079135
70.0094303994
70.0031732624
69.7995928392
70.2257485659
69.9751278802
70.3369244831
70.1146843833
70.4694417069
70.5287727743
70.3078734896
70.0962481759
70.5081018751
70.8450933989
70.5502258156
71.0058794741
70.480615166
70.8304561676
70.6993914934
70.6862068118
70.7950363026
70.701961389
70.9844264328
71.1036472405
71.1347094565
70.878055103
70.9951529535
71.4703601653
71.1617492274
71.3018644034
71.2942664512
71.3770617825
71.4773994445
71.5277917446
71.4461137592
71.5085733951
71.8955102807
71.539412142
71.9951775351
71.830815953
71.8271287115
71.6022069816
71.3855536114
71.7720435586
71.9024378253
71.9917137628
72.077525928
72.0762968475
72.0037810985
72.166131458
72.1385330142
72.1408794406
72.0662407344
72.2872517537
72.281441555
72.4115006179
72.0656820615
72.3796562597
72.4186516317
72.8122925927
72.3871424772
72.6525121288
72.3472532286
72.6208912398
72.6358636749
72.9314016657
72.9098368898
72.3053527573
72.4655801595
72.6791049612
73.2043692694
73.1853743891
73.0255939252
72.5547443624
73.088612234
73.1055958917
72.9735256062
73.2471636174
73.0496168621
72.9197812684
73.3068298886
73.492085839
73.3531997435
73.3202380394
73.5208016286
73.5647133226
73.4301848761
73.3073885615
73.5068348049
73.8261722635
73.8513125462
